/usr/sbin/mysqld, Version: 8.0.33 (MySQL Community Server - GPL). started with:
Tcp port: 3306  Unix socket: /var/run/mysqld/mysqld.sock
Time                 Id Command    Argument
# Time: 2023-06-16T19:08:21.021387Z
# User@Host: mysql[mysql] @  [172.18.0.3]  Id:    10
# Query_time: 1.044476  Lock_time: 0.000002 Rows_sent: 1  Rows_examined: 300002
use app;
SET timestamp=1686942499;
SELECT user_id, user_name, office_id, user_icon_id FROM user ORDER BY RAND() LIMIT 1;
# Time: 2023-06-16T19:10:38.322951Z
# User@Host: mysql[mysql] @  [172.18.0.3]  Id:    23
# Query_time: 1.120756  Lock_time: 0.000001 Rows_sent: 0  Rows_examined: 300001
SET timestamp=1686942637;
SELECT user_id FROM user WHERE user_name LIKE '%常務%';
# Time: 2023-06-16T19:10:38.324800Z
# User@Host: mysql[mysql] @  [172.18.0.3]  Id:    24
# Query_time: 1.118370  Lock_time: 0.000001 Rows_sent: 0  Rows_examined: 300001
SET timestamp=1686942637;
SELECT user_id FROM user WHERE user_name LIKE '%常務%';
# Time: 2023-06-16T19:10:38.333236Z
# User@Host: mysql[mysql] @  [172.18.0.3]  Id:    25
# Query_time: 1.115312  Lock_time: 0.000001 Rows_sent: 0  Rows_examined: 300001
SET timestamp=1686942637;
SELECT user_id FROM user WHERE user_name LIKE '%常務%';
# Time: 2023-06-16T19:10:38.334066Z
# User@Host: mysql[mysql] @  [172.18.0.3]  Id:    20
# Query_time: 1.099449  Lock_time: 0.000001 Rows_sent: 0  Rows_examined: 300001
SET timestamp=1686942637;
SELECT user_id FROM user WHERE user_name LIKE '%常務%';
# Time: 2023-06-16T19:10:38.328767Z
# User@Host: mysql[mysql] @  [172.18.0.3]  Id:    10
# Query_time: 1.096515  Lock_time: 0.000002 Rows_sent: 0  Rows_examined: 300001
SET timestamp=1686942637;
SELECT user_id FROM user WHERE user_name LIKE '%常務%';
# Time: 2023-06-16T19:10:38.339895Z
# User@Host: mysql[mysql] @  [172.18.0.3]  Id:    22
# Query_time: 1.105234  Lock_time: 0.000001 Rows_sent: 0  Rows_examined: 300001
SET timestamp=1686942637;
SELECT user_id FROM user WHERE user_name LIKE '%常務%';
# Time: 2023-06-16T19:10:38.342246Z
# User@Host: mysql[mysql] @  [172.18.0.3]  Id:    17
# Query_time: 1.100975  Lock_time: 0.000001 Rows_sent: 0  Rows_examined: 300001
SET timestamp=1686942637;
SELECT user_id FROM user WHERE user_name LIKE '%常務%';
# Time: 2023-06-16T19:10:38.342792Z
# User@Host: mysql[mysql] @  [172.18.0.3]  Id:    19
# Query_time: 1.122752  Lock_time: 0.000001 Rows_sent: 0  Rows_examined: 300001
SET timestamp=1686942637;
SELECT user_id FROM user WHERE user_name LIKE '%常務%';
# Time: 2023-06-16T19:10:38.359846Z
# User@Host: mysql[mysql] @  [172.18.0.3]  Id:    18
# Query_time: 1.111637  Lock_time: 0.000001 Rows_sent: 0  Rows_examined: 300001
SET timestamp=1686942637;
SELECT user_id FROM user WHERE user_name LIKE '%常務%';
# Time: 2023-06-16T19:10:38.406337Z
# User@Host: mysql[mysql] @  [172.18.0.3]  Id:    21
# Query_time: 1.146977  Lock_time: 0.000001 Rows_sent: 0  Rows_examined: 300001
SET timestamp=1686942637;
SELECT user_id FROM user WHERE user_name LIKE '%常務%';
# Time: 2023-06-16T19:10:39.566178Z
# User@Host: mysql[mysql] @  [172.18.0.3]  Id:    24
# Query_time: 1.229933  Lock_time: 0.000002 Rows_sent: 0  Rows_examined: 300001
SET timestamp=1686942638;
SELECT user_id FROM user WHERE user_name LIKE '%常務%';
# Time: 2023-06-16T19:10:40.497617Z
# User@Host: mysql[mysql] @  [172.18.0.3]  Id:    10
# Query_time: 2.131885  Lock_time: 0.000002 Rows_sent: 1  Rows_examined: 300002
SET timestamp=1686942638;
SELECT user_id, user_name, office_id, user_icon_id FROM user ORDER BY RAND() LIMIT 1;
# Time: 2023-06-16T19:10:40.564658Z
# User@Host: mysql[mysql] @  [172.18.0.3]  Id:    20
# Query_time: 1.877939  Lock_time: 0.000005 Rows_sent: 1  Rows_examined: 300002
SET timestamp=1686942638;
SELECT user_id, user_name, office_id, user_icon_id FROM user ORDER BY RAND() LIMIT 1;
# Time: 2023-06-16T19:10:41.026919Z
# User@Host: mysql[mysql] @  [172.18.0.3]  Id:    18
# Query_time: 2.381211  Lock_time: 0.000001 Rows_sent: 1  Rows_examined: 300002
SET timestamp=1686942638;
SELECT user_id, user_name, office_id, user_icon_id FROM user ORDER BY RAND() LIMIT 1;
# Time: 2023-06-16T19:10:41.054824Z
# User@Host: mysql[mysql] @  [172.18.0.3]  Id:    22
# Query_time: 2.196625  Lock_time: 0.000001 Rows_sent: 1  Rows_examined: 300002
SET timestamp=1686942638;
SELECT user_id, user_name, office_id, user_icon_id FROM user ORDER BY RAND() LIMIT 1;
# Time: 2023-06-16T19:10:41.089396Z
# User@Host: mysql[mysql] @  [172.18.0.3]  Id:    17
# Query_time: 2.125616  Lock_time: 0.000002 Rows_sent: 1  Rows_examined: 300002
SET timestamp=1686942638;
SELECT user_id, user_name, office_id, user_icon_id FROM user ORDER BY RAND() LIMIT 1;
# Time: 2023-06-16T19:10:41.148827Z
# User@Host: mysql[mysql] @  [172.18.0.3]  Id:    19
# Query_time: 2.347360  Lock_time: 0.000001 Rows_sent: 1  Rows_examined: 300002
SET timestamp=1686942638;
SELECT user_id, user_name, office_id, user_icon_id FROM user ORDER BY RAND() LIMIT 1;
# Time: 2023-06-16T19:10:41.155068Z
# User@Host: mysql[mysql] @  [172.18.0.3]  Id:    21
# Query_time: 2.301080  Lock_time: 0.000001 Rows_sent: 1  Rows_examined: 300002
SET timestamp=1686942638;
SELECT user_id, user_name, office_id, user_icon_id FROM user ORDER BY RAND() LIMIT 1;
# Time: 2023-06-16T19:10:41.205821Z
# User@Host: mysql[mysql] @  [172.18.0.3]  Id:    25
# Query_time: 2.232672  Lock_time: 0.000001 Rows_sent: 1  Rows_examined: 300002
SET timestamp=1686942638;
SELECT user_id, user_name, office_id, user_icon_id FROM user ORDER BY RAND() LIMIT 1;
# Time: 2023-06-16T19:10:41.376077Z
# User@Host: mysql[mysql] @  [172.18.0.3]  Id:    23
# Query_time: 2.204783  Lock_time: 0.000001 Rows_sent: 1  Rows_examined: 300002
SET timestamp=1686942639;
SELECT user_id, user_name, office_id, user_icon_id FROM user ORDER BY RAND() LIMIT 1;
# Time: 2023-06-16T19:10:41.802180Z
# User@Host: mysql[mysql] @  [172.18.0.3]  Id:    24
# Query_time: 2.215734  Lock_time: 0.000002 Rows_sent: 1  Rows_examined: 300002
SET timestamp=1686942639;
SELECT user_id, user_name, office_id, user_icon_id FROM user ORDER BY RAND() LIMIT 1;
# Time: 2023-06-16T19:10:42.655330Z
# User@Host: mysql[mysql] @  [172.18.0.3]  Id:    10
# Query_time: 2.141144  Lock_time: 0.000001 Rows_sent: 1  Rows_examined: 300002
SET timestamp=1686942640;
SELECT user_id, user_name, office_id, user_icon_id FROM user ORDER BY RAND() LIMIT 1;
# Time: 2023-06-16T19:10:42.761507Z
# User@Host: mysql[mysql] @  [172.18.0.3]  Id:    20
# Query_time: 2.176084  Lock_time: 0.000001 Rows_sent: 1  Rows_examined: 300002
SET timestamp=1686942640;
SELECT user_id, user_name, office_id, user_icon_id FROM user ORDER BY RAND() LIMIT 1;
# Time: 2023-06-16T19:10:43.247696Z
# User@Host: mysql[mysql] @  [172.18.0.3]  Id:    18
# Query_time: 2.182551  Lock_time: 0.000001 Rows_sent: 1  Rows_examined: 300002
SET timestamp=1686942641;
SELECT user_id, user_name, office_id, user_icon_id FROM user ORDER BY RAND() LIMIT 1;
# Time: 2023-06-16T19:10:43.269371Z
# User@Host: mysql[mysql] @  [172.18.0.3]  Id:    17
# Query_time: 2.098285  Lock_time: 0.000001 Rows_sent: 1  Rows_examined: 300002
SET timestamp=1686942641;
SELECT user_id, user_name, office_id, user_icon_id FROM user ORDER BY RAND() LIMIT 1;
# Time: 2023-06-16T19:10:43.282190Z
# User@Host: mysql[mysql] @  [172.18.0.3]  Id:    22
# Query_time: 2.211372  Lock_time: 0.000001 Rows_sent: 1  Rows_examined: 300002
SET timestamp=1686942641;
SELECT user_id, user_name, office_id, user_icon_id FROM user ORDER BY RAND() LIMIT 1;
# Time: 2023-06-16T19:10:43.334310Z
# User@Host: mysql[mysql] @  [172.18.0.3]  Id:    21
# Query_time: 2.170771  Lock_time: 0.000002 Rows_sent: 1  Rows_examined: 300002
SET timestamp=1686942641;
SELECT user_id, user_name, office_id, user_icon_id FROM user ORDER BY RAND() LIMIT 1;
# Time: 2023-06-16T19:10:43.373831Z
# User@Host: mysql[mysql] @  [172.18.0.3]  Id:    19
# Query_time: 2.206097  Lock_time: 0.000001 Rows_sent: 1  Rows_examined: 300002
SET timestamp=1686942641;
SELECT user_id, user_name, office_id, user_icon_id FROM user ORDER BY RAND() LIMIT 1;
# Time: 2023-06-16T19:10:43.405623Z
# User@Host: mysql[mysql] @  [172.18.0.3]  Id:    25
# Query_time: 2.136139  Lock_time: 0.000001 Rows_sent: 1  Rows_examined: 300002
SET timestamp=1686942641;
SELECT user_id, user_name, office_id, user_icon_id FROM user ORDER BY RAND() LIMIT 1;
# Time: 2023-06-16T19:10:43.586390Z
# User@Host: mysql[mysql] @  [172.18.0.3]  Id:    23
# Query_time: 2.208070  Lock_time: 0.000001 Rows_sent: 1  Rows_examined: 300002
SET timestamp=1686942641;
SELECT user_id, user_name, office_id, user_icon_id FROM user ORDER BY RAND() LIMIT 1;
# Time: 2023-06-16T19:10:44.127547Z
# User@Host: mysql[mysql] @  [172.18.0.3]  Id:    24
# Query_time: 2.274751  Lock_time: 0.000002 Rows_sent: 1  Rows_examined: 300002
SET timestamp=1686942641;
SELECT user_id, user_name, office_id, user_icon_id FROM user ORDER BY RAND() LIMIT 1;
# Time: 2023-06-16T19:10:45.060134Z
# User@Host: mysql[mysql] @  [172.18.0.3]  Id:    10
# Query_time: 2.229944  Lock_time: 0.000001 Rows_sent: 1  Rows_examined: 300002
SET timestamp=1686942642;
SELECT user_id, user_name, office_id, user_icon_id FROM user ORDER BY RAND() LIMIT 1;
# Time: 2023-06-16T19:10:45.062053Z
# User@Host: mysql[mysql] @  [172.18.0.3]  Id:    20
# Query_time: 2.235866  Lock_time: 0.000001 Rows_sent: 1  Rows_examined: 300002
SET timestamp=1686942642;
SELECT user_id, user_name, office_id, user_icon_id FROM user ORDER BY RAND() LIMIT 1;
# Time: 2023-06-16T19:10:45.387749Z
# User@Host: mysql[mysql] @  [172.18.0.3]  Id:    17
# Query_time: 1.943624  Lock_time: 0.000001 Rows_sent: 1  Rows_examined: 300002
SET timestamp=1686942643;
SELECT user_id, user_name, office_id, user_icon_id FROM user ORDER BY RAND() LIMIT 1;
# Time: 2023-06-16T19:10:45.593969Z
# User@Host: mysql[mysql] @  [172.18.0.3]  Id:    19
# Query_time: 2.165121  Lock_time: 0.000001 Rows_sent: 1  Rows_examined: 300002
SET timestamp=1686942643;
SELECT user_id, user_name, office_id, user_icon_id FROM user ORDER BY RAND() LIMIT 1;
# Time: 2023-06-16T19:10:45.654481Z
# User@Host: mysql[mysql] @  [172.18.0.3]  Id:    22
# Query_time: 2.365872  Lock_time: 0.000002 Rows_sent: 1  Rows_examined: 300002
SET timestamp=1686942643;
SELECT user_id, user_name, office_id, user_icon_id FROM user ORDER BY RAND() LIMIT 1;
# Time: 2023-06-16T19:10:45.782183Z
# User@Host: mysql[mysql] @  [172.18.0.3]  Id:    21
# Query_time: 2.361843  Lock_time: 0.000001 Rows_sent: 1  Rows_examined: 300002
SET timestamp=1686942643;
SELECT user_id, user_name, office_id, user_icon_id FROM user ORDER BY RAND() LIMIT 1;
# Time: 2023-06-16T19:10:45.807835Z
# User@Host: mysql[mysql] @  [172.18.0.3]  Id:    18
# Query_time: 2.435774  Lock_time: 0.000002 Rows_sent: 1  Rows_examined: 300002
SET timestamp=1686942643;
SELECT user_id, user_name, office_id, user_icon_id FROM user ORDER BY RAND() LIMIT 1;
# Time: 2023-06-16T19:10:45.814588Z
# User@Host: mysql[mysql] @  [172.18.0.3]  Id:    25
# Query_time: 2.363155  Lock_time: 0.000001 Rows_sent: 1  Rows_examined: 300002
SET timestamp=1686942643;
SELECT user_id, user_name, office_id, user_icon_id FROM user ORDER BY RAND() LIMIT 1;
# Time: 2023-06-16T19:10:45.986180Z
# User@Host: mysql[mysql] @  [172.18.0.3]  Id:    23
# Query_time: 2.347295  Lock_time: 0.000001 Rows_sent: 1  Rows_examined: 300002
SET timestamp=1686942643;
SELECT user_id, user_name, office_id, user_icon_id FROM user ORDER BY RAND() LIMIT 1;
# Time: 2023-06-16T19:10:46.452250Z
# User@Host: mysql[mysql] @  [172.18.0.3]  Id:    24
# Query_time: 2.323480  Lock_time: 0.000001 Rows_sent: 1  Rows_examined: 300002
SET timestamp=1686942644;
SELECT user_id, user_name, office_id, user_icon_id FROM user ORDER BY RAND() LIMIT 1;
# Time: 2023-06-16T19:10:47.311121Z
# User@Host: mysql[mysql] @  [172.18.0.3]  Id:    10
# Query_time: 2.240822  Lock_time: 0.000001 Rows_sent: 1  Rows_examined: 300002
SET timestamp=1686942645;
SELECT user_id, user_name, office_id, user_icon_id FROM user ORDER BY RAND() LIMIT 1;
# Time: 2023-06-16T19:10:47.383103Z
# User@Host: mysql[mysql] @  [172.18.0.3]  Id:    20
# Query_time: 2.311276  Lock_time: 0.000001 Rows_sent: 1  Rows_examined: 300002
SET timestamp=1686942645;
SELECT user_id, user_name, office_id, user_icon_id FROM user ORDER BY RAND() LIMIT 1;
# Time: 2023-06-16T19:10:47.693792Z
# User@Host: mysql[mysql] @  [172.18.0.3]  Id:    22
# Query_time: 2.003995  Lock_time: 0.000001 Rows_sent: 1  Rows_examined: 300002
SET timestamp=1686942645;
SELECT user_id, user_name, office_id, user_icon_id FROM user ORDER BY RAND() LIMIT 1;
# Time: 2023-06-16T19:10:47.851295Z
# User@Host: mysql[mysql] @  [172.18.0.3]  Id:    17
# Query_time: 2.387019  Lock_time: 0.000001 Rows_sent: 1  Rows_examined: 300002
SET timestamp=1686942645;
SELECT user_id, user_name, office_id, user_icon_id FROM user ORDER BY RAND() LIMIT 1;
# Time: 2023-06-16T19:10:47.867579Z
# User@Host: mysql[mysql] @  [172.18.0.3]  Id:    19
# Query_time: 2.173729  Lock_time: 0.000001 Rows_sent: 1  Rows_examined: 300002
SET timestamp=1686942645;
SELECT user_id, user_name, office_id, user_icon_id FROM user ORDER BY RAND() LIMIT 1;
# Time: 2023-06-16T19:10:48.086223Z
# User@Host: mysql[mysql] @  [172.18.0.3]  Id:    23
# Query_time: 2.095919  Lock_time: 0.000001 Rows_sent: 1  Rows_examined: 300002
SET timestamp=1686942645;
SELECT user_id, user_name, office_id, user_icon_id FROM user ORDER BY RAND() LIMIT 1;
# Time: 2023-06-16T19:10:48.098190Z
# User@Host: mysql[mysql] @  [172.18.0.3]  Id:    21
# Query_time: 2.295992  Lock_time: 0.000002 Rows_sent: 1  Rows_examined: 300002
SET timestamp=1686942645;
SELECT user_id, user_name, office_id, user_icon_id FROM user ORDER BY RAND() LIMIT 1;
# Time: 2023-06-16T19:10:48.140322Z
# User@Host: mysql[mysql] @  [172.18.0.3]  Id:    25
# Query_time: 2.289708  Lock_time: 0.000001 Rows_sent: 1  Rows_examined: 300002
SET timestamp=1686942645;
SELECT user_id, user_name, office_id, user_icon_id FROM user ORDER BY RAND() LIMIT 1;
# Time: 2023-06-16T19:10:48.150185Z
# User@Host: mysql[mysql] @  [172.18.0.3]  Id:    18
# Query_time: 2.312947  Lock_time: 0.000001 Rows_sent: 1  Rows_examined: 300002
SET timestamp=1686942645;
SELECT user_id, user_name, office_id, user_icon_id FROM user ORDER BY RAND() LIMIT 1;
# Time: 2023-06-16T19:10:48.751408Z
# User@Host: mysql[mysql] @  [172.18.0.3]  Id:    24
# Query_time: 2.298426  Lock_time: 0.000002 Rows_sent: 1  Rows_examined: 300002
SET timestamp=1686942646;
SELECT user_id, user_name, office_id, user_icon_id FROM user ORDER BY RAND() LIMIT 1;
# Time: 2023-06-16T19:10:49.528486Z
# User@Host: mysql[mysql] @  [172.18.0.3]  Id:    10
# Query_time: 2.210300  Lock_time: 0.000001 Rows_sent: 1  Rows_examined: 300002
SET timestamp=1686942647;
SELECT user_id, user_name, office_id, user_icon_id FROM user ORDER BY RAND() LIMIT 1;
# Time: 2023-06-16T19:10:49.570199Z
# User@Host: mysql[mysql] @  [172.18.0.3]  Id:    20
# Query_time: 2.186326  Lock_time: 0.000001 Rows_sent: 1  Rows_examined: 300002
SET timestamp=1686942647;
SELECT user_id, user_name, office_id, user_icon_id FROM user ORDER BY RAND() LIMIT 1;
# Time: 2023-06-16T19:10:49.882215Z
# User@Host: mysql[mysql] @  [172.18.0.3]  Id:    22
# Query_time: 2.186701  Lock_time: 0.000001 Rows_sent: 1  Rows_examined: 300002
SET timestamp=1686942647;
SELECT user_id, user_name, office_id, user_icon_id FROM user ORDER BY RAND() LIMIT 1;
# Time: 2023-06-16T19:10:50.098199Z
# User@Host: mysql[mysql] @  [172.18.0.3]  Id:    17
# Query_time: 2.237744  Lock_time: 0.000002 Rows_sent: 1  Rows_examined: 300002
SET timestamp=1686942647;
SELECT user_id, user_name, office_id, user_icon_id FROM user ORDER BY RAND() LIMIT 1;
# Time: 2023-06-16T19:10:50.118367Z
# User@Host: mysql[mysql] @  [172.18.0.3]  Id:    19
# Query_time: 2.150325  Lock_time: 0.000001 Rows_sent: 1  Rows_examined: 300002
SET timestamp=1686942647;
SELECT user_id, user_name, office_id, user_icon_id FROM user ORDER BY RAND() LIMIT 1;
# Time: 2023-06-16T19:10:50.266194Z
# User@Host: mysql[mysql] @  [172.18.0.3]  Id:    23
# Query_time: 2.175292  Lock_time: 0.000002 Rows_sent: 1  Rows_examined: 300002
SET timestamp=1686942648;
SELECT user_id, user_name, office_id, user_icon_id FROM user ORDER BY RAND() LIMIT 1;
# Time: 2023-06-16T19:10:50.298193Z
# User@Host: mysql[mysql] @  [172.18.0.3]  Id:    21
# Query_time: 2.175982  Lock_time: 0.000003 Rows_sent: 1  Rows_examined: 300002
SET timestamp=1686942648;
SELECT user_id, user_name, office_id, user_icon_id FROM user ORDER BY RAND() LIMIT 1;
# Time: 2023-06-16T19:10:50.316091Z
# User@Host: mysql[mysql] @  [172.18.0.3]  Id:    25
# Query_time: 2.152575  Lock_time: 0.000001 Rows_sent: 1  Rows_examined: 300002
SET timestamp=1686942648;
SELECT user_id, user_name, office_id, user_icon_id FROM user ORDER BY RAND() LIMIT 1;
# Time: 2023-06-16T19:10:50.326997Z
# User@Host: mysql[mysql] @  [172.18.0.3]  Id:    18
# Query_time: 2.168812  Lock_time: 0.000001 Rows_sent: 1  Rows_examined: 300002
SET timestamp=1686942648;
SELECT user_id, user_name, office_id, user_icon_id FROM user ORDER BY RAND() LIMIT 1;
# Time: 2023-06-16T19:10:50.954217Z
# User@Host: mysql[mysql] @  [172.18.0.3]  Id:    24
# Query_time: 2.188025  Lock_time: 0.000001 Rows_sent: 1  Rows_examined: 300002
SET timestamp=1686942648;
SELECT user_id, user_name, office_id, user_icon_id FROM user ORDER BY RAND() LIMIT 1;
# Time: 2023-06-16T19:10:51.832810Z
# User@Host: mysql[mysql] @  [172.18.0.3]  Id:    10
# Query_time: 2.291190  Lock_time: 0.000002 Rows_sent: 1  Rows_examined: 300002
SET timestamp=1686942649;
SELECT user_id, user_name, office_id, user_icon_id FROM user ORDER BY RAND() LIMIT 1;
# Time: 2023-06-16T19:10:51.871062Z
# User@Host: mysql[mysql] @  [172.18.0.3]  Id:    20
# Query_time: 2.295644  Lock_time: 0.000001 Rows_sent: 1  Rows_examined: 300002
SET timestamp=1686942649;
SELECT user_id, user_name, office_id, user_icon_id FROM user ORDER BY RAND() LIMIT 1;
# Time: 2023-06-16T19:10:52.138211Z
# User@Host: mysql[mysql] @  [172.18.0.3]  Id:    22
# Query_time: 2.243108  Lock_time: 0.000002 Rows_sent: 1  Rows_examined: 300002
SET timestamp=1686942649;
SELECT user_id, user_name, office_id, user_icon_id FROM user ORDER BY RAND() LIMIT 1;
# Time: 2023-06-16T19:10:52.306185Z
# User@Host: mysql[mysql] @  [172.18.0.3]  Id:    19
# Query_time: 2.159971  Lock_time: 0.000003 Rows_sent: 1  Rows_examined: 300002
SET timestamp=1686942650;
SELECT user_id, user_name, office_id, user_icon_id FROM user ORDER BY RAND() LIMIT 1;
# Time: 2023-06-16T19:10:52.382196Z
# User@Host: mysql[mysql] @  [172.18.0.3]  Id:    17
# Query_time: 2.283166  Lock_time: 0.000002 Rows_sent: 1  Rows_examined: 300002
SET timestamp=1686942650;
SELECT user_id, user_name, office_id, user_icon_id FROM user ORDER BY RAND() LIMIT 1;
# Time: 2023-06-16T19:10:52.452214Z
# User@Host: mysql[mysql] @  [172.18.0.3]  Id:    23
# Query_time: 2.181986  Lock_time: 0.000003 Rows_sent: 1  Rows_examined: 300002
SET timestamp=1686942650;
SELECT user_id, user_name, office_id, user_icon_id FROM user ORDER BY RAND() LIMIT 1;
# Time: 2023-06-16T19:10:52.534196Z
# User@Host: mysql[mysql] @  [172.18.0.3]  Id:    21
# Query_time: 2.233080  Lock_time: 0.000002 Rows_sent: 1  Rows_examined: 300002
SET timestamp=1686942650;
SELECT user_id, user_name, office_id, user_icon_id FROM user ORDER BY RAND() LIMIT 1;
# Time: 2023-06-16T19:10:52.562619Z
# User@Host: mysql[mysql] @  [172.18.0.3]  Id:    18
# Query_time: 2.229275  Lock_time: 0.000001 Rows_sent: 1  Rows_examined: 300002
SET timestamp=1686942650;
SELECT user_id, user_name, office_id, user_icon_id FROM user ORDER BY RAND() LIMIT 1;
# Time: 2023-06-16T19:10:52.626181Z
# User@Host: mysql[mysql] @  [172.18.0.3]  Id:    25
# Query_time: 2.283964  Lock_time: 0.000001 Rows_sent: 1  Rows_examined: 300002
SET timestamp=1686942650;
SELECT user_id, user_name, office_id, user_icon_id FROM user ORDER BY RAND() LIMIT 1;
# Time: 2023-06-16T19:10:53.130198Z
# User@Host: mysql[mysql] @  [172.18.0.3]  Id:    24
# Query_time: 2.167833  Lock_time: 0.000004 Rows_sent: 1  Rows_examined: 300002
SET timestamp=1686942650;
SELECT user_id, user_name, office_id, user_icon_id FROM user ORDER BY RAND() LIMIT 1;
# Time: 2023-06-16T19:10:54.045884Z
# User@Host: mysql[mysql] @  [172.18.0.3]  Id:    10
# Query_time: 2.195055  Lock_time: 0.000001 Rows_sent: 1  Rows_examined: 300002
SET timestamp=1686942651;
SELECT user_id, user_name, office_id, user_icon_id FROM user ORDER BY RAND() LIMIT 1;
# Time: 2023-06-16T19:10:54.066194Z
# User@Host: mysql[mysql] @  [172.18.0.3]  Id:    20
# Query_time: 2.193626  Lock_time: 0.000001 Rows_sent: 1  Rows_examined: 300002
SET timestamp=1686942651;
SELECT user_id, user_name, office_id, user_icon_id FROM user ORDER BY RAND() LIMIT 1;
# Time: 2023-06-16T19:10:54.342193Z
# User@Host: mysql[mysql] @  [172.18.0.3]  Id:    22
# Query_time: 2.203137  Lock_time: 0.000001 Rows_sent: 1  Rows_examined: 300002
SET timestamp=1686942652;
SELECT user_id, user_name, office_id, user_icon_id FROM user ORDER BY RAND() LIMIT 1;
# Time: 2023-06-16T19:10:54.459670Z
# User@Host: mysql[mysql] @  [172.18.0.3]  Id:    19
# Query_time: 2.143925  Lock_time: 0.000001 Rows_sent: 1  Rows_examined: 300002
SET timestamp=1686942652;
SELECT user_id, user_name, office_id, user_icon_id FROM user ORDER BY RAND() LIMIT 1;
# Time: 2023-06-16T19:10:54.559749Z
# User@Host: mysql[mysql] @  [172.18.0.3]  Id:    17
# Query_time: 2.171491  Lock_time: 0.000001 Rows_sent: 1  Rows_examined: 300002
SET timestamp=1686942652;
SELECT user_id, user_name, office_id, user_icon_id FROM user ORDER BY RAND() LIMIT 1;
# Time: 2023-06-16T19:10:54.602180Z
# User@Host: mysql[mysql] @  [172.18.0.3]  Id:    23
# Query_time: 2.131982  Lock_time: 0.000003 Rows_sent: 1  Rows_examined: 300002
SET timestamp=1686942652;
SELECT user_id, user_name, office_id, user_icon_id FROM user ORDER BY RAND() LIMIT 1;
# Time: 2023-06-16T19:10:54.681126Z
# User@Host: mysql[mysql] @  [172.18.0.3]  Id:    21
# Query_time: 2.146289  Lock_time: 0.000002 Rows_sent: 1  Rows_examined: 300002
SET timestamp=1686942652;
SELECT user_id, user_name, office_id, user_icon_id FROM user ORDER BY RAND() LIMIT 1;
# Time: 2023-06-16T19:10:54.702183Z
# User@Host: mysql[mysql] @  [172.18.0.3]  Id:    18
# Query_time: 2.126952  Lock_time: 0.000001 Rows_sent: 1  Rows_examined: 300002
SET timestamp=1686942652;
SELECT user_id, user_name, office_id, user_icon_id FROM user ORDER BY RAND() LIMIT 1;
# Time: 2023-06-16T19:10:54.778847Z
# User@Host: mysql[mysql] @  [172.18.0.3]  Id:    25
# Query_time: 2.152130  Lock_time: 0.000002 Rows_sent: 1  Rows_examined: 300002
SET timestamp=1686942652;
SELECT user_id, user_name, office_id, user_icon_id FROM user ORDER BY RAND() LIMIT 1;
# Time: 2023-06-16T19:10:55.274200Z
# User@Host: mysql[mysql] @  [172.18.0.3]  Id:    24
# Query_time: 2.131496  Lock_time: 0.000003 Rows_sent: 1  Rows_examined: 300002
SET timestamp=1686942653;
SELECT user_id, user_name, office_id, user_icon_id FROM user ORDER BY RAND() LIMIT 1;
# Time: 2023-06-16T19:10:56.201993Z
# User@Host: mysql[mysql] @  [172.18.0.3]  Id:    10
# Query_time: 2.147549  Lock_time: 0.000002 Rows_sent: 1  Rows_examined: 300002
SET timestamp=1686942654;
SELECT user_id, user_name, office_id, user_icon_id FROM user ORDER BY RAND() LIMIT 1;
# Time: 2023-06-16T19:10:56.214115Z
# User@Host: mysql[mysql] @  [172.18.0.3]  Id:    20
# Query_time: 2.145315  Lock_time: 0.000001 Rows_sent: 1  Rows_examined: 300002
SET timestamp=1686942654;
SELECT user_id, user_name, office_id, user_icon_id FROM user ORDER BY RAND() LIMIT 1;
# Time: 2023-06-16T19:10:56.502198Z
# User@Host: mysql[mysql] @  [172.18.0.3]  Id:    22
# Query_time: 2.159492  Lock_time: 0.000001 Rows_sent: 1  Rows_examined: 300002
SET timestamp=1686942654;
SELECT user_id, user_name, office_id, user_icon_id FROM user ORDER BY RAND() LIMIT 1;
# Time: 2023-06-16T19:10:56.598911Z
# User@Host: mysql[mysql] @  [172.18.0.3]  Id:    19
# Query_time: 2.122811  Lock_time: 0.000001 Rows_sent: 1  Rows_examined: 300002
SET timestamp=1686942654;
SELECT user_id, user_name, office_id, user_icon_id FROM user ORDER BY RAND() LIMIT 1;
# Time: 2023-06-16T19:10:56.720900Z
# User@Host: mysql[mysql] @  [172.18.0.3]  Id:    17
# Query_time: 2.158764  Lock_time: 0.000001 Rows_sent: 1  Rows_examined: 300002
SET timestamp=1686942654;
SELECT user_id, user_name, office_id, user_icon_id FROM user ORDER BY RAND() LIMIT 1;
# Time: 2023-06-16T19:10:56.737529Z
# User@Host: mysql[mysql] @  [172.18.0.3]  Id:    23
# Query_time: 2.125473  Lock_time: 0.000002 Rows_sent: 1  Rows_examined: 300002
SET timestamp=1686942654;
SELECT user_id, user_name, office_id, user_icon_id FROM user ORDER BY RAND() LIMIT 1;
# Time: 2023-06-16T19:10:56.826919Z
# User@Host: mysql[mysql] @  [172.18.0.3]  Id:    18
# Query_time: 2.123212  Lock_time: 0.000001 Rows_sent: 1  Rows_examined: 300002
SET timestamp=1686942654;
SELECT user_id, user_name, office_id, user_icon_id FROM user ORDER BY RAND() LIMIT 1;
# Time: 2023-06-16T19:10:56.838036Z
# User@Host: mysql[mysql] @  [172.18.0.3]  Id:    21
# Query_time: 2.135084  Lock_time: 0.000002 Rows_sent: 1  Rows_examined: 300002
SET timestamp=1686942654;
SELECT user_id, user_name, office_id, user_icon_id FROM user ORDER BY RAND() LIMIT 1;
# Time: 2023-06-16T19:10:56.897082Z
# User@Host: mysql[mysql] @  [172.18.0.3]  Id:    25
# Query_time: 2.118094  Lock_time: 0.000002 Rows_sent: 1  Rows_examined: 300002
SET timestamp=1686942654;
SELECT user_id, user_name, office_id, user_icon_id FROM user ORDER BY RAND() LIMIT 1;
# Time: 2023-06-16T19:10:57.414732Z
# User@Host: mysql[mysql] @  [172.18.0.3]  Id:    24
# Query_time: 2.136525  Lock_time: 0.000002 Rows_sent: 1  Rows_examined: 300002
SET timestamp=1686942655;
SELECT user_id, user_name, office_id, user_icon_id FROM user ORDER BY RAND() LIMIT 1;
# Time: 2023-06-16T19:10:58.337983Z
# User@Host: mysql[mysql] @  [172.18.0.3]  Id:    20
# Query_time: 2.118891  Lock_time: 0.000002 Rows_sent: 1  Rows_examined: 300002
SET timestamp=1686942656;
SELECT user_id, user_name, office_id, user_icon_id FROM user ORDER BY RAND() LIMIT 1;
# Time: 2023-06-16T19:10:58.355206Z
# User@Host: mysql[mysql] @  [172.18.0.3]  Id:    10
# Query_time: 2.121588  Lock_time: 0.000002 Rows_sent: 1  Rows_examined: 300002
SET timestamp=1686942656;
SELECT user_id, user_name, office_id, user_icon_id FROM user ORDER BY RAND() LIMIT 1;
# Time: 2023-06-16T19:10:58.626184Z
# User@Host: mysql[mysql] @  [172.18.0.3]  Id:    22
# Query_time: 2.120197  Lock_time: 0.000001 Rows_sent: 1  Rows_examined: 300002
SET timestamp=1686942656;
SELECT user_id, user_name, office_id, user_icon_id FROM user ORDER BY RAND() LIMIT 1;
# Time: 2023-06-16T19:10:58.731422Z
# User@Host: mysql[mysql] @  [172.18.0.3]  Id:    19
# Query_time: 2.116282  Lock_time: 0.000001 Rows_sent: 1  Rows_examined: 300002
SET timestamp=1686942656;
SELECT user_id, user_name, office_id, user_icon_id FROM user ORDER BY RAND() LIMIT 1;
# Time: 2023-06-16T19:10:58.851812Z
# User@Host: mysql[mysql] @  [172.18.0.3]  Id:    17
# Query_time: 2.109627  Lock_time: 0.000001 Rows_sent: 1  Rows_examined: 300002
SET timestamp=1686942656;
SELECT user_id, user_name, office_id, user_icon_id FROM user ORDER BY RAND() LIMIT 1;
# Time: 2023-06-16T19:10:58.852582Z
# User@Host: mysql[mysql] @  [172.18.0.3]  Id:    23
# Query_time: 2.108858  Lock_time: 0.000002 Rows_sent: 1  Rows_examined: 300002
SET timestamp=1686942656;
SELECT user_id, user_name, office_id, user_icon_id FROM user ORDER BY RAND() LIMIT 1;
# Time: 2023-06-16T19:10:58.940311Z
# User@Host: mysql[mysql] @  [172.18.0.3]  Id:    18
# Query_time: 2.103984  Lock_time: 0.000001 Rows_sent: 1  Rows_examined: 300002
SET timestamp=1686942656;
SELECT user_id, user_name, office_id, user_icon_id FROM user ORDER BY RAND() LIMIT 1;
# Time: 2023-06-16T19:10:58.945867Z
# User@Host: mysql[mysql] @  [172.18.0.3]  Id:    21
# Query_time: 2.107707  Lock_time: 0.000002 Rows_sent: 1  Rows_examined: 300002
SET timestamp=1686942656;
SELECT user_id, user_name, office_id, user_icon_id FROM user ORDER BY RAND() LIMIT 1;
# Time: 2023-06-16T19:10:59.022180Z
# User@Host: mysql[mysql] @  [172.18.0.3]  Id:    25
# Query_time: 2.124965  Lock_time: 0.000003 Rows_sent: 1  Rows_examined: 300002
SET timestamp=1686942656;
SELECT user_id, user_name, office_id, user_icon_id FROM user ORDER BY RAND() LIMIT 1;
# Time: 2023-06-16T19:10:59.554261Z
# User@Host: mysql[mysql] @  [172.18.0.3]  Id:    24
# Query_time: 2.138292  Lock_time: 0.000001 Rows_sent: 1  Rows_examined: 300002
SET timestamp=1686942657;
SELECT user_id, user_name, office_id, user_icon_id FROM user ORDER BY RAND() LIMIT 1;
# Time: 2023-06-16T19:11:00.558198Z
# User@Host: mysql[mysql] @  [172.18.0.3]  Id:    10
# Query_time: 2.198928  Lock_time: 0.000002 Rows_sent: 1  Rows_examined: 300002
SET timestamp=1686942658;
SELECT user_id, user_name, office_id, user_icon_id FROM user ORDER BY RAND() LIMIT 1;
# Time: 2023-06-16T19:11:00.570194Z
# User@Host: mysql[mysql] @  [172.18.0.3]  Id:    20
# Query_time: 2.209088  Lock_time: 0.000001 Rows_sent: 1  Rows_examined: 300002
SET timestamp=1686942658;
SELECT user_id, user_name, office_id, user_icon_id FROM user ORDER BY RAND() LIMIT 1;
# Time: 2023-06-16T19:11:00.834184Z
# User@Host: mysql[mysql] @  [172.18.0.3]  Id:    22
# Query_time: 2.203994  Lock_time: 0.000002 Rows_sent: 1  Rows_examined: 300002
SET timestamp=1686942658;
SELECT user_id, user_name, office_id, user_icon_id FROM user ORDER BY RAND() LIMIT 1;
# Time: 2023-06-16T19:11:00.948480Z
# User@Host: mysql[mysql] @  [172.18.0.3]  Id:    19
# Query_time: 2.209764  Lock_time: 0.000002 Rows_sent: 1  Rows_examined: 300002
SET timestamp=1686942658;
SELECT user_id, user_name, office_id, user_icon_id FROM user ORDER BY RAND() LIMIT 1;
# Time: 2023-06-16T19:11:01.055662Z
# User@Host: mysql[mysql] @  [172.18.0.3]  Id:    23
# Query_time: 2.197476  Lock_time: 0.000001 Rows_sent: 1  Rows_examined: 300002
SET timestamp=1686942658;
SELECT user_id, user_name, office_id, user_icon_id FROM user ORDER BY RAND() LIMIT 1;
# Time: 2023-06-16T19:11:01.094953Z
# User@Host: mysql[mysql] @  [172.18.0.3]  Id:    17
# Query_time: 2.241309  Lock_time: 0.000002 Rows_sent: 1  Rows_examined: 300002
SET timestamp=1686942658;
SELECT user_id, user_name, office_id, user_icon_id FROM user ORDER BY RAND() LIMIT 1;
# Time: 2023-06-16T19:11:01.114186Z
# User@Host: mysql[mysql] @  [172.18.0.3]  Id:    21
# Query_time: 2.144002  Lock_time: 0.000001 Rows_sent: 1  Rows_examined: 300002
SET timestamp=1686942658;
SELECT user_id, user_name, office_id, user_icon_id FROM user ORDER BY RAND() LIMIT 1;
# Time: 2023-06-16T19:11:01.202332Z
# User@Host: mysql[mysql] @  [172.18.0.3]  Id:    18
# Query_time: 2.248331  Lock_time: 0.000001 Rows_sent: 1  Rows_examined: 300002
SET timestamp=1686942658;
SELECT user_id, user_name, office_id, user_icon_id FROM user ORDER BY RAND() LIMIT 1;
# Time: 2023-06-16T19:11:01.277144Z
# User@Host: mysql[mysql] @  [172.18.0.3]  Id:    25
# Query_time: 2.250732  Lock_time: 0.000001 Rows_sent: 1  Rows_examined: 300002
SET timestamp=1686942659;
SELECT user_id, user_name, office_id, user_icon_id FROM user ORDER BY RAND() LIMIT 1;
# Time: 2023-06-16T19:11:01.690186Z
# User@Host: mysql[mysql] @  [172.18.0.3]  Id:    24
# Query_time: 2.135134  Lock_time: 0.000001 Rows_sent: 1  Rows_examined: 300002
SET timestamp=1686942659;
SELECT user_id, user_name, office_id, user_icon_id FROM user ORDER BY RAND() LIMIT 1;
# Time: 2023-06-16T19:11:02.748868Z
# User@Host: mysql[mysql] @  [172.18.0.3]  Id:    10
# Query_time: 2.190473  Lock_time: 0.000003 Rows_sent: 1  Rows_examined: 300002
SET timestamp=1686942660;
SELECT user_id, user_name, office_id, user_icon_id FROM user ORDER BY RAND() LIMIT 1;
# Time: 2023-06-16T19:11:02.799568Z
# User@Host: mysql[mysql] @  [172.18.0.3]  Id:    20
# Query_time: 2.228075  Lock_time: 0.000001 Rows_sent: 1  Rows_examined: 300002
SET timestamp=1686942660;
SELECT user_id, user_name, office_id, user_icon_id FROM user ORDER BY RAND() LIMIT 1;
# Time: 2023-06-16T19:11:02.980521Z
# User@Host: mysql[mysql] @  [172.18.0.3]  Id:    22
# Query_time: 2.142168  Lock_time: 0.000001 Rows_sent: 1  Rows_examined: 300002
SET timestamp=1686942660;
SELECT user_id, user_name, office_id, user_icon_id FROM user ORDER BY RAND() LIMIT 1;
# Time: 2023-06-16T19:11:03.110796Z
# User@Host: mysql[mysql] @  [172.18.0.3]  Id:    19
# Query_time: 2.151213  Lock_time: 0.000001 Rows_sent: 1  Rows_examined: 300002
SET timestamp=1686942660;
SELECT user_id, user_name, office_id, user_icon_id FROM user ORDER BY RAND() LIMIT 1;
# Time: 2023-06-16T19:11:03.214116Z
# User@Host: mysql[mysql] @  [172.18.0.3]  Id:    17
# Query_time: 2.118387  Lock_time: 0.000002 Rows_sent: 1  Rows_examined: 300002
SET timestamp=1686942661;
SELECT user_id, user_name, office_id, user_icon_id FROM user ORDER BY RAND() LIMIT 1;
# Time: 2023-06-16T19:11:03.242188Z
# User@Host: mysql[mysql] @  [172.18.0.3]  Id:    23
# Query_time: 2.167951  Lock_time: 0.000003 Rows_sent: 1  Rows_examined: 300002
SET timestamp=1686942661;
SELECT user_id, user_name, office_id, user_icon_id FROM user ORDER BY RAND() LIMIT 1;
# Time: 2023-06-16T19:11:03.245795Z
# User@Host: mysql[mysql] @  [172.18.0.3]  Id:    21
# Query_time: 2.123982  Lock_time: 0.000001 Rows_sent: 1  Rows_examined: 300002
SET timestamp=1686942661;
SELECT user_id, user_name, office_id, user_icon_id FROM user ORDER BY RAND() LIMIT 1;
# Time: 2023-06-16T19:11:03.346185Z
# User@Host: mysql[mysql] @  [172.18.0.3]  Id:    18
# Query_time: 2.123497  Lock_time: 0.000001 Rows_sent: 1  Rows_examined: 300002
SET timestamp=1686942661;
SELECT user_id, user_name, office_id, user_icon_id FROM user ORDER BY RAND() LIMIT 1;
# Time: 2023-06-16T19:11:03.423282Z
# User@Host: mysql[mysql] @  [172.18.0.3]  Id:    25
# Query_time: 2.141073  Lock_time: 0.000004 Rows_sent: 1  Rows_examined: 300002
SET timestamp=1686942661;
SELECT user_id, user_name, office_id, user_icon_id FROM user ORDER BY RAND() LIMIT 1;
# Time: 2023-06-16T19:11:03.906183Z
# User@Host: mysql[mysql] @  [172.18.0.3]  Id:    24
# Query_time: 2.214990  Lock_time: 0.000002 Rows_sent: 1  Rows_examined: 300002
SET timestamp=1686942661;
SELECT user_id, user_name, office_id, user_icon_id FROM user ORDER BY RAND() LIMIT 1;
# Time: 2023-06-16T19:11:04.962088Z
# User@Host: mysql[mysql] @  [172.18.0.3]  Id:    10
# Query_time: 2.207538  Lock_time: 0.000001 Rows_sent: 1  Rows_examined: 300002
SET timestamp=1686942662;
SELECT user_id, user_name, office_id, user_icon_id FROM user ORDER BY RAND() LIMIT 1;
# Time: 2023-06-16T19:11:04.974671Z
# User@Host: mysql[mysql] @  [172.18.0.3]  Id:    20
# Query_time: 2.165009  Lock_time: 0.000003 Rows_sent: 1  Rows_examined: 300002
SET timestamp=1686942662;
SELECT user_id, user_name, office_id, user_icon_id FROM user ORDER BY RAND() LIMIT 1;
# Time: 2023-06-16T19:11:05.182180Z
# User@Host: mysql[mysql] @  [172.18.0.3]  Id:    22
# Query_time: 2.201504  Lock_time: 0.000003 Rows_sent: 1  Rows_examined: 300002
SET timestamp=1686942662;
SELECT user_id, user_name, office_id, user_icon_id FROM user ORDER BY RAND() LIMIT 1;
# Time: 2023-06-16T19:11:05.323442Z
# User@Host: mysql[mysql] @  [172.18.0.3]  Id:    19
# Query_time: 2.190931  Lock_time: 0.000001 Rows_sent: 1  Rows_examined: 300002
SET timestamp=1686942663;
SELECT user_id, user_name, office_id, user_icon_id FROM user ORDER BY RAND() LIMIT 1;
# Time: 2023-06-16T19:11:05.404112Z
# User@Host: mysql[mysql] @  [172.18.0.3]  Id:    17
# Query_time: 2.171113  Lock_time: 0.000002 Rows_sent: 1  Rows_examined: 300002
SET timestamp=1686942663;
SELECT user_id, user_name, office_id, user_icon_id FROM user ORDER BY RAND() LIMIT 1;
# Time: 2023-06-16T19:11:05.414548Z
# User@Host: mysql[mysql] @  [172.18.0.3]  Id:    23
# Query_time: 2.160749  Lock_time: 0.000002 Rows_sent: 1  Rows_examined: 300002
SET timestamp=1686942663;
SELECT user_id, user_name, office_id, user_icon_id FROM user ORDER BY RAND() LIMIT 1;
# Time: 2023-06-16T19:11:05.466187Z
# User@Host: mysql[mysql] @  [172.18.0.3]  Id:    21
# Query_time: 2.208002  Lock_time: 0.000002 Rows_sent: 1  Rows_examined: 300002
SET timestamp=1686942663;
SELECT user_id, user_name, office_id, user_icon_id FROM user ORDER BY RAND() LIMIT 1;
# Time: 2023-06-16T19:11:05.874181Z
# User@Host: mysql[mysql] @  [172.18.0.3]  Id:    25
# Query_time: 2.186106  Lock_time: 0.000001 Rows_sent: 1  Rows_examined: 300002
SET timestamp=1686942663;
SELECT user_id, user_name, office_id, user_icon_id FROM user ORDER BY RAND() LIMIT 1;
# Time: 2023-06-16T19:11:05.898645Z
# User@Host: mysql[mysql] @  [172.18.0.3]  Id:    18
# Query_time: 2.195249  Lock_time: 0.000001 Rows_sent: 1  Rows_examined: 300002
SET timestamp=1686942663;
SELECT user_id, user_name, office_id, user_icon_id FROM user ORDER BY RAND() LIMIT 1;
# Time: 2023-06-16T19:11:06.050185Z
# User@Host: mysql[mysql] @  [172.18.0.3]  Id:    24
# Query_time: 2.143312  Lock_time: 0.000002 Rows_sent: 1  Rows_examined: 300002
SET timestamp=1686942663;
SELECT user_id, user_name, office_id, user_icon_id FROM user ORDER BY RAND() LIMIT 1;
# Time: 2023-06-16T19:11:07.165440Z
# User@Host: mysql[mysql] @  [172.18.0.3]  Id:    20
# Query_time: 2.190656  Lock_time: 0.000002 Rows_sent: 1  Rows_examined: 300002
SET timestamp=1686942664;
SELECT user_id, user_name, office_id, user_icon_id FROM user ORDER BY RAND() LIMIT 1;
# Time: 2023-06-16T19:11:07.170285Z
# User@Host: mysql[mysql] @  [172.18.0.3]  Id:    10
# Query_time: 2.191229  Lock_time: 0.000001 Rows_sent: 1  Rows_examined: 300002
SET timestamp=1686942664;
SELECT user_id, user_name, office_id, user_icon_id FROM user ORDER BY RAND() LIMIT 1;
# Time: 2023-06-16T19:11:07.266211Z
# User@Host: mysql[mysql] @  [172.18.0.3]  Id:    22
# Query_time: 2.068834  Lock_time: 0.000001 Rows_sent: 1  Rows_examined: 300002
SET timestamp=1686942665;
SELECT user_id, user_name, office_id, user_icon_id FROM user ORDER BY RAND() LIMIT 1;
# Time: 2023-06-16T19:11:07.462202Z
# User@Host: mysql[mysql] @  [172.18.0.3]  Id:    19
# Query_time: 2.131610  Lock_time: 0.000001 Rows_sent: 1  Rows_examined: 300002
SET timestamp=1686942665;
SELECT user_id, user_name, office_id, user_icon_id FROM user ORDER BY RAND() LIMIT 1;
# Time: 2023-06-16T19:11:07.605761Z
# User@Host: mysql[mysql] @  [172.18.0.3]  Id:    17
# Query_time: 2.201504  Lock_time: 0.000002 Rows_sent: 1  Rows_examined: 300002
SET timestamp=1686942665;
SELECT user_id, user_name, office_id, user_icon_id FROM user ORDER BY RAND() LIMIT 1;
# Time: 2023-06-16T19:11:07.632397Z
# User@Host: mysql[mysql] @  [172.18.0.3]  Id:    23
# Query_time: 2.217740  Lock_time: 0.000002 Rows_sent: 1  Rows_examined: 300002
SET timestamp=1686942665;
SELECT user_id, user_name, office_id, user_icon_id FROM user ORDER BY RAND() LIMIT 1;
# Time: 2023-06-16T19:11:07.692517Z
# User@Host: mysql[mysql] @  [172.18.0.3]  Id:    21
# Query_time: 2.221562  Lock_time: 0.000002 Rows_sent: 1  Rows_examined: 300002
SET timestamp=1686942665;
SELECT user_id, user_name, office_id, user_icon_id FROM user ORDER BY RAND() LIMIT 1;
# Time: 2023-06-16T19:11:08.051759Z
# User@Host: mysql[mysql] @  [172.18.0.3]  Id:    25
# Query_time: 2.177009  Lock_time: 0.000001 Rows_sent: 1  Rows_examined: 300002
SET timestamp=1686942665;
SELECT user_id, user_name, office_id, user_icon_id FROM user ORDER BY RAND() LIMIT 1;
# Time: 2023-06-16T19:11:08.076338Z
# User@Host: mysql[mysql] @  [172.18.0.3]  Id:    18
# Query_time: 2.155490  Lock_time: 0.000001 Rows_sent: 1  Rows_examined: 300002
SET timestamp=1686942665;
SELECT user_id, user_name, office_id, user_icon_id FROM user ORDER BY RAND() LIMIT 1;
# Time: 2023-06-16T19:11:08.234199Z
# User@Host: mysql[mysql] @  [172.18.0.3]  Id:    24
# Query_time: 2.183000  Lock_time: 0.000001 Rows_sent: 1  Rows_examined: 300002
SET timestamp=1686942666;
SELECT user_id, user_name, office_id, user_icon_id FROM user ORDER BY RAND() LIMIT 1;
# Time: 2023-06-16T19:11:09.341559Z
# User@Host: mysql[mysql] @  [172.18.0.3]  Id:    10
# Query_time: 2.161825  Lock_time: 0.000002 Rows_sent: 1  Rows_examined: 300002
SET timestamp=1686942667;
SELECT user_id, user_name, office_id, user_icon_id FROM user ORDER BY RAND() LIMIT 1;
# Time: 2023-06-16T19:11:09.347249Z
# User@Host: mysql[mysql] @  [172.18.0.3]  Id:    20
# Query_time: 2.161032  Lock_time: 0.000003 Rows_sent: 1  Rows_examined: 300002
SET timestamp=1686942667;
SELECT user_id, user_name, office_id, user_icon_id FROM user ORDER BY RAND() LIMIT 1;
# Time: 2023-06-16T19:11:09.454187Z
# User@Host: mysql[mysql] @  [172.18.0.3]  Id:    22
# Query_time: 2.174787  Lock_time: 0.000001 Rows_sent: 1  Rows_examined: 300002
SET timestamp=1686942667;
SELECT user_id, user_name, office_id, user_icon_id FROM user ORDER BY RAND() LIMIT 1;
# Time: 2023-06-16T19:11:09.630182Z
# User@Host: mysql[mysql] @  [172.18.0.3]  Id:    19
# Query_time: 2.167794  Lock_time: 0.000003 Rows_sent: 1  Rows_examined: 300002
SET timestamp=1686942667;
SELECT user_id, user_name, office_id, user_icon_id FROM user ORDER BY RAND() LIMIT 1;
# Time: 2023-06-16T19:11:09.779227Z
# User@Host: mysql[mysql] @  [172.18.0.3]  Id:    17
# Query_time: 2.160999  Lock_time: 0.000005 Rows_sent: 1  Rows_examined: 300002
SET timestamp=1686942667;
SELECT user_id, user_name, office_id, user_icon_id FROM user ORDER BY RAND() LIMIT 1;
# Time: 2023-06-16T19:11:09.850148Z
# User@Host: mysql[mysql] @  [172.18.0.3]  Id:    23
# Query_time: 2.197647  Lock_time: 0.000001 Rows_sent: 1  Rows_examined: 300002
SET timestamp=1686942667;
SELECT user_id, user_name, office_id, user_icon_id FROM user ORDER BY RAND() LIMIT 1;
# Time: 2023-06-16T19:11:09.921499Z
# User@Host: mysql[mysql] @  [172.18.0.3]  Id:    21
# Query_time: 2.202842  Lock_time: 0.000003 Rows_sent: 1  Rows_examined: 300002
SET timestamp=1686942667;
SELECT user_id, user_name, office_id, user_icon_id FROM user ORDER BY RAND() LIMIT 1;
# Time: 2023-06-16T19:11:10.275280Z
# User@Host: mysql[mysql] @  [172.18.0.3]  Id:    25
# Query_time: 2.205048  Lock_time: 0.000002 Rows_sent: 1  Rows_examined: 300002
SET timestamp=1686942668;
SELECT user_id, user_name, office_id, user_icon_id FROM user ORDER BY RAND() LIMIT 1;
# Time: 2023-06-16T19:11:10.290422Z
# User@Host: mysql[mysql] @  [172.18.0.3]  Id:    18
# Query_time: 2.213912  Lock_time: 0.000004 Rows_sent: 1  Rows_examined: 300002
SET timestamp=1686942668;
SELECT user_id, user_name, office_id, user_icon_id FROM user ORDER BY RAND() LIMIT 1;
# Time: 2023-06-16T19:11:10.415521Z
# User@Host: mysql[mysql] @  [172.18.0.3]  Id:    24
# Query_time: 2.176671  Lock_time: 0.000001 Rows_sent: 1  Rows_examined: 300002
SET timestamp=1686942668;
SELECT user_id, user_name, office_id, user_icon_id FROM user ORDER BY RAND() LIMIT 1;
# Time: 2023-06-16T19:11:11.668260Z
# User@Host: mysql[mysql] @  [172.18.0.3]  Id:    22
# Query_time: 2.212771  Lock_time: 0.000001 Rows_sent: 1  Rows_examined: 300002
SET timestamp=1686942669;
SELECT user_id, user_name, office_id, user_icon_id FROM user ORDER BY RAND() LIMIT 1;
# Time: 2023-06-16T19:11:11.674179Z
# User@Host: mysql[mysql] @  [172.18.0.3]  Id:    10
# Query_time: 2.317385  Lock_time: 0.000001 Rows_sent: 1  Rows_examined: 300002
SET timestamp=1686942669;
SELECT user_id, user_name, office_id, user_icon_id FROM user ORDER BY RAND() LIMIT 1;
# Time: 2023-06-16T19:11:11.679437Z
# User@Host: mysql[mysql] @  [172.18.0.3]  Id:    20
# Query_time: 2.315988  Lock_time: 0.000001 Rows_sent: 1  Rows_examined: 300002
SET timestamp=1686942669;
SELECT user_id, user_name, office_id, user_icon_id FROM user ORDER BY RAND() LIMIT 1;
# Time: 2023-06-16T19:11:12.140999Z
# User@Host: mysql[mysql] @  [172.18.0.3]  Id:    17
# Query_time: 2.128490  Lock_time: 0.000002 Rows_sent: 1  Rows_examined: 300002
SET timestamp=1686942670;
SELECT user_id, user_name, office_id, user_icon_id FROM user ORDER BY RAND() LIMIT 1;
# Time: 2023-06-16T19:11:12.230287Z
# User@Host: mysql[mysql] @  [172.18.0.3]  Id:    21
# Query_time: 2.228419  Lock_time: 0.000001 Rows_sent: 1  Rows_examined: 300002
SET timestamp=1686942670;
SELECT user_id, user_name, office_id, user_icon_id FROM user ORDER BY RAND() LIMIT 1;
# Time: 2023-06-16T19:11:12.286757Z
# User@Host: mysql[mysql] @  [172.18.0.3]  Id:    19
# Query_time: 2.268573  Lock_time: 0.000001 Rows_sent: 1  Rows_examined: 300002
SET timestamp=1686942670;
SELECT user_id, user_name, office_id, user_icon_id FROM user ORDER BY RAND() LIMIT 1;
# Time: 2023-06-16T19:11:12.370185Z
# User@Host: mysql[mysql] @  [172.18.0.3]  Id:    23
# Query_time: 2.242119  Lock_time: 0.000001 Rows_sent: 1  Rows_examined: 300002
SET timestamp=1686942670;
SELECT user_id, user_name, office_id, user_icon_id FROM user ORDER BY RAND() LIMIT 1;
# Time: 2023-06-16T19:11:12.419599Z
# User@Host: mysql[mysql] @  [172.18.0.3]  Id:    18
# Query_time: 2.117507  Lock_time: 0.000001 Rows_sent: 1  Rows_examined: 300002
SET timestamp=1686942670;
SELECT user_id, user_name, office_id, user_icon_id FROM user ORDER BY RAND() LIMIT 1;
# Time: 2023-06-16T19:11:12.609928Z
# User@Host: mysql[mysql] @  [172.18.0.3]  Id:    25
# Query_time: 2.303741  Lock_time: 0.000002 Rows_sent: 1  Rows_examined: 300002
SET timestamp=1686942670;
SELECT user_id, user_name, office_id, user_icon_id FROM user ORDER BY RAND() LIMIT 1;
# Time: 2023-06-16T19:11:12.772719Z
# User@Host: mysql[mysql] @  [172.18.0.3]  Id:    24
# Query_time: 2.220153  Lock_time: 0.000001 Rows_sent: 1  Rows_examined: 300002
SET timestamp=1686942670;
SELECT user_id, user_name, office_id, user_icon_id FROM user ORDER BY RAND() LIMIT 1;
# Time: 2023-06-16T19:11:13.837920Z
# User@Host: mysql[mysql] @  [172.18.0.3]  Id:    10
# Query_time: 2.149449  Lock_time: 0.000001 Rows_sent: 1  Rows_examined: 300002
SET timestamp=1686942671;
SELECT user_id, user_name, office_id, user_icon_id FROM user ORDER BY RAND() LIMIT 1;
# Time: 2023-06-16T19:11:13.974363Z
# User@Host: mysql[mysql] @  [172.18.0.3]  Id:    22
# Query_time: 2.276175  Lock_time: 0.000001 Rows_sent: 1  Rows_examined: 300002
SET timestamp=1686942671;
SELECT user_id, user_name, office_id, user_icon_id FROM user ORDER BY RAND() LIMIT 1;
# Time: 2023-06-16T19:11:14.152165Z
# User@Host: mysql[mysql] @  [172.18.0.3]  Id:    20
# Query_time: 2.385217  Lock_time: 0.000002 Rows_sent: 1  Rows_examined: 300002
SET timestamp=1686942671;
SELECT user_id, user_name, office_id, user_icon_id FROM user ORDER BY RAND() LIMIT 1;
# Time: 2023-06-16T19:11:14.376358Z
# User@Host: mysql[mysql] @  [172.18.0.3]  Id:    21
# Query_time: 2.050812  Lock_time: 0.000001 Rows_sent: 1  Rows_examined: 300002
SET timestamp=1686942672;
SELECT user_id, user_name, office_id, user_icon_id FROM user ORDER BY RAND() LIMIT 1;
# Time: 2023-06-16T19:11:14.398180Z
# User@Host: mysql[mysql] @  [172.18.0.3]  Id:    23
# Query_time: 2.027849  Lock_time: 0.000003 Rows_sent: 1  Rows_examined: 300002
SET timestamp=1686942672;
SELECT user_id, user_name, office_id, user_icon_id FROM user ORDER BY RAND() LIMIT 1;
# Time: 2023-06-16T19:11:14.476437Z
# User@Host: mysql[mysql] @  [172.18.0.3]  Id:    17
# Query_time: 2.252789  Lock_time: 0.000001 Rows_sent: 1  Rows_examined: 300002
SET timestamp=1686942672;
SELECT user_id, user_name, office_id, user_icon_id FROM user ORDER BY RAND() LIMIT 1;
# Time: 2023-06-16T19:11:14.596063Z
# User@Host: mysql[mysql] @  [172.18.0.3]  Id:    19
# Query_time: 2.258756  Lock_time: 0.000002 Rows_sent: 1  Rows_examined: 300002
SET timestamp=1686942672;
SELECT user_id, user_name, office_id, user_icon_id FROM user ORDER BY RAND() LIMIT 1;
# Time: 2023-06-16T19:11:14.770790Z
# User@Host: mysql[mysql] @  [172.18.0.3]  Id:    18
# Query_time: 2.159404  Lock_time: 0.000001 Rows_sent: 1  Rows_examined: 300002
SET timestamp=1686942672;
SELECT user_id, user_name, office_id, user_icon_id FROM user ORDER BY RAND() LIMIT 1;
# Time: 2023-06-16T19:11:14.900167Z
# User@Host: mysql[mysql] @  [172.18.0.3]  Id:    25
# Query_time: 2.273695  Lock_time: 0.000001 Rows_sent: 1  Rows_examined: 300002
SET timestamp=1686942672;
SELECT user_id, user_name, office_id, user_icon_id FROM user ORDER BY RAND() LIMIT 1;
# Time: 2023-06-16T19:11:15.126849Z
# User@Host: mysql[mysql] @  [172.18.0.3]  Id:    24
# Query_time: 2.221788  Lock_time: 0.000001 Rows_sent: 1  Rows_examined: 300002
SET timestamp=1686942672;
SELECT user_id, user_name, office_id, user_icon_id FROM user ORDER BY RAND() LIMIT 1;
# Time: 2023-06-16T19:11:16.281292Z
# User@Host: mysql[mysql] @  [172.18.0.3]  Id:    10
# Query_time: 2.300560  Lock_time: 0.000002 Rows_sent: 1  Rows_examined: 300002
SET timestamp=1686942673;
SELECT user_id, user_name, office_id, user_icon_id FROM user ORDER BY RAND() LIMIT 1;
# Time: 2023-06-16T19:11:16.299672Z
# User@Host: mysql[mysql] @  [172.18.0.3]  Id:    22
# Query_time: 2.287853  Lock_time: 0.000001 Rows_sent: 1  Rows_examined: 300002
SET timestamp=1686942674;
SELECT user_id, user_name, office_id, user_icon_id FROM user ORDER BY RAND() LIMIT 1;
# Time: 2023-06-16T19:11:16.382182Z
# User@Host: mysql[mysql] @  [172.18.0.3]  Id:    20
# Query_time: 2.221377  Lock_time: 0.000001 Rows_sent: 1  Rows_examined: 300002
SET timestamp=1686942674;
SELECT user_id, user_name, office_id, user_icon_id FROM user ORDER BY RAND() LIMIT 1;
# Time: 2023-06-16T19:11:16.526526Z
# User@Host: mysql[mysql] @  [172.18.0.3]  Id:    23
# Query_time: 2.122686  Lock_time: 0.000001 Rows_sent: 1  Rows_examined: 300002
SET timestamp=1686942674;
SELECT user_id, user_name, office_id, user_icon_id FROM user ORDER BY RAND() LIMIT 1;
# Time: 2023-06-16T19:11:16.610182Z
# User@Host: mysql[mysql] @  [172.18.0.3]  Id:    21
# Query_time: 2.222611  Lock_time: 0.000001 Rows_sent: 1  Rows_examined: 300002
SET timestamp=1686942674;
SELECT user_id, user_name, office_id, user_icon_id FROM user ORDER BY RAND() LIMIT 1;
# Time: 2023-06-16T19:11:16.770181Z
# User@Host: mysql[mysql] @  [172.18.0.3]  Id:    17
# Query_time: 2.211814  Lock_time: 0.000001 Rows_sent: 1  Rows_examined: 300002
SET timestamp=1686942674;
SELECT user_id, user_name, office_id, user_icon_id FROM user ORDER BY RAND() LIMIT 1;
# Time: 2023-06-16T19:11:16.827121Z
# User@Host: mysql[mysql] @  [172.18.0.3]  Id:    19
# Query_time: 2.142024  Lock_time: 0.000001 Rows_sent: 1  Rows_examined: 300002
SET timestamp=1686942674;
SELECT user_id, user_name, office_id, user_icon_id FROM user ORDER BY RAND() LIMIT 1;
# Time: 2023-06-16T19:11:16.963619Z
# User@Host: mysql[mysql] @  [172.18.0.3]  Id:    18
# Query_time: 2.054934  Lock_time: 0.000001 Rows_sent: 1  Rows_examined: 300002
SET timestamp=1686942674;
SELECT user_id, user_name, office_id, user_icon_id FROM user ORDER BY RAND() LIMIT 1;
# Time: 2023-06-16T19:11:17.118181Z
# User@Host: mysql[mysql] @  [172.18.0.3]  Id:    25
# Query_time: 2.181832  Lock_time: 0.000001 Rows_sent: 1  Rows_examined: 300002
SET timestamp=1686942674;
SELECT user_id, user_name, office_id, user_icon_id FROM user ORDER BY RAND() LIMIT 1;
# Time: 2023-06-16T19:11:17.290182Z
# User@Host: mysql[mysql] @  [172.18.0.3]  Id:    24
# Query_time: 2.156720  Lock_time: 0.000001 Rows_sent: 1  Rows_examined: 300002
SET timestamp=1686942675;
SELECT user_id, user_name, office_id, user_icon_id FROM user ORDER BY RAND() LIMIT 1;
# Time: 2023-06-16T19:11:18.411534Z
# User@Host: mysql[mysql] @  [172.18.0.3]  Id:    22
# Query_time: 2.108636  Lock_time: 0.000001 Rows_sent: 1  Rows_examined: 300002
SET timestamp=1686942676;
SELECT user_id, user_name, office_id, user_icon_id FROM user ORDER BY RAND() LIMIT 1;
# Time: 2023-06-16T19:11:18.454193Z
# User@Host: mysql[mysql] @  [172.18.0.3]  Id:    10
# Query_time: 2.134740  Lock_time: 0.000002 Rows_sent: 1  Rows_examined: 300002
SET timestamp=1686942676;
SELECT user_id, user_name, office_id, user_icon_id FROM user ORDER BY RAND() LIMIT 1;
# Time: 2023-06-16T19:11:18.504119Z
# User@Host: mysql[mysql] @  [172.18.0.3]  Id:    20
# Query_time: 2.119951  Lock_time: 0.000001 Rows_sent: 1  Rows_examined: 300002
SET timestamp=1686942676;
SELECT user_id, user_name, office_id, user_icon_id FROM user ORDER BY RAND() LIMIT 1;
# Time: 2023-06-16T19:11:18.663372Z
# User@Host: mysql[mysql] @  [172.18.0.3]  Id:    23
# Query_time: 2.129165  Lock_time: 0.000002 Rows_sent: 1  Rows_examined: 300002
SET timestamp=1686942676;
SELECT user_id, user_name, office_id, user_icon_id FROM user ORDER BY RAND() LIMIT 1;
# Time: 2023-06-16T19:11:18.754771Z
# User@Host: mysql[mysql] @  [172.18.0.3]  Id:    21
# Query_time: 2.143697  Lock_time: 0.000001 Rows_sent: 1  Rows_examined: 300002
SET timestamp=1686942676;
SELECT user_id, user_name, office_id, user_icon_id FROM user ORDER BY RAND() LIMIT 1;
# Time: 2023-06-16T19:11:18.909905Z
# User@Host: mysql[mysql] @  [172.18.0.3]  Id:    17
# Query_time: 2.127713  Lock_time: 0.000001 Rows_sent: 1  Rows_examined: 300002
SET timestamp=1686942676;
SELECT user_id, user_name, office_id, user_icon_id FROM user ORDER BY RAND() LIMIT 1;
# Time: 2023-06-16T19:11:18.998181Z
# User@Host: mysql[mysql] @  [172.18.0.3]  Id:    19
# Query_time: 2.167419  Lock_time: 0.000001 Rows_sent: 1  Rows_examined: 300002
SET timestamp=1686942676;
SELECT user_id, user_name, office_id, user_icon_id FROM user ORDER BY RAND() LIMIT 1;
# Time: 2023-06-16T19:11:19.138189Z
# User@Host: mysql[mysql] @  [172.18.0.3]  Id:    18
# Query_time: 2.114719  Lock_time: 0.000002 Rows_sent: 1  Rows_examined: 300002
SET timestamp=1686942677;
SELECT user_id, user_name, office_id, user_icon_id FROM user ORDER BY RAND() LIMIT 1;
# Time: 2023-06-16T19:11:19.290688Z
# User@Host: mysql[mysql] @  [172.18.0.3]  Id:    25
# Query_time: 2.148979  Lock_time: 0.000001 Rows_sent: 1  Rows_examined: 300002
SET timestamp=1686942677;
SELECT user_id, user_name, office_id, user_icon_id FROM user ORDER BY RAND() LIMIT 1;
# Time: 2023-06-16T19:11:19.438823Z
# User@Host: mysql[mysql] @  [172.18.0.3]  Id:    24
# Query_time: 2.148493  Lock_time: 0.000003 Rows_sent: 1  Rows_examined: 300002
SET timestamp=1686942677;
SELECT user_id, user_name, office_id, user_icon_id FROM user ORDER BY RAND() LIMIT 1;
# Time: 2023-06-16T19:11:20.622797Z
# User@Host: mysql[mysql] @  [172.18.0.3]  Id:    22
# Query_time: 2.192205  Lock_time: 0.000002 Rows_sent: 1  Rows_examined: 300002
SET timestamp=1686942678;
SELECT user_id, user_name, office_id, user_icon_id FROM user ORDER BY RAND() LIMIT 1;
# Time: 2023-06-16T19:11:20.638895Z
# User@Host: mysql[mysql] @  [172.18.0.3]  Id:    10
# Query_time: 2.180261  Lock_time: 0.000001 Rows_sent: 1  Rows_examined: 300002
SET timestamp=1686942678;
SELECT user_id, user_name, office_id, user_icon_id FROM user ORDER BY RAND() LIMIT 1;
# Time: 2023-06-16T19:11:20.678841Z
# User@Host: mysql[mysql] @  [172.18.0.3]  Id:    20
# Query_time: 2.155251  Lock_time: 0.000001 Rows_sent: 1  Rows_examined: 300002
SET timestamp=1686942678;
SELECT user_id, user_name, office_id, user_icon_id FROM user ORDER BY RAND() LIMIT 1;
# Time: 2023-06-16T19:11:20.855783Z
# User@Host: mysql[mysql] @  [172.18.0.3]  Id:    23
# Query_time: 2.169124  Lock_time: 0.000001 Rows_sent: 1  Rows_examined: 300002
SET timestamp=1686942678;
SELECT user_id, user_name, office_id, user_icon_id FROM user ORDER BY RAND() LIMIT 1;
# Time: 2023-06-16T19:11:20.946637Z
# User@Host: mysql[mysql] @  [172.18.0.3]  Id:    21
# Query_time: 2.171162  Lock_time: 0.000001 Rows_sent: 1  Rows_examined: 300002
SET timestamp=1686942678;
SELECT user_id, user_name, office_id, user_icon_id FROM user ORDER BY RAND() LIMIT 1;
# Time: 2023-06-16T19:11:21.166910Z
# User@Host: mysql[mysql] @  [172.18.0.3]  Id:    17
# Query_time: 2.236006  Lock_time: 0.000001 Rows_sent: 1  Rows_examined: 300002
SET timestamp=1686942678;
SELECT user_id, user_name, office_id, user_icon_id FROM user ORDER BY RAND() LIMIT 1;
# Time: 2023-06-16T19:11:21.209220Z
# User@Host: mysql[mysql] @  [172.18.0.3]  Id:    19
# Query_time: 2.209592  Lock_time: 0.000001 Rows_sent: 1  Rows_examined: 300002
SET timestamp=1686942678;
SELECT user_id, user_name, office_id, user_icon_id FROM user ORDER BY RAND() LIMIT 1;
# Time: 2023-06-16T19:11:21.402184Z
# User@Host: mysql[mysql] @  [172.18.0.3]  Id:    18
# Query_time: 2.263196  Lock_time: 0.000001 Rows_sent: 1  Rows_examined: 300002
SET timestamp=1686942679;
SELECT user_id, user_name, office_id, user_icon_id FROM user ORDER BY RAND() LIMIT 1;
# Time: 2023-06-16T19:11:21.558254Z
# User@Host: mysql[mysql] @  [172.18.0.3]  Id:    25
# Query_time: 2.267424  Lock_time: 0.000002 Rows_sent: 1  Rows_examined: 300002
SET timestamp=1686942679;
SELECT user_id, user_name, office_id, user_icon_id FROM user ORDER BY RAND() LIMIT 1;
# Time: 2023-06-16T19:11:21.620387Z
# User@Host: mysql[mysql] @  [172.18.0.3]  Id:    24
# Query_time: 2.175736  Lock_time: 0.000001 Rows_sent: 1  Rows_examined: 300002
SET timestamp=1686942679;
SELECT user_id, user_name, office_id, user_icon_id FROM user ORDER BY RAND() LIMIT 1;
# Time: 2023-06-16T19:11:22.859321Z
# User@Host: mysql[mysql] @  [172.18.0.3]  Id:    22
# Query_time: 2.232879  Lock_time: 0.000001 Rows_sent: 1  Rows_examined: 300002
SET timestamp=1686942680;
SELECT user_id, user_name, office_id, user_icon_id FROM user ORDER BY RAND() LIMIT 1;
# Time: 2023-06-16T19:11:22.870179Z
# User@Host: mysql[mysql] @  [172.18.0.3]  Id:    20
# Query_time: 2.179733  Lock_time: 0.000002 Rows_sent: 1  Rows_examined: 300002
SET timestamp=1686942680;
SELECT user_id, user_name, office_id, user_icon_id FROM user ORDER BY RAND() LIMIT 1;
# Time: 2023-06-16T19:11:22.878184Z
# User@Host: mysql[mysql] @  [172.18.0.3]  Id:    10
# Query_time: 2.235990  Lock_time: 0.000001 Rows_sent: 1  Rows_examined: 300002
SET timestamp=1686942680;
SELECT user_id, user_name, office_id, user_icon_id FROM user ORDER BY RAND() LIMIT 1;
# Time: 2023-06-16T19:11:22.973739Z
# User@Host: mysql[mysql] @  [172.18.0.3]  Id:    23
# Query_time: 2.090300  Lock_time: 0.000002 Rows_sent: 1  Rows_examined: 300002
SET timestamp=1686942680;
SELECT user_id, user_name, office_id, user_icon_id FROM user ORDER BY RAND() LIMIT 1;
# Time: 2023-06-16T19:11:23.162901Z
# User@Host: mysql[mysql] @  [172.18.0.3]  Id:    21
# Query_time: 2.208709  Lock_time: 0.000002 Rows_sent: 1  Rows_examined: 300002
SET timestamp=1686942680;
SELECT user_id, user_name, office_id, user_icon_id FROM user ORDER BY RAND() LIMIT 1;
# Time: 2023-06-16T19:11:23.357622Z
# User@Host: mysql[mysql] @  [172.18.0.3]  Id:    19
# Query_time: 2.119213  Lock_time: 0.000002 Rows_sent: 1  Rows_examined: 300002
SET timestamp=1686942681;
SELECT user_id, user_name, office_id, user_icon_id FROM user ORDER BY RAND() LIMIT 1;
# Time: 2023-06-16T19:11:23.369383Z
# User@Host: mysql[mysql] @  [172.18.0.3]  Id:    17
# Query_time: 2.202329  Lock_time: 0.000002 Rows_sent: 1  Rows_examined: 300002
SET timestamp=1686942681;
SELECT user_id, user_name, office_id, user_icon_id FROM user ORDER BY RAND() LIMIT 1;
# Time: 2023-06-16T19:11:23.557454Z
# User@Host: mysql[mysql] @  [172.18.0.3]  Id:    18
# Query_time: 2.149900  Lock_time: 0.000001 Rows_sent: 1  Rows_examined: 300002
SET timestamp=1686942681;
SELECT user_id, user_name, office_id, user_icon_id FROM user ORDER BY RAND() LIMIT 1;
# Time: 2023-06-16T19:11:23.749497Z
# User@Host: mysql[mysql] @  [172.18.0.3]  Id:    25
# Query_time: 2.186534  Lock_time: 0.000002 Rows_sent: 1  Rows_examined: 300002
SET timestamp=1686942681;
SELECT user_id, user_name, office_id, user_icon_id FROM user ORDER BY RAND() LIMIT 1;
# Time: 2023-06-16T19:11:23.805866Z
# User@Host: mysql[mysql] @  [172.18.0.3]  Id:    24
# Query_time: 2.167680  Lock_time: 0.000001 Rows_sent: 1  Rows_examined: 300002
SET timestamp=1686942681;
SELECT user_id, user_name, office_id, user_icon_id FROM user ORDER BY RAND() LIMIT 1;
# Time: 2023-06-16T19:11:24.998192Z
# User@Host: mysql[mysql] @  [172.18.0.3]  Id:    22
# Query_time: 2.132111  Lock_time: 0.000001 Rows_sent: 1  Rows_examined: 300002
SET timestamp=1686942682;
SELECT user_id, user_name, office_id, user_icon_id FROM user ORDER BY RAND() LIMIT 1;
# Time: 2023-06-16T19:11:24.998320Z
# User@Host: mysql[mysql] @  [172.18.0.3]  Id:    20
# Query_time: 2.127792  Lock_time: 0.000001 Rows_sent: 1  Rows_examined: 300002
SET timestamp=1686942682;
SELECT user_id, user_name, office_id, user_icon_id FROM user ORDER BY RAND() LIMIT 1;
# Time: 2023-06-16T19:11:25.018199Z
# User@Host: mysql[mysql] @  [172.18.0.3]  Id:    10
# Query_time: 2.139873  Lock_time: 0.000002 Rows_sent: 1  Rows_examined: 300002
SET timestamp=1686942682;
SELECT user_id, user_name, office_id, user_icon_id FROM user ORDER BY RAND() LIMIT 1;
# Time: 2023-06-16T19:11:25.148566Z
# User@Host: mysql[mysql] @  [172.18.0.3]  Id:    23
# Query_time: 2.162322  Lock_time: 0.000002 Rows_sent: 1  Rows_examined: 300002
SET timestamp=1686942682;
SELECT user_id, user_name, office_id, user_icon_id FROM user ORDER BY RAND() LIMIT 1;
# Time: 2023-06-16T19:11:25.340571Z
# User@Host: mysql[mysql] @  [172.18.0.3]  Id:    21
# Query_time: 2.156241  Lock_time: 0.000002 Rows_sent: 1  Rows_examined: 300002
SET timestamp=1686942683;
SELECT user_id, user_name, office_id, user_icon_id FROM user ORDER BY RAND() LIMIT 1;
# Time: 2023-06-16T19:11:25.503058Z
# User@Host: mysql[mysql] @  [172.18.0.3]  Id:    17
# Query_time: 2.133570  Lock_time: 0.000001 Rows_sent: 1  Rows_examined: 300002
SET timestamp=1686942683;
SELECT user_id, user_name, office_id, user_icon_id FROM user ORDER BY RAND() LIMIT 1;
# Time: 2023-06-16T19:11:25.552715Z
# User@Host: mysql[mysql] @  [172.18.0.3]  Id:    19
# Query_time: 2.166224  Lock_time: 0.000001 Rows_sent: 1  Rows_examined: 300002
SET timestamp=1686942683;
SELECT user_id, user_name, office_id, user_icon_id FROM user ORDER BY RAND() LIMIT 1;
# Time: 2023-06-16T19:11:25.727148Z
# User@Host: mysql[mysql] @  [172.18.0.3]  Id:    18
# Query_time: 2.150504  Lock_time: 0.000001 Rows_sent: 1  Rows_examined: 300002
SET timestamp=1686942683;
SELECT user_id, user_name, office_id, user_icon_id FROM user ORDER BY RAND() LIMIT 1;
# Time: 2023-06-16T19:11:25.898185Z
# User@Host: mysql[mysql] @  [172.18.0.3]  Id:    25
# Query_time: 2.139995  Lock_time: 0.000001 Rows_sent: 1  Rows_examined: 300002
SET timestamp=1686942683;
SELECT user_id, user_name, office_id, user_icon_id FROM user ORDER BY RAND() LIMIT 1;
# Time: 2023-06-16T19:11:25.990201Z
# User@Host: mysql[mysql] @  [172.18.0.3]  Id:    24
# Query_time: 2.170127  Lock_time: 0.000003 Rows_sent: 1  Rows_examined: 300002
SET timestamp=1686942683;
SELECT user_id, user_name, office_id, user_icon_id FROM user ORDER BY RAND() LIMIT 1;
# Time: 2023-06-16T19:11:27.147540Z
# User@Host: mysql[mysql] @  [172.18.0.3]  Id:    20
# Query_time: 2.136676  Lock_time: 0.000001 Rows_sent: 1  Rows_examined: 300002
SET timestamp=1686942685;
SELECT user_id, user_name, office_id, user_icon_id FROM user ORDER BY RAND() LIMIT 1;
# Time: 2023-06-16T19:11:27.149387Z
# User@Host: mysql[mysql] @  [172.18.0.3]  Id:    22
# Query_time: 2.144903  Lock_time: 0.000001 Rows_sent: 1  Rows_examined: 300002
SET timestamp=1686942685;
SELECT user_id, user_name, office_id, user_icon_id FROM user ORDER BY RAND() LIMIT 1;
# Time: 2023-06-16T19:11:27.173889Z
# User@Host: mysql[mysql] @  [172.18.0.3]  Id:    10
# Query_time: 2.154614  Lock_time: 0.000002 Rows_sent: 1  Rows_examined: 300002
SET timestamp=1686942685;
SELECT user_id, user_name, office_id, user_icon_id FROM user ORDER BY RAND() LIMIT 1;
# Time: 2023-06-16T19:11:27.328726Z
# User@Host: mysql[mysql] @  [172.18.0.3]  Id:    23
# Query_time: 2.168636  Lock_time: 0.000002 Rows_sent: 1  Rows_examined: 300002
SET timestamp=1686942685;
SELECT user_id, user_name, office_id, user_icon_id FROM user ORDER BY RAND() LIMIT 1;
# Time: 2023-06-16T19:11:27.560343Z
# User@Host: mysql[mysql] @  [172.18.0.3]  Id:    21
# Query_time: 2.192153  Lock_time: 0.000001 Rows_sent: 1  Rows_examined: 300002
SET timestamp=1686942685;
SELECT user_id, user_name, office_id, user_icon_id FROM user ORDER BY RAND() LIMIT 1;
# Time: 2023-06-16T19:11:27.660605Z
# User@Host: mysql[mysql] @  [172.18.0.3]  Id:    17
# Query_time: 2.156760  Lock_time: 0.000001 Rows_sent: 1  Rows_examined: 300002
SET timestamp=1686942685;
SELECT user_id, user_name, office_id, user_icon_id FROM user ORDER BY RAND() LIMIT 1;
# Time: 2023-06-16T19:11:27.778700Z
# User@Host: mysql[mysql] @  [172.18.0.3]  Id:    19
# Query_time: 2.200098  Lock_time: 0.000001 Rows_sent: 1  Rows_examined: 300002
SET timestamp=1686942685;
SELECT user_id, user_name, office_id, user_icon_id FROM user ORDER BY RAND() LIMIT 1;
# Time: 2023-06-16T19:11:27.930914Z
# User@Host: mysql[mysql] @  [172.18.0.3]  Id:    18
# Query_time: 2.192691  Lock_time: 0.000004 Rows_sent: 1  Rows_examined: 300002
SET timestamp=1686942685;
SELECT user_id, user_name, office_id, user_icon_id FROM user ORDER BY RAND() LIMIT 1;
# Time: 2023-06-16T19:11:28.077898Z
# User@Host: mysql[mysql] @  [172.18.0.3]  Id:    25
# Query_time: 2.166067  Lock_time: 0.000002 Rows_sent: 1  Rows_examined: 300002
SET timestamp=1686942685;
SELECT user_id, user_name, office_id, user_icon_id FROM user ORDER BY RAND() LIMIT 1;
# Time: 2023-06-16T19:11:28.175672Z
# User@Host: mysql[mysql] @  [172.18.0.3]  Id:    24
# Query_time: 2.161281  Lock_time: 0.000001 Rows_sent: 1  Rows_examined: 300002
SET timestamp=1686942686;
SELECT user_id, user_name, office_id, user_icon_id FROM user ORDER BY RAND() LIMIT 1;
# Time: 2023-06-16T19:11:29.363795Z
# User@Host: mysql[mysql] @  [172.18.0.3]  Id:    22
# Query_time: 2.201609  Lock_time: 0.000001 Rows_sent: 1  Rows_examined: 300002
SET timestamp=1686942687;
SELECT user_id, user_name, office_id, user_icon_id FROM user ORDER BY RAND() LIMIT 1;
# Time: 2023-06-16T19:11:29.380032Z
# User@Host: mysql[mysql] @  [172.18.0.3]  Id:    10
# Query_time: 2.177843  Lock_time: 0.000002 Rows_sent: 1  Rows_examined: 300002
SET timestamp=1686942687;
SELECT user_id, user_name, office_id, user_icon_id FROM user ORDER BY RAND() LIMIT 1;
# Time: 2023-06-16T19:11:29.383582Z
# User@Host: mysql[mysql] @  [172.18.0.3]  Id:    20
# Query_time: 2.235888  Lock_time: 0.000003 Rows_sent: 1  Rows_examined: 300002
SET timestamp=1686942687;
SELECT user_id, user_name, office_id, user_icon_id FROM user ORDER BY RAND() LIMIT 1;
# Time: 2023-06-16T19:11:29.540472Z
# User@Host: mysql[mysql] @  [172.18.0.3]  Id:    23
# Query_time: 2.206042  Lock_time: 0.000001 Rows_sent: 1  Rows_examined: 300002
SET timestamp=1686942687;
SELECT user_id, user_name, office_id, user_icon_id FROM user ORDER BY RAND() LIMIT 1;
# Time: 2023-06-16T19:11:29.782194Z
# User@Host: mysql[mysql] @  [172.18.0.3]  Id:    21
# Query_time: 2.202839  Lock_time: 0.000002 Rows_sent: 1  Rows_examined: 300002
SET timestamp=1686942687;
SELECT user_id, user_name, office_id, user_icon_id FROM user ORDER BY RAND() LIMIT 1;
# Time: 2023-06-16T19:11:29.890181Z
# User@Host: mysql[mysql] @  [172.18.0.3]  Id:    17
# Query_time: 2.207998  Lock_time: 0.000002 Rows_sent: 1  Rows_examined: 300002
SET timestamp=1686942687;
SELECT user_id, user_name, office_id, user_icon_id FROM user ORDER BY RAND() LIMIT 1;
# Time: 2023-06-16T19:11:29.959376Z
# User@Host: mysql[mysql] @  [172.18.0.3]  Id:    19
# Query_time: 2.176400  Lock_time: 0.000002 Rows_sent: 1  Rows_examined: 300002
SET timestamp=1686942687;
SELECT user_id, user_name, office_id, user_icon_id FROM user ORDER BY RAND() LIMIT 1;
# Time: 2023-06-16T19:11:30.115351Z
# User@Host: mysql[mysql] @  [172.18.0.3]  Id:    18
# Query_time: 2.168283  Lock_time: 0.000002 Rows_sent: 1  Rows_examined: 300002
SET timestamp=1686942687;
SELECT user_id, user_name, office_id, user_icon_id FROM user ORDER BY RAND() LIMIT 1;
# Time: 2023-06-16T19:11:30.290135Z
# User@Host: mysql[mysql] @  [172.18.0.3]  Id:    25
# Query_time: 2.195907  Lock_time: 0.000003 Rows_sent: 1  Rows_examined: 300002
SET timestamp=1686942688;
SELECT user_id, user_name, office_id, user_icon_id FROM user ORDER BY RAND() LIMIT 1;
# Time: 2023-06-16T19:11:30.377855Z
# User@Host: mysql[mysql] @  [172.18.0.3]  Id:    24
# Query_time: 2.200974  Lock_time: 0.000001 Rows_sent: 1  Rows_examined: 300002
SET timestamp=1686942688;
SELECT user_id, user_name, office_id, user_icon_id FROM user ORDER BY RAND() LIMIT 1;
# Time: 2023-06-16T19:11:31.512057Z
# User@Host: mysql[mysql] @  [172.18.0.3]  Id:    22
# Query_time: 2.133647  Lock_time: 0.000002 Rows_sent: 1  Rows_examined: 300002
SET timestamp=1686942689;
SELECT user_id, user_name, office_id, user_icon_id FROM user ORDER BY RAND() LIMIT 1;
# Time: 2023-06-16T19:11:31.542195Z
# User@Host: mysql[mysql] @  [172.18.0.3]  Id:    10
# Query_time: 2.157696  Lock_time: 0.000001 Rows_sent: 1  Rows_examined: 300002
SET timestamp=1686942689;
SELECT user_id, user_name, office_id, user_icon_id FROM user ORDER BY RAND() LIMIT 1;
# Time: 2023-06-16T19:11:31.566547Z
# User@Host: mysql[mysql] @  [172.18.0.3]  Id:    20
# Query_time: 2.182414  Lock_time: 0.000002 Rows_sent: 1  Rows_examined: 300002
SET timestamp=1686942689;
SELECT user_id, user_name, office_id, user_icon_id FROM user ORDER BY RAND() LIMIT 1;
# Time: 2023-06-16T19:11:31.750183Z
# User@Host: mysql[mysql] @  [172.18.0.3]  Id:    23
# Query_time: 2.188001  Lock_time: 0.000001 Rows_sent: 1  Rows_examined: 300002
SET timestamp=1686942689;
SELECT user_id, user_name, office_id, user_icon_id FROM user ORDER BY RAND() LIMIT 1;
# Time: 2023-06-16T19:11:31.968850Z
# User@Host: mysql[mysql] @  [172.18.0.3]  Id:    21
# Query_time: 2.185349  Lock_time: 0.000001 Rows_sent: 1  Rows_examined: 300002
SET timestamp=1686942689;
SELECT user_id, user_name, office_id, user_icon_id FROM user ORDER BY RAND() LIMIT 1;
# Time: 2023-06-16T19:11:32.100485Z
# User@Host: mysql[mysql] @  [172.18.0.3]  Id:    17
# Query_time: 2.204783  Lock_time: 0.000001 Rows_sent: 1  Rows_examined: 300002
SET timestamp=1686942689;
SELECT user_id, user_name, office_id, user_icon_id FROM user ORDER BY RAND() LIMIT 1;
# Time: 2023-06-16T19:11:32.137151Z
# User@Host: mysql[mysql] @  [172.18.0.3]  Id:    19
# Query_time: 2.170081  Lock_time: 0.000002 Rows_sent: 1  Rows_examined: 300002
SET timestamp=1686942689;
SELECT user_id, user_name, office_id, user_icon_id FROM user ORDER BY RAND() LIMIT 1;
# Time: 2023-06-16T19:11:32.300610Z
# User@Host: mysql[mysql] @  [172.18.0.3]  Id:    18
# Query_time: 2.181979  Lock_time: 0.000002 Rows_sent: 1  Rows_examined: 300002
SET timestamp=1686942690;
SELECT user_id, user_name, office_id, user_icon_id FROM user ORDER BY RAND() LIMIT 1;
# Time: 2023-06-16T19:11:32.444048Z
# User@Host: mysql[mysql] @  [172.18.0.3]  Id:    25
# Query_time: 2.137866  Lock_time: 0.000002 Rows_sent: 1  Rows_examined: 300002
SET timestamp=1686942690;
SELECT user_id, user_name, office_id, user_icon_id FROM user ORDER BY RAND() LIMIT 1;
# Time: 2023-06-16T19:11:32.544451Z
# User@Host: mysql[mysql] @  [172.18.0.3]  Id:    24
# Query_time: 2.146266  Lock_time: 0.000001 Rows_sent: 1  Rows_examined: 300002
SET timestamp=1686942690;
SELECT user_id, user_name, office_id, user_icon_id FROM user ORDER BY RAND() LIMIT 1;
# Time: 2023-06-16T19:11:33.644509Z
# User@Host: mysql[mysql] @  [172.18.0.3]  Id:    22
# Query_time: 2.114326  Lock_time: 0.000001 Rows_sent: 1  Rows_examined: 300002
SET timestamp=1686942691;
SELECT user_id, user_name, office_id, user_icon_id FROM user ORDER BY RAND() LIMIT 1;
# Time: 2023-06-16T19:11:33.699451Z
# User@Host: mysql[mysql] @  [172.18.0.3]  Id:    10
# Query_time: 2.157112  Lock_time: 0.000002 Rows_sent: 1  Rows_examined: 300002
SET timestamp=1686942691;
SELECT user_id, user_name, office_id, user_icon_id FROM user ORDER BY RAND() LIMIT 1;
# Time: 2023-06-16T19:11:33.736697Z
# User@Host: mysql[mysql] @  [172.18.0.3]  Id:    20
# Query_time: 2.167760  Lock_time: 0.000001 Rows_sent: 1  Rows_examined: 300002
SET timestamp=1686942691;
SELECT user_id, user_name, office_id, user_icon_id FROM user ORDER BY RAND() LIMIT 1;
# Time: 2023-06-16T19:11:33.950554Z
# User@Host: mysql[mysql] @  [172.18.0.3]  Id:    23
# Query_time: 2.195228  Lock_time: 0.000001 Rows_sent: 1  Rows_examined: 300002
SET timestamp=1686942691;
SELECT user_id, user_name, office_id, user_icon_id FROM user ORDER BY RAND() LIMIT 1;
# Time: 2023-06-16T19:11:34.170691Z
# User@Host: mysql[mysql] @  [172.18.0.3]  Id:    21
# Query_time: 2.176295  Lock_time: 0.000002 Rows_sent: 1  Rows_examined: 300002
SET timestamp=1686942691;
SELECT user_id, user_name, office_id, user_icon_id FROM user ORDER BY RAND() LIMIT 1;
# Time: 2023-06-16T19:11:34.337338Z
# User@Host: mysql[mysql] @  [172.18.0.3]  Id:    17
# Query_time: 2.230740  Lock_time: 0.000001 Rows_sent: 1  Rows_examined: 300002
SET timestamp=1686942692;
SELECT user_id, user_name, office_id, user_icon_id FROM user ORDER BY RAND() LIMIT 1;
# Time: 2023-06-16T19:11:34.380368Z
# User@Host: mysql[mysql] @  [172.18.0.3]  Id:    19
# Query_time: 2.235476  Lock_time: 0.000001 Rows_sent: 1  Rows_examined: 300002
SET timestamp=1686942692;
SELECT user_id, user_name, office_id, user_icon_id FROM user ORDER BY RAND() LIMIT 1;
# Time: 2023-06-16T19:11:34.490812Z
# User@Host: mysql[mysql] @  [172.18.0.3]  Id:    18
# Query_time: 2.190058  Lock_time: 0.000002 Rows_sent: 1  Rows_examined: 300002
SET timestamp=1686942692;
SELECT user_id, user_name, office_id, user_icon_id FROM user ORDER BY RAND() LIMIT 1;
# Time: 2023-06-16T19:11:34.676943Z
# User@Host: mysql[mysql] @  [172.18.0.3]  Id:    25
# Query_time: 2.222755  Lock_time: 0.000001 Rows_sent: 1  Rows_examined: 300002
SET timestamp=1686942692;
SELECT user_id, user_name, office_id, user_icon_id FROM user ORDER BY RAND() LIMIT 1;
# Time: 2023-06-16T19:11:34.778183Z
# User@Host: mysql[mysql] @  [172.18.0.3]  Id:    24
# Query_time: 2.214189  Lock_time: 0.000001 Rows_sent: 1  Rows_examined: 300002
SET timestamp=1686942692;
SELECT user_id, user_name, office_id, user_icon_id FROM user ORDER BY RAND() LIMIT 1;
# Time: 2023-06-16T19:11:36.042189Z
# User@Host: mysql[mysql] @  [172.18.0.3]  Id:    22
# Query_time: 2.337369  Lock_time: 0.000001 Rows_sent: 1  Rows_examined: 300002
SET timestamp=1686942693;
SELECT user_id, user_name, office_id, user_icon_id FROM user ORDER BY RAND() LIMIT 1;
# Time: 2023-06-16T19:11:36.147775Z
# User@Host: mysql[mysql] @  [172.18.0.3]  Id:    20
# Query_time: 2.158531  Lock_time: 0.000002 Rows_sent: 1  Rows_examined: 300002
SET timestamp=1686942693;
SELECT user_id, user_name, office_id, user_icon_id FROM user ORDER BY RAND() LIMIT 1;
# Time: 2023-06-16T19:11:36.150493Z
# User@Host: mysql[mysql] @  [172.18.0.3]  Id:    10
# Query_time: 2.147440  Lock_time: 0.000002 Rows_sent: 1  Rows_examined: 300002
SET timestamp=1686942694;
SELECT user_id, user_name, office_id, user_icon_id FROM user ORDER BY RAND() LIMIT 1;
# Time: 2023-06-16T19:11:36.226012Z
# User@Host: mysql[mysql] @  [172.18.0.3]  Id:    23
# Query_time: 2.235823  Lock_time: 0.000001 Rows_sent: 1  Rows_examined: 300002
SET timestamp=1686942693;
SELECT user_id, user_name, office_id, user_icon_id FROM user ORDER BY RAND() LIMIT 1;
# Time: 2023-06-16T19:11:36.426214Z
# User@Host: mysql[mysql] @  [172.18.0.3]  Id:    21
# Query_time: 2.233754  Lock_time: 0.000001 Rows_sent: 1  Rows_examined: 300002
SET timestamp=1686942694;
SELECT user_id, user_name, office_id, user_icon_id FROM user ORDER BY RAND() LIMIT 1;
# Time: 2023-06-16T19:11:36.636840Z
# User@Host: mysql[mysql] @  [172.18.0.3]  Id:    17
# Query_time: 2.269145  Lock_time: 0.000002 Rows_sent: 1  Rows_examined: 300002
SET timestamp=1686942694;
SELECT user_id, user_name, office_id, user_icon_id FROM user ORDER BY RAND() LIMIT 1;
# Time: 2023-06-16T19:11:36.648114Z
# User@Host: mysql[mysql] @  [172.18.0.3]  Id:    19
# Query_time: 2.261908  Lock_time: 0.000003 Rows_sent: 1  Rows_examined: 300002
SET timestamp=1686942694;
SELECT user_id, user_name, office_id, user_icon_id FROM user ORDER BY RAND() LIMIT 1;
# Time: 2023-06-16T19:11:36.708675Z
# User@Host: mysql[mysql] @  [172.18.0.3]  Id:    18
# Query_time: 2.203603  Lock_time: 0.000001 Rows_sent: 1  Rows_examined: 300002
SET timestamp=1686942694;
SELECT user_id, user_name, office_id, user_icon_id FROM user ORDER BY RAND() LIMIT 1;
# Time: 2023-06-16T19:11:36.967823Z
# User@Host: mysql[mysql] @  [172.18.0.3]  Id:    25
# Query_time: 2.260531  Lock_time: 0.000002 Rows_sent: 1  Rows_examined: 300002
SET timestamp=1686942694;
SELECT user_id, user_name, office_id, user_icon_id FROM user ORDER BY RAND() LIMIT 1;
# Time: 2023-06-16T19:11:37.063112Z
# User@Host: mysql[mysql] @  [172.18.0.3]  Id:    24
# Query_time: 2.280452  Lock_time: 0.000001 Rows_sent: 1  Rows_examined: 300002
SET timestamp=1686942694;
SELECT user_id, user_name, office_id, user_icon_id FROM user ORDER BY RAND() LIMIT 1;
# Time: 2023-06-16T19:11:38.364236Z
# User@Host: mysql[mysql] @  [172.18.0.3]  Id:    22
# Query_time: 2.321852  Lock_time: 0.000003 Rows_sent: 1  Rows_examined: 300002
SET timestamp=1686942696;
SELECT user_id, user_name, office_id, user_icon_id FROM user ORDER BY RAND() LIMIT 1;
# Time: 2023-06-16T19:11:38.450193Z
# User@Host: mysql[mysql] @  [172.18.0.3]  Id:    20
# Query_time: 2.299320  Lock_time: 0.000001 Rows_sent: 1  Rows_examined: 300002
SET timestamp=1686942696;
SELECT user_id, user_name, office_id, user_icon_id FROM user ORDER BY RAND() LIMIT 1;
# Time: 2023-06-16T19:11:38.455233Z
# User@Host: mysql[mysql] @  [172.18.0.3]  Id:    10
# Query_time: 2.289155  Lock_time: 0.000002 Rows_sent: 1  Rows_examined: 300002
SET timestamp=1686942696;
SELECT user_id, user_name, office_id, user_icon_id FROM user ORDER BY RAND() LIMIT 1;
# Time: 2023-06-16T19:11:38.556340Z
# User@Host: mysql[mysql] @  [172.18.0.3]  Id:    23
# Query_time: 2.274641  Lock_time: 0.000003 Rows_sent: 1  Rows_examined: 300002
SET timestamp=1686942696;
SELECT user_id, user_name, office_id, user_icon_id FROM user ORDER BY RAND() LIMIT 1;
# Time: 2023-06-16T19:11:38.688781Z
# User@Host: mysql[mysql] @  [172.18.0.3]  Id:    21
# Query_time: 2.258565  Lock_time: 0.000003 Rows_sent: 1  Rows_examined: 300002
SET timestamp=1686942696;
SELECT user_id, user_name, office_id, user_icon_id FROM user ORDER BY RAND() LIMIT 1;
# Time: 2023-06-16T19:11:38.694211Z
# User@Host: mysql[mysql] @  [172.18.0.3]  Id:    17
# Query_time: 2.047005  Lock_time: 0.000001 Rows_sent: 1  Rows_examined: 300002
SET timestamp=1686942696;
SELECT user_id, user_name, office_id, user_icon_id FROM user ORDER BY RAND() LIMIT 1;
# Time: 2023-06-16T19:11:38.907427Z
# User@Host: mysql[mysql] @  [172.18.0.3]  Id:    18
# Query_time: 2.198616  Lock_time: 0.000004 Rows_sent: 1  Rows_examined: 300002
SET timestamp=1686942696;
SELECT user_id, user_name, office_id, user_icon_id FROM user ORDER BY RAND() LIMIT 1;
# Time: 2023-06-16T19:11:38.933787Z
# User@Host: mysql[mysql] @  [172.18.0.3]  Id:    19
# Query_time: 2.267071  Lock_time: 0.000001 Rows_sent: 1  Rows_examined: 300002
SET timestamp=1686942696;
SELECT user_id, user_name, office_id, user_icon_id FROM user ORDER BY RAND() LIMIT 1;
# Time: 2023-06-16T19:11:39.316431Z
# User@Host: mysql[mysql] @  [172.18.0.3]  Id:    25
# Query_time: 2.346369  Lock_time: 0.000001 Rows_sent: 1  Rows_examined: 300002
SET timestamp=1686942696;
SELECT user_id, user_name, office_id, user_icon_id FROM user ORDER BY RAND() LIMIT 1;
# Time: 2023-06-16T19:11:39.384380Z
# User@Host: mysql[mysql] @  [172.18.0.3]  Id:    24
# Query_time: 2.309347  Lock_time: 0.000001 Rows_sent: 1  Rows_examined: 300002
SET timestamp=1686942697;
SELECT user_id, user_name, office_id, user_icon_id FROM user ORDER BY RAND() LIMIT 1;
# Time: 2023-06-16T19:11:40.710221Z
# User@Host: mysql[mysql] @  [172.18.0.3]  Id:    22
# Query_time: 2.345257  Lock_time: 0.000001 Rows_sent: 1  Rows_examined: 300002
SET timestamp=1686942698;
SELECT user_id, user_name, office_id, user_icon_id FROM user ORDER BY RAND() LIMIT 1;
# Time: 2023-06-16T19:11:40.733584Z
# User@Host: mysql[mysql] @  [172.18.0.3]  Id:    23
# Query_time: 2.152306  Lock_time: 0.000001 Rows_sent: 1  Rows_examined: 300002
SET timestamp=1686942698;
SELECT user_id, user_name, office_id, user_icon_id FROM user ORDER BY RAND() LIMIT 1;
# Time: 2023-06-16T19:11:40.742803Z
# User@Host: mysql[mysql] @  [172.18.0.3]  Id:    10
# Query_time: 2.286735  Lock_time: 0.000001 Rows_sent: 1  Rows_examined: 300002
SET timestamp=1686942698;
SELECT user_id, user_name, office_id, user_icon_id FROM user ORDER BY RAND() LIMIT 1;
# Time: 2023-06-16T19:11:40.765002Z
# User@Host: mysql[mysql] @  [172.18.0.3]  Id:    20
# Query_time: 2.300477  Lock_time: 0.000001 Rows_sent: 1  Rows_examined: 300002
SET timestamp=1686942698;
SELECT user_id, user_name, office_id, user_icon_id FROM user ORDER BY RAND() LIMIT 1;
# Time: 2023-06-16T19:11:40.960418Z
# User@Host: mysql[mysql] @  [172.18.0.3]  Id:    17
# Query_time: 2.130857  Lock_time: 0.000001 Rows_sent: 1  Rows_examined: 300002
SET timestamp=1686942698;
SELECT user_id, user_name, office_id, user_icon_id FROM user ORDER BY RAND() LIMIT 1;
# Time: 2023-06-16T19:11:41.055204Z
# User@Host: mysql[mysql] @  [172.18.0.3]  Id:    21
# Query_time: 2.297321  Lock_time: 0.000002 Rows_sent: 1  Rows_examined: 300002
SET timestamp=1686942698;
SELECT user_id, user_name, office_id, user_icon_id FROM user ORDER BY RAND() LIMIT 1;
# Time: 2023-06-16T19:11:41.336439Z
# User@Host: mysql[mysql] @  [172.18.0.3]  Id:    18
# Query_time: 2.295580  Lock_time: 0.000001 Rows_sent: 1  Rows_examined: 300002
SET timestamp=1686942699;
SELECT user_id, user_name, office_id, user_icon_id FROM user ORDER BY RAND() LIMIT 1;
# Time: 2023-06-16T19:11:41.609460Z
# User@Host: mysql[mysql] @  [172.18.0.3]  Id:    19
# Query_time: 2.162517  Lock_time: 0.000001 Rows_sent: 1  Rows_examined: 300002
SET timestamp=1686942699;
SELECT user_id, user_name, office_id, user_icon_id FROM user ORDER BY RAND() LIMIT 1;
# Time: 2023-06-16T19:11:41.631363Z
# User@Host: mysql[mysql] @  [172.18.0.3]  Id:    25
# Query_time: 2.233158  Lock_time: 0.000002 Rows_sent: 1  Rows_examined: 300002
SET timestamp=1686942699;
SELECT user_id, user_name, office_id, user_icon_id FROM user ORDER BY RAND() LIMIT 1;
# Time: 2023-06-16T19:11:41.915089Z
# User@Host: mysql[mysql] @  [172.18.0.3]  Id:    24
# Query_time: 2.528161  Lock_time: 0.000002 Rows_sent: 1  Rows_examined: 300002
SET timestamp=1686942699;
SELECT user_id, user_name, office_id, user_icon_id FROM user ORDER BY RAND() LIMIT 1;
# Time: 2023-06-16T19:11:43.264012Z
# User@Host: mysql[mysql] @  [172.18.0.3]  Id:    20
# Query_time: 2.484336  Lock_time: 0.000001 Rows_sent: 1  Rows_examined: 300002
SET timestamp=1686942700;
SELECT user_id, user_name, office_id, user_icon_id FROM user ORDER BY RAND() LIMIT 1;
# Time: 2023-06-16T19:11:43.264959Z
# User@Host: mysql[mysql] @  [172.18.0.3]  Id:    23
# Query_time: 2.465444  Lock_time: 0.000001 Rows_sent: 1  Rows_examined: 300002
SET timestamp=1686942700;
SELECT user_id, user_name, office_id, user_icon_id FROM user ORDER BY RAND() LIMIT 1;
# Time: 2023-06-16T19:11:43.290203Z
# User@Host: mysql[mysql] @  [172.18.0.3]  Id:    10
# Query_time: 2.515430  Lock_time: 0.000001 Rows_sent: 1  Rows_examined: 300002
SET timestamp=1686942700;
SELECT user_id, user_name, office_id, user_icon_id FROM user ORDER BY RAND() LIMIT 1;
# Time: 2023-06-16T19:11:43.869935Z
# User@Host: mysql[mysql] @  [172.18.0.3]  Id:    17
# Query_time: 2.108402  Lock_time: 0.000001 Rows_sent: 1  Rows_examined: 300002
SET timestamp=1686942701;
SELECT user_id, user_name, office_id, user_icon_id FROM user ORDER BY RAND() LIMIT 1;
# Time: 2023-06-16T19:11:43.942209Z
# User@Host: mysql[mysql] @  [172.18.0.3]  Id:    21
# Query_time: 2.182366  Lock_time: 0.000001 Rows_sent: 1  Rows_examined: 300002
SET timestamp=1686942701;
SELECT user_id, user_name, office_id, user_icon_id FROM user ORDER BY RAND() LIMIT 1;
# Time: 2023-06-16T19:11:43.951139Z
# User@Host: mysql[mysql] @  [172.18.0.3]  Id:    18
# Query_time: 2.185039  Lock_time: 0.000001 Rows_sent: 1  Rows_examined: 300002
SET timestamp=1686942701;
SELECT user_id, user_name, office_id, user_icon_id FROM user ORDER BY RAND() LIMIT 1;
# Time: 2023-06-16T19:11:43.965879Z
# User@Host: mysql[mysql] @  [172.18.0.3]  Id:    22
# Query_time: 2.203256  Lock_time: 0.000001 Rows_sent: 1  Rows_examined: 300002
SET timestamp=1686942701;
SELECT user_id, user_name, office_id, user_icon_id FROM user ORDER BY RAND() LIMIT 1;
# Time: 2023-06-16T19:11:44.084060Z
# User@Host: mysql[mysql] @  [172.18.0.3]  Id:    25
# Query_time: 2.312276  Lock_time: 0.000001 Rows_sent: 1  Rows_examined: 300002
SET timestamp=1686942701;
SELECT user_id, user_name, office_id, user_icon_id FROM user ORDER BY RAND() LIMIT 1;
# Time: 2023-06-16T19:11:44.115811Z
# User@Host: mysql[mysql] @  [172.18.0.3]  Id:    19
# Query_time: 2.313578  Lock_time: 0.000003 Rows_sent: 1  Rows_examined: 300002
SET timestamp=1686942701;
SELECT user_id, user_name, office_id, user_icon_id FROM user ORDER BY RAND() LIMIT 1;
# Time: 2023-06-16T19:11:44.250764Z
# User@Host: mysql[mysql] @  [172.18.0.3]  Id:    24
# Query_time: 2.314801  Lock_time: 0.000001 Rows_sent: 1  Rows_examined: 300002
SET timestamp=1686942701;
SELECT user_id, user_name, office_id, user_icon_id FROM user ORDER BY RAND() LIMIT 1;
# Time: 2023-06-16T19:11:45.483159Z
# User@Host: mysql[mysql] @  [172.18.0.3]  Id:    20
# Query_time: 2.196939  Lock_time: 0.000004 Rows_sent: 1  Rows_examined: 300002
SET timestamp=1686942703;
SELECT user_id, user_name, office_id, user_icon_id FROM user ORDER BY RAND() LIMIT 1;
# Time: 2023-06-16T19:11:45.649437Z
# User@Host: mysql[mysql] @  [172.18.0.3]  Id:    23
# Query_time: 2.373638  Lock_time: 0.000002 Rows_sent: 1  Rows_examined: 300002
SET timestamp=1686942703;
SELECT user_id, user_name, office_id, user_icon_id FROM user ORDER BY RAND() LIMIT 1;
# Time: 2023-06-16T19:11:45.765460Z
# User@Host: mysql[mysql] @  [172.18.0.3]  Id:    10
# Query_time: 2.262559  Lock_time: 0.000002 Rows_sent: 1  Rows_examined: 300002
SET timestamp=1686942703;
SELECT user_id, user_name, office_id, user_icon_id FROM user ORDER BY RAND() LIMIT 1;
# Time: 2023-06-16T19:11:46.189745Z
# User@Host: mysql[mysql] @  [172.18.0.3]  Id:    17
# Query_time: 2.282792  Lock_time: 0.000002 Rows_sent: 1  Rows_examined: 300002
SET timestamp=1686942703;
SELECT user_id, user_name, office_id, user_icon_id FROM user ORDER BY RAND() LIMIT 1;
# Time: 2023-06-16T19:11:46.327200Z
# User@Host: mysql[mysql] @  [172.18.0.3]  Id:    22
# Query_time: 2.231089  Lock_time: 0.000001 Rows_sent: 1  Rows_examined: 300002
SET timestamp=1686942704;
SELECT user_id, user_name, office_id, user_icon_id FROM user ORDER BY RAND() LIMIT 1;
# Time: 2023-06-16T19:11:46.348010Z
# User@Host: mysql[mysql] @  [172.18.0.3]  Id:    19
# Query_time: 2.231786  Lock_time: 0.000001 Rows_sent: 1  Rows_examined: 300002
SET timestamp=1686942704;
SELECT user_id, user_name, office_id, user_icon_id FROM user ORDER BY RAND() LIMIT 1;
# Time: 2023-06-16T19:11:46.383065Z
# User@Host: mysql[mysql] @  [172.18.0.3]  Id:    21
# Query_time: 2.343224  Lock_time: 0.000002 Rows_sent: 1  Rows_examined: 300002
SET timestamp=1686942704;
SELECT user_id, user_name, office_id, user_icon_id FROM user ORDER BY RAND() LIMIT 1;
# Time: 2023-06-16T19:11:46.464128Z
# User@Host: mysql[mysql] @  [172.18.0.3]  Id:    18
# Query_time: 2.390439  Lock_time: 0.000002 Rows_sent: 1  Rows_examined: 300002
SET timestamp=1686942704;
SELECT user_id, user_name, office_id, user_icon_id FROM user ORDER BY RAND() LIMIT 1;
# Time: 2023-06-16T19:11:46.588299Z
# User@Host: mysql[mysql] @  [172.18.0.3]  Id:    25
# Query_time: 2.473508  Lock_time: 0.000001 Rows_sent: 1  Rows_examined: 300002
SET timestamp=1686942704;
SELECT user_id, user_name, office_id, user_icon_id FROM user ORDER BY RAND() LIMIT 1;
# Time: 2023-06-16T19:11:46.711580Z
# User@Host: mysql[mysql] @  [172.18.0.3]  Id:    24
# Query_time: 2.435016  Lock_time: 0.000001 Rows_sent: 1  Rows_examined: 300002
SET timestamp=1686942704;
SELECT user_id, user_name, office_id, user_icon_id FROM user ORDER BY RAND() LIMIT 1;
# Time: 2023-06-16T19:11:47.998980Z
# User@Host: mysql[mysql] @  [172.18.0.3]  Id:    23
# Query_time: 2.321833  Lock_time: 0.000001 Rows_sent: 1  Rows_examined: 300002
SET timestamp=1686942705;
SELECT user_id, user_name, office_id, user_icon_id FROM user ORDER BY RAND() LIMIT 1;
# Time: 2023-06-16T19:11:48.053481Z
# User@Host: mysql[mysql] @  [172.18.0.3]  Id:    20
# Query_time: 2.316170  Lock_time: 0.000002 Rows_sent: 1  Rows_examined: 300002
SET timestamp=1686942705;
SELECT user_id, user_name, office_id, user_icon_id FROM user ORDER BY RAND() LIMIT 1;
# Time: 2023-06-16T19:11:48.259197Z
# User@Host: mysql[mysql] @  [172.18.0.3]  Id:    10
# Query_time: 2.328961  Lock_time: 0.000001 Rows_sent: 1  Rows_examined: 300002
SET timestamp=1686942705;
SELECT user_id, user_name, office_id, user_icon_id FROM user ORDER BY RAND() LIMIT 1;
# Time: 2023-06-16T19:11:48.781123Z
# User@Host: mysql[mysql] @  [172.18.0.3]  Id:    22
# Query_time: 2.272092  Lock_time: 0.000001 Rows_sent: 1  Rows_examined: 300002
SET timestamp=1686942706;
SELECT user_id, user_name, office_id, user_icon_id FROM user ORDER BY RAND() LIMIT 1;
# Time: 2023-06-16T19:11:48.849706Z
# User@Host: mysql[mysql] @  [172.18.0.3]  Id:    17
# Query_time: 2.305968  Lock_time: 0.000001 Rows_sent: 1  Rows_examined: 300002
SET timestamp=1686942706;
SELECT user_id, user_name, office_id, user_icon_id FROM user ORDER BY RAND() LIMIT 1;
# Time: 2023-06-16T19:11:48.850861Z
# User@Host: mysql[mysql] @  [172.18.0.3]  Id:    25
# Query_time: 2.215003  Lock_time: 0.000001 Rows_sent: 1  Rows_examined: 300002
SET timestamp=1686942706;
SELECT user_id, user_name, office_id, user_icon_id FROM user ORDER BY RAND() LIMIT 1;
# Time: 2023-06-16T19:11:48.874194Z
# User@Host: mysql[mysql] @  [172.18.0.3]  Id:    21
# Query_time: 2.240537  Lock_time: 0.000002 Rows_sent: 1  Rows_examined: 300002
SET timestamp=1686942706;
SELECT user_id, user_name, office_id, user_icon_id FROM user ORDER BY RAND() LIMIT 1;
# Time: 2023-06-16T19:11:48.944052Z
# User@Host: mysql[mysql] @  [172.18.0.3]  Id:    19
# Query_time: 2.305201  Lock_time: 0.000001 Rows_sent: 1  Rows_examined: 300002
SET timestamp=1686942706;
SELECT user_id, user_name, office_id, user_icon_id FROM user ORDER BY RAND() LIMIT 1;
# Time: 2023-06-16T19:11:48.974206Z
# User@Host: mysql[mysql] @  [172.18.0.3]  Id:    18
# Query_time: 2.206492  Lock_time: 0.000001 Rows_sent: 1  Rows_examined: 300002
SET timestamp=1686942706;
SELECT user_id, user_name, office_id, user_icon_id FROM user ORDER BY RAND() LIMIT 1;
# Time: 2023-06-16T19:11:49.019092Z
# User@Host: mysql[mysql] @  [172.18.0.3]  Id:    24
# Query_time: 2.249962  Lock_time: 0.000002 Rows_sent: 1  Rows_examined: 300002
SET timestamp=1686942706;
SELECT user_id, user_name, office_id, user_icon_id FROM user ORDER BY RAND() LIMIT 1;
# Time: 2023-06-16T19:11:50.174182Z
# User@Host: mysql[mysql] @  [172.18.0.3]  Id:    23
# Query_time: 2.174267  Lock_time: 0.000002 Rows_sent: 1  Rows_examined: 300002
SET timestamp=1686942707;
SELECT user_id, user_name, office_id, user_icon_id FROM user ORDER BY RAND() LIMIT 1;
# Time: 2023-06-16T19:11:50.412433Z
# User@Host: mysql[mysql] @  [172.18.0.3]  Id:    20
# Query_time: 2.333053  Lock_time: 0.000001 Rows_sent: 1  Rows_examined: 300002
SET timestamp=1686942708;
SELECT user_id, user_name, office_id, user_icon_id FROM user ORDER BY RAND() LIMIT 1;
# Time: 2023-06-16T19:11:50.861554Z
# User@Host: mysql[mysql] @  [172.18.0.3]  Id:    10
# Query_time: 2.242574  Lock_time: 0.000001 Rows_sent: 1  Rows_examined: 300002
SET timestamp=1686942708;
SELECT user_id, user_name, office_id, user_icon_id FROM user ORDER BY RAND() LIMIT 1;
# Time: 2023-06-16T19:11:50.979951Z
# User@Host: mysql[mysql] @  [172.18.0.3]  Id:    21
# Query_time: 2.103888  Lock_time: 0.000001 Rows_sent: 1  Rows_examined: 300002
SET timestamp=1686942708;
SELECT user_id, user_name, office_id, user_icon_id FROM user ORDER BY RAND() LIMIT 1;
# Time: 2023-06-16T19:11:51.059868Z
# User@Host: mysql[mysql] @  [172.18.0.3]  Id:    25
# Query_time: 2.202068  Lock_time: 0.000002 Rows_sent: 1  Rows_examined: 300002
SET timestamp=1686942708;
SELECT user_id, user_name, office_id, user_icon_id FROM user ORDER BY RAND() LIMIT 1;
# Time: 2023-06-16T19:11:51.067219Z
# User@Host: mysql[mysql] @  [172.18.0.3]  Id:    22
# Query_time: 2.250461  Lock_time: 0.000001 Rows_sent: 1  Rows_examined: 300002
SET timestamp=1686942708;
SELECT user_id, user_name, office_id, user_icon_id FROM user ORDER BY RAND() LIMIT 1;
# Time: 2023-06-16T19:11:51.206145Z
# User@Host: mysql[mysql] @  [172.18.0.3]  Id:    19
# Query_time: 2.159534  Lock_time: 0.000002 Rows_sent: 1  Rows_examined: 300002
SET timestamp=1686942709;
SELECT user_id, user_name, office_id, user_icon_id FROM user ORDER BY RAND() LIMIT 1;
# Time: 2023-06-16T19:11:51.220004Z
# User@Host: mysql[mysql] @  [172.18.0.3]  Id:    17
# Query_time: 2.275823  Lock_time: 0.000002 Rows_sent: 1  Rows_examined: 300002
SET timestamp=1686942708;
SELECT user_id, user_name, office_id, user_icon_id FROM user ORDER BY RAND() LIMIT 1;
# Time: 2023-06-16T19:11:51.338558Z
# User@Host: mysql[mysql] @  [172.18.0.3]  Id:    24
# Query_time: 2.287666  Lock_time: 0.000002 Rows_sent: 1  Rows_examined: 300002
SET timestamp=1686942709;
SELECT user_id, user_name, office_id, user_icon_id FROM user ORDER BY RAND() LIMIT 1;
# Time: 2023-06-16T19:11:51.357186Z
# User@Host: mysql[mysql] @  [172.18.0.3]  Id:    18
# Query_time: 2.163969  Lock_time: 0.000001 Rows_sent: 1  Rows_examined: 300002
SET timestamp=1686942709;
SELECT user_id, user_name, office_id, user_icon_id FROM user ORDER BY RAND() LIMIT 1;
# Time: 2023-06-16T19:11:52.600495Z
# User@Host: mysql[mysql] @  [172.18.0.3]  Id:    23
# Query_time: 2.342300  Lock_time: 0.000001 Rows_sent: 1  Rows_examined: 300002
SET timestamp=1686942710;
SELECT user_id, user_name, office_id, user_icon_id FROM user ORDER BY RAND() LIMIT 1;
# Time: 2023-06-16T19:11:52.726184Z
# User@Host: mysql[mysql] @  [172.18.0.3]  Id:    20
# Query_time: 2.273286  Lock_time: 0.000002 Rows_sent: 1  Rows_examined: 300002
SET timestamp=1686942710;
SELECT user_id, user_name, office_id, user_icon_id FROM user ORDER BY RAND() LIMIT 1;
# Time: 2023-06-16T19:11:53.250191Z
# User@Host: mysql[mysql] @  [172.18.0.3]  Id:    10
# Query_time: 2.311233  Lock_time: 0.000002 Rows_sent: 1  Rows_examined: 300002
SET timestamp=1686942710;
SELECT user_id, user_name, office_id, user_icon_id FROM user ORDER BY RAND() LIMIT 1;
# Time: 2023-06-16T19:11:53.390865Z
# User@Host: mysql[mysql] @  [172.18.0.3]  Id:    22
# Query_time: 2.275041  Lock_time: 0.000001 Rows_sent: 1  Rows_examined: 300002
SET timestamp=1686942711;
SELECT user_id, user_name, office_id, user_icon_id FROM user ORDER BY RAND() LIMIT 1;
# Time: 2023-06-16T19:11:53.448695Z
# User@Host: mysql[mysql] @  [172.18.0.3]  Id:    18
# Query_time: 2.066390  Lock_time: 0.000001 Rows_sent: 1  Rows_examined: 300002
SET timestamp=1686942711;
SELECT user_id, user_name, office_id, user_icon_id FROM user ORDER BY RAND() LIMIT 1;
# Time: 2023-06-16T19:11:53.453232Z
# User@Host: mysql[mysql] @  [172.18.0.3]  Id:    25
# Query_time: 2.217025  Lock_time: 0.000002 Rows_sent: 1  Rows_examined: 300002
SET timestamp=1686942711;
SELECT user_id, user_name, office_id, user_icon_id FROM user ORDER BY RAND() LIMIT 1;
# Time: 2023-06-16T19:11:53.575094Z
# User@Host: mysql[mysql] @  [172.18.0.3]  Id:    17
# Query_time: 2.246802  Lock_time: 0.000001 Rows_sent: 1  Rows_examined: 300002
SET timestamp=1686942711;
SELECT user_id, user_name, office_id, user_icon_id FROM user ORDER BY RAND() LIMIT 1;
# Time: 2023-06-16T19:11:53.582183Z
# User@Host: mysql[mysql] @  [172.18.0.3]  Id:    21
# Query_time: 2.215293  Lock_time: 0.000001 Rows_sent: 1  Rows_examined: 300002
SET timestamp=1686942711;
SELECT user_id, user_name, office_id, user_icon_id FROM user ORDER BY RAND() LIMIT 1;
# Time: 2023-06-16T19:11:53.680369Z
# User@Host: mysql[mysql] @  [172.18.0.3]  Id:    24
# Query_time: 2.296388  Lock_time: 0.000001 Rows_sent: 1  Rows_examined: 300002
SET timestamp=1686942711;
SELECT user_id, user_name, office_id, user_icon_id FROM user ORDER BY RAND() LIMIT 1;
# Time: 2023-06-16T19:11:53.764790Z
# User@Host: mysql[mysql] @  [172.18.0.3]  Id:    19
# Query_time: 2.102716  Lock_time: 0.000001 Rows_sent: 1  Rows_examined: 300002
SET timestamp=1686942711;
SELECT user_id, user_name, office_id, user_icon_id FROM user ORDER BY RAND() LIMIT 1;
# Time: 2023-06-16T19:11:55.377986Z
# User@Host: mysql[mysql] @  [172.18.0.3]  Id:    23
# Query_time: 2.755224  Lock_time: 0.000001 Rows_sent: 1  Rows_examined: 300002
SET timestamp=1686942712;
SELECT user_id, user_name, office_id, user_icon_id FROM user ORDER BY RAND() LIMIT 1;
# Time: 2023-06-16T19:11:55.601078Z
# User@Host: mysql[mysql] @  [172.18.0.3]  Id:    20
# Query_time: 2.869520  Lock_time: 0.000001 Rows_sent: 1  Rows_examined: 300002
SET timestamp=1686942712;
SELECT user_id, user_name, office_id, user_icon_id FROM user ORDER BY RAND() LIMIT 1;
# Time: 2023-06-16T19:11:56.176503Z
# User@Host: mysql[mysql] @  [172.18.0.3]  Id:    22
# Query_time: 2.752770  Lock_time: 0.000001 Rows_sent: 1  Rows_examined: 300002
SET timestamp=1686942713;
SELECT user_id, user_name, office_id, user_icon_id FROM user ORDER BY RAND() LIMIT 1;
# Time: 2023-06-16T19:11:56.499821Z
# User@Host: mysql[mysql] @  [172.18.0.3]  Id:    10
# Query_time: 3.224166  Lock_time: 0.000001 Rows_sent: 1  Rows_examined: 300002
SET timestamp=1686942713;
SELECT user_id, user_name, office_id, user_icon_id FROM user ORDER BY RAND() LIMIT 1;
# Time: 2023-06-16T19:11:56.533739Z
# User@Host: mysql[mysql] @  [172.18.0.3]  Id:    25
# Query_time: 3.066294  Lock_time: 0.000001 Rows_sent: 1  Rows_examined: 300002
SET timestamp=1686942713;
SELECT user_id, user_name, office_id, user_icon_id FROM user ORDER BY RAND() LIMIT 1;
# Time: 2023-06-16T19:11:56.615046Z
# User@Host: mysql[mysql] @  [172.18.0.3]  Id:    18
# Query_time: 3.051247  Lock_time: 0.000001 Rows_sent: 1  Rows_examined: 300002
SET timestamp=1686942713;
SELECT user_id, user_name, office_id, user_icon_id FROM user ORDER BY RAND() LIMIT 1;
