/usr/sbin/mysqld, Version: 8.0.33 (MySQL Community Server - GPL). started with:
Tcp port: 3306  Unix socket: /var/run/mysqld/mysqld.sock
Time                 Id Command    Argument
# Time: 2023-06-16T20:07:28.416543Z
# User@Host: mysql[mysql] @  [172.18.0.5]  Id:    10
# Query_time: 0.515484  Lock_time: 0.000002 Rows_sent: 1  Rows_examined: 300002
use app;
SET timestamp=1686946047;
SELECT user_id, user_name, office_id, user_icon_id FROM user ORDER BY RAND() LIMIT 1;
# Time: 2023-06-16T20:07:28.935718Z
# User@Host: mysql[mysql] @  [172.18.0.5]  Id:    10
# Query_time: 0.508873  Lock_time: 0.000001 Rows_sent: 1  Rows_examined: 300002
SET timestamp=1686946048;
SELECT user_id, user_name, office_id, user_icon_id FROM user ORDER BY RAND() LIMIT 1;
# Time: 2023-06-16T20:07:30.400455Z
# User@Host: mysql[mysql] @  [172.18.0.5]  Id:    10
# Query_time: 0.520444  Lock_time: 0.000002 Rows_sent: 1  Rows_examined: 300002
SET timestamp=1686946049;
SELECT user_id, user_name, office_id, user_icon_id FROM user ORDER BY RAND() LIMIT 1;
# Time: 2023-06-16T20:08:16.568111Z
# User@Host: mysql[mysql] @  [172.18.0.5]  Id:    21
# Query_time: 0.694102  Lock_time: 0.000002 Rows_sent: 0  Rows_examined: 300001
SET timestamp=1686946095;
SELECT user_id FROM user WHERE user_name LIKE '%常務%';
# Time: 2023-06-16T20:08:16.572481Z
# User@Host: mysql[mysql] @  [172.18.0.5]  Id:    23
# Query_time: 0.673887  Lock_time: 0.000002 Rows_sent: 0  Rows_examined: 300001
SET timestamp=1686946095;
SELECT user_id FROM user WHERE user_name LIKE '%常務%';
# Time: 2023-06-16T20:08:16.590158Z
# User@Host: mysql[mysql] @  [172.18.0.5]  Id:    10
# Query_time: 0.714091  Lock_time: 0.000002 Rows_sent: 0  Rows_examined: 300001
SET timestamp=1686946095;
SELECT user_id FROM user WHERE user_name LIKE '%常務%';
# Time: 2023-06-16T20:08:21.711214Z
# User@Host: mysql[mysql] @  [172.18.0.5]  Id:    18
# Query_time: 0.649186  Lock_time: 0.000002 Rows_sent: 1  Rows_examined: 300002
SET timestamp=1686946101;
SELECT user_id, user_name, office_id, user_icon_id FROM user ORDER BY RAND() LIMIT 1;
# Time: 2023-06-16T20:08:33.663697Z
# User@Host: mysql[mysql] @  [172.18.0.5]  Id:    19
# Query_time: 0.506245  Lock_time: 0.000001 Rows_sent: 0  Rows_examined: 300001
SET timestamp=1686946113;
SELECT user_id FROM user WHERE user_name LIKE '%常務%';
# Time: 2023-06-16T20:08:33.670265Z
# User@Host: mysql[mysql] @  [172.18.0.5]  Id:    20
# Query_time: 0.512080  Lock_time: 0.000001 Rows_sent: 0  Rows_examined: 300001
SET timestamp=1686946113;
SELECT user_id FROM user WHERE user_name LIKE '%常務%';
# Time: 2023-06-16T20:08:38.008625Z
# User@Host: mysql[mysql] @  [172.18.0.5]  Id:    17
# Query_time: 0.627040  Lock_time: 0.000002 Rows_sent: 0  Rows_examined: 300001
SET timestamp=1686946117;
SELECT user_id FROM user WHERE user_name LIKE '%常務%';
# Time: 2023-06-16T20:08:38.031311Z
# User@Host: mysql[mysql] @  [172.18.0.5]  Id:    10
# Query_time: 0.637633  Lock_time: 0.000003 Rows_sent: 0  Rows_examined: 300001
SET timestamp=1686946117;
SELECT user_id FROM user WHERE user_name LIKE '%常務%';
# Time: 2023-06-16T20:08:42.774095Z
# User@Host: mysql[mysql] @  [172.18.0.5]  Id:    24
# Query_time: 0.579820  Lock_time: 0.000001 Rows_sent: 0  Rows_examined: 300001
SET timestamp=1686946122;
SELECT user_id FROM user WHERE user_name LIKE '%常務%';
# Time: 2023-06-16T20:08:42.813078Z
# User@Host: mysql[mysql] @  [172.18.0.5]  Id:    22
# Query_time: 0.624219  Lock_time: 0.000004 Rows_sent: 0  Rows_examined: 300001
SET timestamp=1686946122;
SELECT user_id FROM user WHERE user_name LIKE '%常務%';
# Time: 2023-06-16T20:08:49.396379Z
# User@Host: mysql[mysql] @  [172.18.0.5]  Id:    18
# Query_time: 0.573676  Lock_time: 0.000002 Rows_sent: 0  Rows_examined: 300001
SET timestamp=1686946128;
SELECT user_id FROM user WHERE user_name LIKE '%常務%';
# Time: 2023-06-16T20:09:04.864917Z
# User@Host: mysql[mysql] @  [172.18.0.5]  Id:    23
# Query_time: 0.519865  Lock_time: 0.000002 Rows_sent: 0  Rows_examined: 300001
SET timestamp=1686946144;
SELECT user_id FROM user WHERE user_name LIKE '%常務%';
# Time: 2023-06-16T20:09:10.866935Z
# User@Host: mysql[mysql] @  [172.18.0.5]  Id:    21
# Query_time: 0.521804  Lock_time: 0.000004 Rows_sent: 0  Rows_examined: 300001
SET timestamp=1686946150;
SELECT user_id FROM user WHERE user_name LIKE '%常務%';
# Time: 2023-06-16T20:09:13.161707Z
# User@Host: mysql[mysql] @  [172.18.0.5]  Id:    25
# Query_time: 0.509524  Lock_time: 0.000001 Rows_sent: 0  Rows_examined: 300001
SET timestamp=1686946152;
SELECT user_id FROM user WHERE user_name LIKE '%常務%';
# Time: 2023-06-16T20:09:29.075586Z
# User@Host: mysql[mysql] @  [172.18.0.5]  Id:    17
# Query_time: 0.726550  Lock_time: 0.000001 Rows_sent: 0  Rows_examined: 300001
SET timestamp=1686946168;
SELECT user_id FROM user WHERE user_name LIKE '%常務%';
# Time: 2023-06-16T20:09:29.379262Z
# User@Host: mysql[mysql] @  [172.18.0.5]  Id:    23
# Query_time: 1.115762  Lock_time: 0.000001 Rows_sent: 1  Rows_examined: 300002
SET timestamp=1686946168;
SELECT user_id, user_name, office_id, user_icon_id FROM user ORDER BY RAND() LIMIT 1;
# Time: 2023-06-16T20:09:29.407216Z
# User@Host: mysql[mysql] @  [172.18.0.5]  Id:    21
# Query_time: 1.144130  Lock_time: 0.000002 Rows_sent: 1  Rows_examined: 300002
SET timestamp=1686946168;
SELECT user_id, user_name, office_id, user_icon_id FROM user ORDER BY RAND() LIMIT 1;
# Time: 2023-06-16T20:09:30.030820Z
# User@Host: mysql[mysql] @  [172.18.0.5]  Id:    18
# Query_time: 0.544164  Lock_time: 0.000002 Rows_sent: 0  Rows_examined: 300001
SET timestamp=1686946169;
SELECT user_id FROM user WHERE user_name LIKE '%常務%';
# Time: 2023-06-16T20:09:42.655852Z
# User@Host: mysql[mysql] @  [172.18.0.5]  Id:    23
# Query_time: 0.799633  Lock_time: 0.000001 Rows_sent: 0  Rows_examined: 300001
SET timestamp=1686946181;
SELECT user_id FROM user WHERE user_name LIKE '%常務%';
# Time: 2023-06-16T20:09:42.660457Z
# User@Host: mysql[mysql] @  [172.18.0.5]  Id:    25
# Query_time: 0.803229  Lock_time: 0.000001 Rows_sent: 0  Rows_examined: 300001
SET timestamp=1686946181;
SELECT user_id FROM user WHERE user_name LIKE '%常務%';
# Time: 2023-06-16T20:09:42.675562Z
# User@Host: mysql[mysql] @  [172.18.0.5]  Id:    24
# Query_time: 0.798332  Lock_time: 0.000004 Rows_sent: 0  Rows_examined: 300001
SET timestamp=1686946181;
SELECT user_id FROM user WHERE user_name LIKE '%常務%';
# Time: 2023-06-16T20:10:03.205660Z
# User@Host: mysql[mysql] @  [172.18.0.5]  Id:    22
# Query_time: 0.605934  Lock_time: 0.000022 Rows_sent: 0  Rows_examined: 300001
SET timestamp=1686946202;
SELECT user_id FROM user WHERE user_name LIKE '%常務%';
# Time: 2023-06-16T20:10:29.622747Z
# User@Host: mysql[mysql] @  [172.18.0.5]  Id:    19
# Query_time: 1.217859  Lock_time: 0.000002 Rows_sent: 0  Rows_examined: 300001
SET timestamp=1686946228;
SELECT user_id FROM user WHERE user_name LIKE '%常務%';
# Time: 2023-06-16T20:10:29.646066Z
# User@Host: mysql[mysql] @  [172.18.0.5]  Id:    10
# Query_time: 1.225422  Lock_time: 0.000002 Rows_sent: 0  Rows_examined: 300001
SET timestamp=1686946228;
SELECT user_id FROM user WHERE user_name LIKE '%常務%';
# Time: 2023-06-16T20:10:29.680225Z
# User@Host: mysql[mysql] @  [172.18.0.5]  Id:    20
# Query_time: 1.277117  Lock_time: 0.000002 Rows_sent: 0  Rows_examined: 300001
SET timestamp=1686946228;
SELECT user_id FROM user WHERE user_name LIKE '%常務%';
# Time: 2023-06-16T20:10:29.684567Z
# User@Host: mysql[mysql] @  [172.18.0.5]  Id:    22
# Query_time: 1.271383  Lock_time: 0.000002 Rows_sent: 0  Rows_examined: 300001
SET timestamp=1686946228;
SELECT user_id FROM user WHERE user_name LIKE '%常務%';
# Time: 2023-06-16T20:10:29.706559Z
# User@Host: mysql[mysql] @  [172.18.0.5]  Id:    17
# Query_time: 1.305093  Lock_time: 0.000001 Rows_sent: 0  Rows_examined: 300001
SET timestamp=1686946228;
SELECT user_id FROM user WHERE user_name LIKE '%常務%';
# Time: 2023-06-16T20:10:29.718783Z
# User@Host: mysql[mysql] @  [172.18.0.5]  Id:    18
# Query_time: 1.304995  Lock_time: 0.000001 Rows_sent: 0  Rows_examined: 300001
SET timestamp=1686946228;
SELECT user_id FROM user WHERE user_name LIKE '%常務%';
# Time: 2023-06-16T20:10:30.364155Z
# User@Host: mysql[mysql] @  [172.18.0.5]  Id:    24
# Query_time: 0.746756  Lock_time: 0.000001 Rows_sent: 0  Rows_examined: 300001
SET timestamp=1686946229;
SELECT user_id FROM user WHERE user_name LIKE '%常務%';
# Time: 2023-06-16T20:10:30.371469Z
# User@Host: mysql[mysql] @  [172.18.0.5]  Id:    23
# Query_time: 0.750409  Lock_time: 0.000002 Rows_sent: 0  Rows_examined: 300001
SET timestamp=1686946229;
SELECT user_id FROM user WHERE user_name LIKE '%常務%';
# Time: 2023-06-16T20:10:30.391891Z
# User@Host: mysql[mysql] @  [172.18.0.5]  Id:    19
# Query_time: 0.765329  Lock_time: 0.000001 Rows_sent: 0  Rows_examined: 300001
SET timestamp=1686946229;
SELECT user_id FROM user WHERE user_name LIKE '%常務%';
# Time: 2023-06-16T20:10:31.496821Z
# User@Host: mysql[mysql] @  [172.18.0.5]  Id:    17
# Query_time: 0.835891  Lock_time: 0.000001 Rows_sent: 0  Rows_examined: 300001
SET timestamp=1686946230;
SELECT user_id FROM user WHERE user_name LIKE '%常務%';
# Time: 2023-06-16T20:10:31.599206Z
# User@Host: mysql[mysql] @  [172.18.0.5]  Id:    20
# Query_time: 0.942759  Lock_time: 0.000001 Rows_sent: 0  Rows_examined: 300001
SET timestamp=1686946230;
SELECT user_id FROM user WHERE user_name LIKE '%常務%';
# Time: 2023-06-16T20:10:31.673988Z
# User@Host: mysql[mysql] @  [172.18.0.5]  Id:    10
# Query_time: 1.033220  Lock_time: 0.000001 Rows_sent: 0  Rows_examined: 300001
SET timestamp=1686946230;
SELECT user_id FROM user WHERE user_name LIKE '%常務%';
# Time: 2023-06-16T20:10:31.692064Z
# User@Host: mysql[mysql] @  [172.18.0.5]  Id:    21
# Query_time: 1.032506  Lock_time: 0.000002 Rows_sent: 0  Rows_examined: 300001
SET timestamp=1686946230;
SELECT user_id FROM user WHERE user_name LIKE '%常務%';
# Time: 2023-06-16T20:10:33.721726Z
# User@Host: mysql[mysql] @  [172.18.0.5]  Id:    22
# Query_time: 1.122438  Lock_time: 0.000002 Rows_sent: 0  Rows_examined: 300001
SET timestamp=1686946232;
SELECT user_id FROM user WHERE user_name LIKE '%常務%';
# Time: 2023-06-16T20:10:33.729651Z
# User@Host: mysql[mysql] @  [172.18.0.5]  Id:    18
# Query_time: 1.118969  Lock_time: 0.000001 Rows_sent: 0  Rows_examined: 300001
SET timestamp=1686946232;
SELECT user_id FROM user WHERE user_name LIKE '%常務%';
# Time: 2023-06-16T20:10:33.730845Z
# User@Host: mysql[mysql] @  [172.18.0.5]  Id:    20
# Query_time: 1.127665  Lock_time: 0.000001 Rows_sent: 0  Rows_examined: 300001
SET timestamp=1686946232;
SELECT user_id FROM user WHERE user_name LIKE '%常務%';
# Time: 2023-06-16T20:10:33.734095Z
# User@Host: mysql[mysql] @  [172.18.0.5]  Id:    21
# Query_time: 1.110967  Lock_time: 0.000000 Rows_sent: 0  Rows_examined: 300001
SET timestamp=1686946232;
SELECT user_id FROM user WHERE user_name LIKE '%常務%';
# Time: 2023-06-16T20:10:33.737479Z
# User@Host: mysql[mysql] @  [172.18.0.5]  Id:    19
# Query_time: 1.123285  Lock_time: 0.000001 Rows_sent: 0  Rows_examined: 300001
SET timestamp=1686946232;
SELECT user_id FROM user WHERE user_name LIKE '%常務%';
# Time: 2023-06-16T20:10:33.738328Z
# User@Host: mysql[mysql] @  [172.18.0.5]  Id:    25
# Query_time: 1.117815  Lock_time: 0.000002 Rows_sent: 0  Rows_examined: 300001
SET timestamp=1686946232;
SELECT user_id FROM user WHERE user_name LIKE '%常務%';
# Time: 2023-06-16T20:10:33.738752Z
# User@Host: mysql[mysql] @  [172.18.0.5]  Id:    17
# Query_time: 1.119760  Lock_time: 0.000001 Rows_sent: 0  Rows_examined: 300001
SET timestamp=1686946232;
SELECT user_id FROM user WHERE user_name LIKE '%常務%';
# Time: 2023-06-16T20:10:33.749088Z
# User@Host: mysql[mysql] @  [172.18.0.5]  Id:    10
# Query_time: 1.130895  Lock_time: 0.000001 Rows_sent: 0  Rows_examined: 300001
SET timestamp=1686946232;
SELECT user_id FROM user WHERE user_name LIKE '%常務%';
# Time: 2023-06-16T20:10:33.755830Z
# User@Host: mysql[mysql] @  [172.18.0.5]  Id:    23
# Query_time: 1.117320  Lock_time: 0.000001 Rows_sent: 0  Rows_examined: 300001
SET timestamp=1686946232;
SELECT user_id FROM user WHERE user_name LIKE '%常務%';
# Time: 2023-06-16T20:10:33.756493Z
# User@Host: mysql[mysql] @  [172.18.0.5]  Id:    24
# Query_time: 1.101599  Lock_time: 0.000004 Rows_sent: 0  Rows_examined: 300001
SET timestamp=1686946232;
SELECT user_id FROM user WHERE user_name LIKE '%常務%';
# Time: 2023-06-16T20:10:36.999257Z
# User@Host: mysql[mysql] @  [172.18.0.5]  Id:    19
# Query_time: 2.087147  Lock_time: 0.000001 Rows_sent: 1  Rows_examined: 300002
SET timestamp=1686946234;
SELECT user_id, user_name, office_id, user_icon_id FROM user ORDER BY RAND() LIMIT 1;
# Time: 2023-06-16T20:10:37.015727Z
# User@Host: mysql[mysql] @  [172.18.0.5]  Id:    20
# Query_time: 2.164773  Lock_time: 0.000001 Rows_sent: 1  Rows_examined: 300002
SET timestamp=1686946234;
SELECT user_id, user_name, office_id, user_icon_id FROM user ORDER BY RAND() LIMIT 1;
# Time: 2023-06-16T20:10:37.070249Z
# User@Host: mysql[mysql] @  [172.18.0.5]  Id:    18
# Query_time: 2.154952  Lock_time: 0.000001 Rows_sent: 1  Rows_examined: 300002
SET timestamp=1686946234;
SELECT user_id, user_name, office_id, user_icon_id FROM user ORDER BY RAND() LIMIT 1;
# Time: 2023-06-16T20:10:37.249486Z
# User@Host: mysql[mysql] @  [172.18.0.5]  Id:    23
# Query_time: 2.309862  Lock_time: 0.000001 Rows_sent: 1  Rows_examined: 300002
SET timestamp=1686946234;
SELECT user_id, user_name, office_id, user_icon_id FROM user ORDER BY RAND() LIMIT 1;
# Time: 2023-06-16T20:10:37.325701Z
# User@Host: mysql[mysql] @  [172.18.0.5]  Id:    21
# Query_time: 2.223123  Lock_time: 0.000001 Rows_sent: 1  Rows_examined: 300002
SET timestamp=1686946235;
SELECT user_id, user_name, office_id, user_icon_id FROM user ORDER BY RAND() LIMIT 1;
# Time: 2023-06-16T20:10:37.429473Z
# User@Host: mysql[mysql] @  [172.18.0.5]  Id:    25
# Query_time: 2.322159  Lock_time: 0.000002 Rows_sent: 1  Rows_examined: 300002
SET timestamp=1686946235;
SELECT user_id, user_name, office_id, user_icon_id FROM user ORDER BY RAND() LIMIT 1;
# Time: 2023-06-16T20:10:37.430102Z
# User@Host: mysql[mysql] @  [172.18.0.5]  Id:    17
# Query_time: 2.416790  Lock_time: 0.000001 Rows_sent: 1  Rows_examined: 300002
SET timestamp=1686946235;
SELECT user_id, user_name, office_id, user_icon_id FROM user ORDER BY RAND() LIMIT 1;
# Time: 2023-06-16T20:10:37.430914Z
# User@Host: mysql[mysql] @  [172.18.0.5]  Id:    22
# Query_time: 2.436470  Lock_time: 0.000001 Rows_sent: 1  Rows_examined: 300002
SET timestamp=1686946234;
SELECT user_id, user_name, office_id, user_icon_id FROM user ORDER BY RAND() LIMIT 1;
# Time: 2023-06-16T20:10:37.495481Z
# User@Host: mysql[mysql] @  [172.18.0.5]  Id:    10
# Query_time: 2.385138  Lock_time: 0.000001 Rows_sent: 1  Rows_examined: 300002
SET timestamp=1686946235;
SELECT user_id, user_name, office_id, user_icon_id FROM user ORDER BY RAND() LIMIT 1;
# Time: 2023-06-16T20:10:37.535353Z
# User@Host: mysql[mysql] @  [172.18.0.5]  Id:    24
# Query_time: 2.376810  Lock_time: 0.000001 Rows_sent: 1  Rows_examined: 300002
SET timestamp=1686946235;
SELECT user_id, user_name, office_id, user_icon_id FROM user ORDER BY RAND() LIMIT 1;
# Time: 2023-06-16T20:10:39.331862Z
# User@Host: mysql[mysql] @  [172.18.0.5]  Id:    19
# Query_time: 2.217155  Lock_time: 0.000001 Rows_sent: 1  Rows_examined: 300002
SET timestamp=1686946237;
SELECT user_id, user_name, office_id, user_icon_id FROM user ORDER BY RAND() LIMIT 1;
# Time: 2023-06-16T20:10:39.335799Z
# User@Host: mysql[mysql] @  [172.18.0.5]  Id:    20
# Query_time: 2.201686  Lock_time: 0.000002 Rows_sent: 1  Rows_examined: 300002
SET timestamp=1686946237;
SELECT user_id, user_name, office_id, user_icon_id FROM user ORDER BY RAND() LIMIT 1;
# Time: 2023-06-16T20:10:39.443820Z
# User@Host: mysql[mysql] @  [172.18.0.5]  Id:    18
# Query_time: 2.292682  Lock_time: 0.000001 Rows_sent: 1  Rows_examined: 300002
SET timestamp=1686946237;
SELECT user_id, user_name, office_id, user_icon_id FROM user ORDER BY RAND() LIMIT 1;
# Time: 2023-06-16T20:10:39.506203Z
# User@Host: mysql[mysql] @  [172.18.0.5]  Id:    23
# Query_time: 2.203162  Lock_time: 0.000001 Rows_sent: 1  Rows_examined: 300002
SET timestamp=1686946237;
SELECT user_id, user_name, office_id, user_icon_id FROM user ORDER BY RAND() LIMIT 1;
# Time: 2023-06-16T20:10:39.753726Z
# User@Host: mysql[mysql] @  [172.18.0.5]  Id:    25
# Query_time: 2.224126  Lock_time: 0.000001 Rows_sent: 1  Rows_examined: 300002
SET timestamp=1686946237;
SELECT user_id, user_name, office_id, user_icon_id FROM user ORDER BY RAND() LIMIT 1;
# Time: 2023-06-16T20:10:39.779542Z
# User@Host: mysql[mysql] @  [172.18.0.5]  Id:    22
# Query_time: 2.177085  Lock_time: 0.000002 Rows_sent: 1  Rows_examined: 300002
SET timestamp=1686946237;
SELECT user_id, user_name, office_id, user_icon_id FROM user ORDER BY RAND() LIMIT 1;
# Time: 2023-06-16T20:10:39.872337Z
# User@Host: mysql[mysql] @  [172.18.0.5]  Id:    21
# Query_time: 2.270937  Lock_time: 0.000001 Rows_sent: 1  Rows_examined: 300002
SET timestamp=1686946237;
SELECT user_id, user_name, office_id, user_icon_id FROM user ORDER BY RAND() LIMIT 1;
# Time: 2023-06-16T20:10:39.911227Z
# User@Host: mysql[mysql] @  [172.18.0.5]  Id:    24
# Query_time: 2.232703  Lock_time: 0.000001 Rows_sent: 1  Rows_examined: 300002
SET timestamp=1686946237;
SELECT user_id, user_name, office_id, user_icon_id FROM user ORDER BY RAND() LIMIT 1;
# Time: 2023-06-16T20:10:39.931398Z
# User@Host: mysql[mysql] @  [172.18.0.5]  Id:    17
# Query_time: 2.241194  Lock_time: 0.000001 Rows_sent: 1  Rows_examined: 300002
SET timestamp=1686946237;
SELECT user_id, user_name, office_id, user_icon_id FROM user ORDER BY RAND() LIMIT 1;
# Time: 2023-06-16T20:10:39.952724Z
# User@Host: mysql[mysql] @  [172.18.0.5]  Id:    10
# Query_time: 2.253727  Lock_time: 0.000001 Rows_sent: 1  Rows_examined: 300002
SET timestamp=1686946237;
SELECT user_id, user_name, office_id, user_icon_id FROM user ORDER BY RAND() LIMIT 1;
# Time: 2023-06-16T20:10:41.682180Z
# User@Host: mysql[mysql] @  [172.18.0.5]  Id:    20
# Query_time: 2.335480  Lock_time: 0.000001 Rows_sent: 1  Rows_examined: 300002
SET timestamp=1686946239;
SELECT user_id, user_name, office_id, user_icon_id FROM user ORDER BY RAND() LIMIT 1;
# Time: 2023-06-16T20:10:41.684901Z
# User@Host: mysql[mysql] @  [172.18.0.5]  Id:    19
# Query_time: 2.342456  Lock_time: 0.000001 Rows_sent: 1  Rows_examined: 300002
SET timestamp=1686946239;
SELECT user_id, user_name, office_id, user_icon_id FROM user ORDER BY RAND() LIMIT 1;
# Time: 2023-06-16T20:10:41.815876Z
# User@Host: mysql[mysql] @  [172.18.0.5]  Id:    18
# Query_time: 2.336700  Lock_time: 0.000001 Rows_sent: 1  Rows_examined: 300002
SET timestamp=1686946239;
SELECT user_id, user_name, office_id, user_icon_id FROM user ORDER BY RAND() LIMIT 1;
# Time: 2023-06-16T20:10:41.835776Z
# User@Host: mysql[mysql] @  [172.18.0.5]  Id:    23
# Query_time: 2.270235  Lock_time: 0.000001 Rows_sent: 1  Rows_examined: 300002
SET timestamp=1686946239;
SELECT user_id, user_name, office_id, user_icon_id FROM user ORDER BY RAND() LIMIT 1;
# Time: 2023-06-16T20:10:42.037970Z
# User@Host: mysql[mysql] @  [172.18.0.5]  Id:    22
# Query_time: 2.238703  Lock_time: 0.000002 Rows_sent: 1  Rows_examined: 300002
SET timestamp=1686946239;
SELECT user_id, user_name, office_id, user_icon_id FROM user ORDER BY RAND() LIMIT 1;
# Time: 2023-06-16T20:10:42.083665Z
# User@Host: mysql[mysql] @  [172.18.0.5]  Id:    21
# Query_time: 2.178424  Lock_time: 0.000002 Rows_sent: 1  Rows_examined: 300002
SET timestamp=1686946239;
SELECT user_id, user_name, office_id, user_icon_id FROM user ORDER BY RAND() LIMIT 1;
# Time: 2023-06-16T20:10:42.131609Z
# User@Host: mysql[mysql] @  [172.18.0.5]  Id:    25
# Query_time: 2.329964  Lock_time: 0.000001 Rows_sent: 1  Rows_examined: 300002
SET timestamp=1686946239;
SELECT user_id, user_name, office_id, user_icon_id FROM user ORDER BY RAND() LIMIT 1;
# Time: 2023-06-16T20:10:42.134454Z
# User@Host: mysql[mysql] @  [172.18.0.5]  Id:    17
# Query_time: 2.188112  Lock_time: 0.000005 Rows_sent: 1  Rows_examined: 300002
SET timestamp=1686946239;
SELECT user_id, user_name, office_id, user_icon_id FROM user ORDER BY RAND() LIMIT 1;
# Time: 2023-06-16T20:10:42.137324Z
# User@Host: mysql[mysql] @  [172.18.0.5]  Id:    24
# Query_time: 2.215049  Lock_time: 0.000003 Rows_sent: 1  Rows_examined: 300002
SET timestamp=1686946239;
SELECT user_id, user_name, office_id, user_icon_id FROM user ORDER BY RAND() LIMIT 1;
# Time: 2023-06-16T20:10:42.186584Z
# User@Host: mysql[mysql] @  [172.18.0.5]  Id:    10
# Query_time: 2.212374  Lock_time: 0.000002 Rows_sent: 1  Rows_examined: 300002
SET timestamp=1686946239;
SELECT user_id, user_name, office_id, user_icon_id FROM user ORDER BY RAND() LIMIT 1;
# Time: 2023-06-16T20:10:43.865960Z
# User@Host: mysql[mysql] @  [172.18.0.5]  Id:    19
# Query_time: 2.179340  Lock_time: 0.000001 Rows_sent: 1  Rows_examined: 300002
SET timestamp=1686946241;
SELECT user_id, user_name, office_id, user_icon_id FROM user ORDER BY RAND() LIMIT 1;
# Time: 2023-06-16T20:10:43.890216Z
# User@Host: mysql[mysql] @  [172.18.0.5]  Id:    20
# Query_time: 2.207947  Lock_time: 0.000002 Rows_sent: 1  Rows_examined: 300002
SET timestamp=1686946241;
SELECT user_id, user_name, office_id, user_icon_id FROM user ORDER BY RAND() LIMIT 1;
# Time: 2023-06-16T20:10:44.042186Z
# User@Host: mysql[mysql] @  [172.18.0.5]  Id:    18
# Query_time: 2.226230  Lock_time: 0.000002 Rows_sent: 1  Rows_examined: 300002
SET timestamp=1686946241;
SELECT user_id, user_name, office_id, user_icon_id FROM user ORDER BY RAND() LIMIT 1;
# Time: 2023-06-16T20:10:44.047306Z
# User@Host: mysql[mysql] @  [172.18.0.5]  Id:    23
# Query_time: 2.211449  Lock_time: 0.000002 Rows_sent: 1  Rows_examined: 300002
SET timestamp=1686946241;
SELECT user_id, user_name, office_id, user_icon_id FROM user ORDER BY RAND() LIMIT 1;
# Time: 2023-06-16T20:10:44.290199Z
# User@Host: mysql[mysql] @  [172.18.0.5]  Id:    22
# Query_time: 2.239984  Lock_time: 0.000003 Rows_sent: 1  Rows_examined: 300002
SET timestamp=1686946242;
SELECT user_id, user_name, office_id, user_icon_id FROM user ORDER BY RAND() LIMIT 1;
# Time: 2023-06-16T20:10:44.313555Z
# User@Host: mysql[mysql] @  [172.18.0.5]  Id:    21
# Query_time: 2.202720  Lock_time: 0.000002 Rows_sent: 1  Rows_examined: 300002
SET timestamp=1686946242;
SELECT user_id, user_name, office_id, user_icon_id FROM user ORDER BY RAND() LIMIT 1;
# Time: 2023-06-16T20:10:44.354733Z
# User@Host: mysql[mysql] @  [172.18.0.5]  Id:    17
# Query_time: 2.220238  Lock_time: 0.000001 Rows_sent: 1  Rows_examined: 300002
SET timestamp=1686946242;
SELECT user_id, user_name, office_id, user_icon_id FROM user ORDER BY RAND() LIMIT 1;
# Time: 2023-06-16T20:10:44.378367Z
# User@Host: mysql[mysql] @  [172.18.0.5]  Id:    24
# Query_time: 2.206222  Lock_time: 0.000001 Rows_sent: 1  Rows_examined: 300002
SET timestamp=1686946242;
SELECT user_id, user_name, office_id, user_icon_id FROM user ORDER BY RAND() LIMIT 1;
# Time: 2023-06-16T20:10:44.387967Z
# User@Host: mysql[mysql] @  [172.18.0.5]  Id:    25
# Query_time: 2.250571  Lock_time: 0.000001 Rows_sent: 1  Rows_examined: 300002
SET timestamp=1686946242;
SELECT user_id, user_name, office_id, user_icon_id FROM user ORDER BY RAND() LIMIT 1;
# Time: 2023-06-16T20:10:44.411945Z
# User@Host: mysql[mysql] @  [172.18.0.5]  Id:    10
# Query_time: 2.213759  Lock_time: 0.000002 Rows_sent: 1  Rows_examined: 300002
SET timestamp=1686946242;
SELECT user_id, user_name, office_id, user_icon_id FROM user ORDER BY RAND() LIMIT 1;
# Time: 2023-06-16T20:10:46.142772Z
# User@Host: mysql[mysql] @  [172.18.0.5]  Id:    19
# Query_time: 2.204491  Lock_time: 0.000002 Rows_sent: 1  Rows_examined: 300002
SET timestamp=1686946243;
SELECT user_id, user_name, office_id, user_icon_id FROM user ORDER BY RAND() LIMIT 1;
# Time: 2023-06-16T20:10:46.143530Z
# User@Host: mysql[mysql] @  [172.18.0.5]  Id:    20
# Query_time: 2.243334  Lock_time: 0.000002 Rows_sent: 1  Rows_examined: 300002
SET timestamp=1686946243;
SELECT user_id, user_name, office_id, user_icon_id FROM user ORDER BY RAND() LIMIT 1;
# Time: 2023-06-16T20:10:46.253933Z
# User@Host: mysql[mysql] @  [172.18.0.5]  Id:    18
# Query_time: 2.189602  Lock_time: 0.000001 Rows_sent: 1  Rows_examined: 300002
SET timestamp=1686946244;
SELECT user_id, user_name, office_id, user_icon_id FROM user ORDER BY RAND() LIMIT 1;
# Time: 2023-06-16T20:10:46.266600Z
# User@Host: mysql[mysql] @  [172.18.0.5]  Id:    23
# Query_time: 2.212405  Lock_time: 0.000002 Rows_sent: 1  Rows_examined: 300002
SET timestamp=1686946244;
SELECT user_id, user_name, office_id, user_icon_id FROM user ORDER BY RAND() LIMIT 1;
# Time: 2023-06-16T20:10:46.543914Z
# User@Host: mysql[mysql] @  [172.18.0.5]  Id:    22
# Query_time: 2.249465  Lock_time: 0.000002 Rows_sent: 1  Rows_examined: 300002
SET timestamp=1686946244;
SELECT user_id, user_name, office_id, user_icon_id FROM user ORDER BY RAND() LIMIT 1;
# Time: 2023-06-16T20:10:46.562730Z
# User@Host: mysql[mysql] @  [172.18.0.5]  Id:    21
# Query_time: 2.224336  Lock_time: 0.000001 Rows_sent: 1  Rows_examined: 300002
SET timestamp=1686946244;
SELECT user_id, user_name, office_id, user_icon_id FROM user ORDER BY RAND() LIMIT 1;
# Time: 2023-06-16T20:10:46.573827Z
# User@Host: mysql[mysql] @  [172.18.0.5]  Id:    24
# Query_time: 2.181639  Lock_time: 0.000001 Rows_sent: 1  Rows_examined: 300002
SET timestamp=1686946244;
SELECT user_id, user_name, office_id, user_icon_id FROM user ORDER BY RAND() LIMIT 1;
# Time: 2023-06-16T20:10:46.630183Z
# User@Host: mysql[mysql] @  [172.18.0.5]  Id:    25
# Query_time: 2.233162  Lock_time: 0.000001 Rows_sent: 1  Rows_examined: 300002
SET timestamp=1686946244;
SELECT user_id, user_name, office_id, user_icon_id FROM user ORDER BY RAND() LIMIT 1;
# Time: 2023-06-16T20:10:46.637066Z
# User@Host: mysql[mysql] @  [172.18.0.5]  Id:    10
# Query_time: 2.210878  Lock_time: 0.000002 Rows_sent: 1  Rows_examined: 300002
SET timestamp=1686946244;
SELECT user_id, user_name, office_id, user_icon_id FROM user ORDER BY RAND() LIMIT 1;
# Time: 2023-06-16T20:10:46.637385Z
# User@Host: mysql[mysql] @  [172.18.0.5]  Id:    17
# Query_time: 2.246034  Lock_time: 0.000001 Rows_sent: 1  Rows_examined: 300002
SET timestamp=1686946244;
SELECT user_id, user_name, office_id, user_icon_id FROM user ORDER BY RAND() LIMIT 1;
# Time: 2023-06-16T20:10:48.310198Z
# User@Host: mysql[mysql] @  [172.18.0.5]  Id:    20
# Query_time: 2.153133  Lock_time: 0.000001 Rows_sent: 1  Rows_examined: 300002
SET timestamp=1686946246;
SELECT user_id, user_name, office_id, user_icon_id FROM user ORDER BY RAND() LIMIT 1;
# Time: 2023-06-16T20:10:48.384753Z
# User@Host: mysql[mysql] @  [172.18.0.5]  Id:    19
# Query_time: 2.203409  Lock_time: 0.000002 Rows_sent: 1  Rows_examined: 300002
SET timestamp=1686946246;
SELECT user_id, user_name, office_id, user_icon_id FROM user ORDER BY RAND() LIMIT 1;
# Time: 2023-06-16T20:10:48.468720Z
# User@Host: mysql[mysql] @  [172.18.0.5]  Id:    23
# Query_time: 2.202050  Lock_time: 0.000002 Rows_sent: 1  Rows_examined: 300002
SET timestamp=1686946246;
SELECT user_id, user_name, office_id, user_icon_id FROM user ORDER BY RAND() LIMIT 1;
# Time: 2023-06-16T20:10:48.520555Z
# User@Host: mysql[mysql] @  [172.18.0.5]  Id:    18
# Query_time: 2.250156  Lock_time: 0.000001 Rows_sent: 1  Rows_examined: 300002
SET timestamp=1686946246;
SELECT user_id, user_name, office_id, user_icon_id FROM user ORDER BY RAND() LIMIT 1;
# Time: 2023-06-16T20:10:48.802215Z
# User@Host: mysql[mysql] @  [172.18.0.5]  Id:    17
# Query_time: 2.159376  Lock_time: 0.000001 Rows_sent: 1  Rows_examined: 300002
SET timestamp=1686946246;
SELECT user_id, user_name, office_id, user_icon_id FROM user ORDER BY RAND() LIMIT 1;
# Time: 2023-06-16T20:10:48.821526Z
# User@Host: mysql[mysql] @  [172.18.0.5]  Id:    21
# Query_time: 2.225634  Lock_time: 0.000001 Rows_sent: 1  Rows_examined: 300002
SET timestamp=1686946246;
SELECT user_id, user_name, office_id, user_icon_id FROM user ORDER BY RAND() LIMIT 1;
# Time: 2023-06-16T20:10:48.831451Z
# User@Host: mysql[mysql] @  [172.18.0.5]  Id:    25
# Query_time: 2.199999  Lock_time: 0.000002 Rows_sent: 1  Rows_examined: 300002
SET timestamp=1686946246;
SELECT user_id, user_name, office_id, user_icon_id FROM user ORDER BY RAND() LIMIT 1;
# Time: 2023-06-16T20:10:48.836413Z
# User@Host: mysql[mysql] @  [172.18.0.5]  Id:    22
# Query_time: 2.245159  Lock_time: 0.000001 Rows_sent: 1  Rows_examined: 300002
SET timestamp=1686946246;
SELECT user_id, user_name, office_id, user_icon_id FROM user ORDER BY RAND() LIMIT 1;
# Time: 2023-06-16T20:10:48.836419Z
# User@Host: mysql[mysql] @  [172.18.0.5]  Id:    24
# Query_time: 2.226221  Lock_time: 0.000001 Rows_sent: 1  Rows_examined: 300002
SET timestamp=1686946246;
SELECT user_id, user_name, office_id, user_icon_id FROM user ORDER BY RAND() LIMIT 1;
# Time: 2023-06-16T20:10:48.912694Z
# User@Host: mysql[mysql] @  [172.18.0.5]  Id:    10
# Query_time: 2.253801  Lock_time: 0.000001 Rows_sent: 1  Rows_examined: 300002
SET timestamp=1686946246;
SELECT user_id, user_name, office_id, user_icon_id FROM user ORDER BY RAND() LIMIT 1;
# Time: 2023-06-16T20:10:50.629480Z
# User@Host: mysql[mysql] @  [172.18.0.5]  Id:    20
# Query_time: 2.319085  Lock_time: 0.000004 Rows_sent: 1  Rows_examined: 300002
SET timestamp=1686946248;
SELECT user_id, user_name, office_id, user_icon_id FROM user ORDER BY RAND() LIMIT 1;
# Time: 2023-06-16T20:10:50.672855Z
# User@Host: mysql[mysql] @  [172.18.0.5]  Id:    19
# Query_time: 2.262619  Lock_time: 0.000003 Rows_sent: 1  Rows_examined: 300002
SET timestamp=1686946248;
SELECT user_id, user_name, office_id, user_icon_id FROM user ORDER BY RAND() LIMIT 1;
# Time: 2023-06-16T20:10:50.695621Z
# User@Host: mysql[mysql] @  [172.18.0.5]  Id:    23
# Query_time: 2.224695  Lock_time: 0.000002 Rows_sent: 1  Rows_examined: 300002
SET timestamp=1686946248;
SELECT user_id, user_name, office_id, user_icon_id FROM user ORDER BY RAND() LIMIT 1;
# Time: 2023-06-16T20:10:50.791366Z
# User@Host: mysql[mysql] @  [172.18.0.5]  Id:    18
# Query_time: 2.268537  Lock_time: 0.000001 Rows_sent: 1  Rows_examined: 300002
SET timestamp=1686946248;
SELECT user_id, user_name, office_id, user_icon_id FROM user ORDER BY RAND() LIMIT 1;
# Time: 2023-06-16T20:10:51.009436Z
# User@Host: mysql[mysql] @  [172.18.0.5]  Id:    25
# Query_time: 2.170511  Lock_time: 0.015358 Rows_sent: 1  Rows_examined: 300002
SET timestamp=1686946248;
SELECT user_id, user_name, office_id, user_icon_id FROM user ORDER BY RAND() LIMIT 1;
# Time: 2023-06-16T20:10:51.020244Z
# User@Host: mysql[mysql] @  [172.18.0.5]  Id:    24
# Query_time: 2.180337  Lock_time: 0.000001 Rows_sent: 1  Rows_examined: 300002
SET timestamp=1686946248;
SELECT user_id, user_name, office_id, user_icon_id FROM user ORDER BY RAND() LIMIT 1;
# Time: 2023-06-16T20:10:51.026134Z
# User@Host: mysql[mysql] @  [172.18.0.5]  Id:    17
# Query_time: 2.206556  Lock_time: 0.000002 Rows_sent: 1  Rows_examined: 300002
SET timestamp=1686946248;
SELECT user_id, user_name, office_id, user_icon_id FROM user ORDER BY RAND() LIMIT 1;
# Time: 2023-06-16T20:10:51.043277Z
# User@Host: mysql[mysql] @  [172.18.0.5]  Id:    21
# Query_time: 2.182434  Lock_time: 0.000002 Rows_sent: 1  Rows_examined: 300002
SET timestamp=1686946248;
SELECT user_id, user_name, office_id, user_icon_id FROM user ORDER BY RAND() LIMIT 1;
# Time: 2023-06-16T20:10:51.043448Z
# User@Host: mysql[mysql] @  [172.18.0.5]  Id:    22
# Query_time: 2.204438  Lock_time: 0.000001 Rows_sent: 1  Rows_examined: 300002
SET timestamp=1686946248;
SELECT user_id, user_name, office_id, user_icon_id FROM user ORDER BY RAND() LIMIT 1;
# Time: 2023-06-16T20:10:51.146116Z
# User@Host: mysql[mysql] @  [172.18.0.5]  Id:    10
# Query_time: 2.219888  Lock_time: 0.000004 Rows_sent: 1  Rows_examined: 300002
SET timestamp=1686946248;
SELECT user_id, user_name, office_id, user_icon_id FROM user ORDER BY RAND() LIMIT 1;
