/usr/sbin/mysqld, Version: 8.0.33 (MySQL Community Server - GPL). started with:
Tcp port: 3306  Unix socket: /var/run/mysqld/mysqld.sock
Time                 Id Command    Argument
# Time: 2023-06-16T20:32:00.533793Z
# User@Host: mysql[mysql] @  [172.18.0.4]  Id:    10
# Query_time: 0.540016  Lock_time: 0.000001 Rows_sent: 1445  Rows_examined: 1445
use app;
SET timestamp=1686947519;
SELECT user_id FROM user WHERE MATCH(user_name) AGAINST('山田' IN BOOLEAN MODE);
# Time: 2023-06-16T20:33:46.412027Z
# User@Host: mysql[mysql] @  [172.18.0.4]  Id:    17
# Query_time: 0.563696  Lock_time: 0.000001 Rows_sent: 1  Rows_examined: 300002
SET timestamp=1686947625;
SELECT user_id, user_name, office_id, user_icon_id FROM user ORDER BY RAND() LIMIT 1;
# Time: 2023-06-16T20:34:16.965989Z
# User@Host: mysql[mysql] @  [172.18.0.4]  Id:    17
# Query_time: 0.742680  Lock_time: 0.000001 Rows_sent: 1  Rows_examined: 300002
SET timestamp=1686947656;
SELECT user_id, user_name, office_id, user_icon_id FROM user ORDER BY RAND() LIMIT 1;
# Time: 2023-06-16T20:34:17.027452Z
# User@Host: mysql[mysql] @  [172.18.0.4]  Id:    19
# Query_time: 0.805677  Lock_time: 0.000001 Rows_sent: 1  Rows_examined: 300002
SET timestamp=1686947656;
SELECT user_id, user_name, office_id, user_icon_id FROM user ORDER BY RAND() LIMIT 1;
# Time: 2023-06-16T20:34:31.633301Z
# User@Host: mysql[mysql] @  [172.18.0.4]  Id:    25
# Query_time: 0.517661  Lock_time: 0.000002 Rows_sent: 1  Rows_examined: 300002
SET timestamp=1686947671;
SELECT user_id, user_name, office_id, user_icon_id FROM user ORDER BY RAND() LIMIT 1;
# Time: 2023-06-16T20:35:45.848005Z
# User@Host: mysql[mysql] @  [172.18.0.4]  Id:    22
# Query_time: 2.290212  Lock_time: 0.000001 Rows_sent: 1  Rows_examined: 300002
SET timestamp=1686947743;
SELECT user_id, user_name, office_id, user_icon_id FROM user ORDER BY RAND() LIMIT 1;
# Time: 2023-06-16T20:35:45.850295Z
# User@Host: mysql[mysql] @  [172.18.0.4]  Id:    17
# Query_time: 2.277905  Lock_time: 0.000001 Rows_sent: 1  Rows_examined: 300002
SET timestamp=1686947743;
SELECT user_id, user_name, office_id, user_icon_id FROM user ORDER BY RAND() LIMIT 1;
# Time: 2023-06-16T20:35:45.978180Z
# User@Host: mysql[mysql] @  [172.18.0.4]  Id:    18
# Query_time: 2.187026  Lock_time: 0.000001 Rows_sent: 1  Rows_examined: 300002
SET timestamp=1686947743;
SELECT user_id, user_name, office_id, user_icon_id FROM user ORDER BY RAND() LIMIT 1;
# Time: 2023-06-16T20:35:46.004976Z
# User@Host: mysql[mysql] @  [172.18.0.4]  Id:    10
# Query_time: 2.445714  Lock_time: 0.000001 Rows_sent: 1  Rows_examined: 300002
SET timestamp=1686947743;
SELECT user_id, user_name, office_id, user_icon_id FROM user ORDER BY RAND() LIMIT 1;
# Time: 2023-06-16T20:35:46.005086Z
# User@Host: mysql[mysql] @  [172.18.0.4]  Id:    20
# Query_time: 2.345333  Lock_time: 0.000001 Rows_sent: 1  Rows_examined: 300002
SET timestamp=1686947743;
SELECT user_id, user_name, office_id, user_icon_id FROM user ORDER BY RAND() LIMIT 1;
# Time: 2023-06-16T20:35:46.020461Z
# User@Host: mysql[mysql] @  [172.18.0.4]  Id:    25
# Query_time: 2.231830  Lock_time: 0.000002 Rows_sent: 1  Rows_examined: 300002
SET timestamp=1686947743;
SELECT user_id, user_name, office_id, user_icon_id FROM user ORDER BY RAND() LIMIT 1;
# Time: 2023-06-16T20:35:46.023290Z
# User@Host: mysql[mysql] @  [172.18.0.4]  Id:    19
# Query_time: 2.360954  Lock_time: 0.000001 Rows_sent: 1  Rows_examined: 300002
SET timestamp=1686947743;
SELECT user_id, user_name, office_id, user_icon_id FROM user ORDER BY RAND() LIMIT 1;
# Time: 2023-06-16T20:35:46.073630Z
# User@Host: mysql[mysql] @  [172.18.0.4]  Id:    23
# Query_time: 2.380301  Lock_time: 0.000001 Rows_sent: 1  Rows_examined: 300002
SET timestamp=1686947743;
SELECT user_id, user_name, office_id, user_icon_id FROM user ORDER BY RAND() LIMIT 1;
# Time: 2023-06-16T20:35:46.101965Z
# User@Host: mysql[mysql] @  [172.18.0.4]  Id:    24
# Query_time: 2.406867  Lock_time: 0.000001 Rows_sent: 1  Rows_examined: 300002
SET timestamp=1686947743;
SELECT user_id, user_name, office_id, user_icon_id FROM user ORDER BY RAND() LIMIT 1;
# Time: 2023-06-16T20:35:46.257652Z
# User@Host: mysql[mysql] @  [172.18.0.4]  Id:    21
# Query_time: 2.434913  Lock_time: 0.000001 Rows_sent: 1  Rows_examined: 300002
SET timestamp=1686947743;
SELECT user_id, user_name, office_id, user_icon_id FROM user ORDER BY RAND() LIMIT 1;
# Time: 2023-06-16T20:35:48.189378Z
# User@Host: mysql[mysql] @  [172.18.0.4]  Id:    18
# Query_time: 2.192249  Lock_time: 0.000001 Rows_sent: 1  Rows_examined: 300002
SET timestamp=1686947745;
SELECT user_id, user_name, office_id, user_icon_id FROM user ORDER BY RAND() LIMIT 1;
# Time: 2023-06-16T20:35:48.204574Z
# User@Host: mysql[mysql] @  [172.18.0.4]  Id:    22
# Query_time: 2.339412  Lock_time: 0.000001 Rows_sent: 1  Rows_examined: 300002
SET timestamp=1686947745;
SELECT user_id, user_name, office_id, user_icon_id FROM user ORDER BY RAND() LIMIT 1;
# Time: 2023-06-16T20:35:48.214185Z
# User@Host: mysql[mysql] @  [172.18.0.4]  Id:    17
# Query_time: 2.343999  Lock_time: 0.000001 Rows_sent: 1  Rows_examined: 300002
SET timestamp=1686947745;
SELECT user_id, user_name, office_id, user_icon_id FROM user ORDER BY RAND() LIMIT 1;
# Time: 2023-06-16T20:35:48.400382Z
# User@Host: mysql[mysql] @  [172.18.0.4]  Id:    24
# Query_time: 2.096185  Lock_time: 0.000001 Rows_sent: 1  Rows_examined: 300002
SET timestamp=1686947746;
SELECT user_id, user_name, office_id, user_icon_id FROM user ORDER BY RAND() LIMIT 1;
# Time: 2023-06-16T20:35:48.434658Z
# User@Host: mysql[mysql] @  [172.18.0.4]  Id:    10
# Query_time: 2.155328  Lock_time: 0.000001 Rows_sent: 1  Rows_examined: 300002
SET timestamp=1686947746;
SELECT user_id, user_name, office_id, user_icon_id FROM user ORDER BY RAND() LIMIT 1;
# Time: 2023-06-16T20:35:48.461652Z
# User@Host: mysql[mysql] @  [172.18.0.4]  Id:    25
# Query_time: 2.159359  Lock_time: 0.000001 Rows_sent: 1  Rows_examined: 300002
SET timestamp=1686947746;
SELECT user_id, user_name, office_id, user_icon_id FROM user ORDER BY RAND() LIMIT 1;
# Time: 2023-06-16T20:35:48.521812Z
# User@Host: mysql[mysql] @  [172.18.0.4]  Id:    19
# Query_time: 2.234921  Lock_time: 0.000001 Rows_sent: 1  Rows_examined: 300002
SET timestamp=1686947746;
SELECT user_id, user_name, office_id, user_icon_id FROM user ORDER BY RAND() LIMIT 1;
# Time: 2023-06-16T20:35:48.548777Z
# User@Host: mysql[mysql] @  [172.18.0.4]  Id:    21
# Query_time: 2.223936  Lock_time: 0.000002 Rows_sent: 1  Rows_examined: 300002
SET timestamp=1686947746;
SELECT user_id, user_name, office_id, user_icon_id FROM user ORDER BY RAND() LIMIT 1;
# Time: 2023-06-16T20:35:48.568918Z
# User@Host: mysql[mysql] @  [172.18.0.4]  Id:    20
# Query_time: 2.290332  Lock_time: 0.000001 Rows_sent: 1  Rows_examined: 300002
SET timestamp=1686947746;
SELECT user_id, user_name, office_id, user_icon_id FROM user ORDER BY RAND() LIMIT 1;
# Time: 2023-06-16T20:35:48.650187Z
# User@Host: mysql[mysql] @  [172.18.0.4]  Id:    23
# Query_time: 2.223047  Lock_time: 0.000001 Rows_sent: 1  Rows_examined: 300002
SET timestamp=1686947746;
SELECT user_id, user_name, office_id, user_icon_id FROM user ORDER BY RAND() LIMIT 1;
# Time: 2023-06-16T20:35:50.523488Z
# User@Host: mysql[mysql] @  [172.18.0.4]  Id:    18
# Query_time: 2.314155  Lock_time: 0.000001 Rows_sent: 1  Rows_examined: 300002
SET timestamp=1686947748;
SELECT user_id, user_name, office_id, user_icon_id FROM user ORDER BY RAND() LIMIT 1;
# Time: 2023-06-16T20:35:50.528900Z
# User@Host: mysql[mysql] @  [172.18.0.4]  Id:    17
# Query_time: 2.310018  Lock_time: 0.000001 Rows_sent: 1  Rows_examined: 300002
SET timestamp=1686947748;
SELECT user_id, user_name, office_id, user_icon_id FROM user ORDER BY RAND() LIMIT 1;
# Time: 2023-06-16T20:35:50.578219Z
# User@Host: mysql[mysql] @  [172.18.0.4]  Id:    22
# Query_time: 2.318178  Lock_time: 0.000002 Rows_sent: 1  Rows_examined: 300002
SET timestamp=1686947748;
SELECT user_id, user_name, office_id, user_icon_id FROM user ORDER BY RAND() LIMIT 1;
# Time: 2023-06-16T20:35:50.629144Z
# User@Host: mysql[mysql] @  [172.18.0.4]  Id:    20
# Query_time: 2.038074  Lock_time: 0.000001 Rows_sent: 1  Rows_examined: 300002
SET timestamp=1686947748;
SELECT user_id, user_name, office_id, user_icon_id FROM user ORDER BY RAND() LIMIT 1;
# Time: 2023-06-16T20:35:50.754313Z
# User@Host: mysql[mysql] @  [172.18.0.4]  Id:    24
# Query_time: 2.352553  Lock_time: 0.000001 Rows_sent: 1  Rows_examined: 300002
SET timestamp=1686947748;
SELECT user_id, user_name, office_id, user_icon_id FROM user ORDER BY RAND() LIMIT 1;
# Time: 2023-06-16T20:35:50.801217Z
# User@Host: mysql[mysql] @  [172.18.0.4]  Id:    10
# Query_time: 2.363009  Lock_time: 0.000003 Rows_sent: 1  Rows_examined: 300002
SET timestamp=1686947748;
SELECT user_id, user_name, office_id, user_icon_id FROM user ORDER BY RAND() LIMIT 1;
# Time: 2023-06-16T20:35:50.806107Z
# User@Host: mysql[mysql] @  [172.18.0.4]  Id:    25
# Query_time: 2.251919  Lock_time: 0.000001 Rows_sent: 1  Rows_examined: 300002
SET timestamp=1686947748;
SELECT user_id, user_name, office_id, user_icon_id FROM user ORDER BY RAND() LIMIT 1;
# Time: 2023-06-16T20:35:50.877839Z
# User@Host: mysql[mysql] @  [172.18.0.4]  Id:    21
# Query_time: 2.287310  Lock_time: 0.000001 Rows_sent: 1  Rows_examined: 300002
SET timestamp=1686947748;
SELECT user_id, user_name, office_id, user_icon_id FROM user ORDER BY RAND() LIMIT 1;
# Time: 2023-06-16T20:35:50.895023Z
# User@Host: mysql[mysql] @  [172.18.0.4]  Id:    19
# Query_time: 2.343578  Lock_time: 0.000001 Rows_sent: 1  Rows_examined: 300002
SET timestamp=1686947748;
SELECT user_id, user_name, office_id, user_icon_id FROM user ORDER BY RAND() LIMIT 1;
# Time: 2023-06-16T20:35:51.014312Z
# User@Host: mysql[mysql] @  [172.18.0.4]  Id:    23
# Query_time: 2.351334  Lock_time: 0.000001 Rows_sent: 1  Rows_examined: 300002
SET timestamp=1686947748;
SELECT user_id, user_name, office_id, user_icon_id FROM user ORDER BY RAND() LIMIT 1;
# Time: 2023-06-16T20:35:52.774179Z
# User@Host: mysql[mysql] @  [172.18.0.4]  Id:    22
# Query_time: 2.194151  Lock_time: 0.000002 Rows_sent: 1  Rows_examined: 300002
SET timestamp=1686947750;
SELECT user_id, user_name, office_id, user_icon_id FROM user ORDER BY RAND() LIMIT 1;
# Time: 2023-06-16T20:35:52.818212Z
# User@Host: mysql[mysql] @  [172.18.0.4]  Id:    17
# Query_time: 2.257525  Lock_time: 0.000002 Rows_sent: 1  Rows_examined: 300002
SET timestamp=1686947750;
SELECT user_id, user_name, office_id, user_icon_id FROM user ORDER BY RAND() LIMIT 1;
# Time: 2023-06-16T20:35:52.818978Z
# User@Host: mysql[mysql] @  [172.18.0.4]  Id:    20
# Query_time: 2.183769  Lock_time: 0.000001 Rows_sent: 1  Rows_examined: 300002
SET timestamp=1686947750;
SELECT user_id, user_name, office_id, user_icon_id FROM user ORDER BY RAND() LIMIT 1;
# Time: 2023-06-16T20:35:52.826538Z
# User@Host: mysql[mysql] @  [172.18.0.4]  Id:    18
# Query_time: 2.261707  Lock_time: 0.000003 Rows_sent: 1  Rows_examined: 300002
SET timestamp=1686947750;
SELECT user_id, user_name, office_id, user_icon_id FROM user ORDER BY RAND() LIMIT 1;
# Time: 2023-06-16T20:35:52.960772Z
# User@Host: mysql[mysql] @  [172.18.0.4]  Id:    24
# Query_time: 2.202882  Lock_time: 0.000002 Rows_sent: 1  Rows_examined: 300002
SET timestamp=1686947750;
SELECT user_id, user_name, office_id, user_icon_id FROM user ORDER BY RAND() LIMIT 1;
# Time: 2023-06-16T20:35:52.999071Z
# User@Host: mysql[mysql] @  [172.18.0.4]  Id:    25
# Query_time: 2.177476  Lock_time: 0.000001 Rows_sent: 1  Rows_examined: 300002
SET timestamp=1686947750;
SELECT user_id, user_name, office_id, user_icon_id FROM user ORDER BY RAND() LIMIT 1;
# Time: 2023-06-16T20:35:53.011625Z
# User@Host: mysql[mysql] @  [172.18.0.4]  Id:    10
# Query_time: 2.181424  Lock_time: 0.000001 Rows_sent: 1  Rows_examined: 300002
SET timestamp=1686947750;
SELECT user_id, user_name, office_id, user_icon_id FROM user ORDER BY RAND() LIMIT 1;
# Time: 2023-06-16T20:35:53.067559Z
# User@Host: mysql[mysql] @  [172.18.0.4]  Id:    21
# Query_time: 2.188601  Lock_time: 0.000001 Rows_sent: 1  Rows_examined: 300002
SET timestamp=1686947750;
SELECT user_id, user_name, office_id, user_icon_id FROM user ORDER BY RAND() LIMIT 1;
# Time: 2023-06-16T20:35:53.102180Z
# User@Host: mysql[mysql] @  [172.18.0.4]  Id:    19
# Query_time: 2.199907  Lock_time: 0.000004 Rows_sent: 1  Rows_examined: 300002
SET timestamp=1686947750;
SELECT user_id, user_name, office_id, user_icon_id FROM user ORDER BY RAND() LIMIT 1;
# Time: 2023-06-16T20:35:53.208664Z
# User@Host: mysql[mysql] @  [172.18.0.4]  Id:    23
# Query_time: 2.178913  Lock_time: 0.000001 Rows_sent: 1  Rows_examined: 300002
SET timestamp=1686947751;
SELECT user_id, user_name, office_id, user_icon_id FROM user ORDER BY RAND() LIMIT 1;
# Time: 2023-06-16T20:35:54.983245Z
# User@Host: mysql[mysql] @  [172.18.0.4]  Id:    17
# Query_time: 2.162278  Lock_time: 0.000001 Rows_sent: 1  Rows_examined: 300002
SET timestamp=1686947752;
SELECT user_id, user_name, office_id, user_icon_id FROM user ORDER BY RAND() LIMIT 1;
# Time: 2023-06-16T20:35:55.028672Z
# User@Host: mysql[mysql] @  [172.18.0.4]  Id:    20
# Query_time: 2.194477  Lock_time: 0.000001 Rows_sent: 1  Rows_examined: 300002
SET timestamp=1686947752;
SELECT user_id, user_name, office_id, user_icon_id FROM user ORDER BY RAND() LIMIT 1;
# Time: 2023-06-16T20:35:55.038189Z
# User@Host: mysql[mysql] @  [172.18.0.4]  Id:    22
# Query_time: 2.263440  Lock_time: 0.000001 Rows_sent: 1  Rows_examined: 300002
SET timestamp=1686947752;
SELECT user_id, user_name, office_id, user_icon_id FROM user ORDER BY RAND() LIMIT 1;
# Time: 2023-06-16T20:35:55.089931Z
# User@Host: mysql[mysql] @  [172.18.0.4]  Id:    18
# Query_time: 2.259629  Lock_time: 0.000001 Rows_sent: 1  Rows_examined: 300002
SET timestamp=1686947752;
SELECT user_id, user_name, office_id, user_icon_id FROM user ORDER BY RAND() LIMIT 1;
# Time: 2023-06-16T20:35:55.178663Z
# User@Host: mysql[mysql] @  [172.18.0.4]  Id:    10
# Query_time: 2.150126  Lock_time: 0.000002 Rows_sent: 1  Rows_examined: 300002
SET timestamp=1686947753;
SELECT user_id, user_name, office_id, user_icon_id FROM user ORDER BY RAND() LIMIT 1;
# Time: 2023-06-16T20:35:55.266417Z
# User@Host: mysql[mysql] @  [172.18.0.4]  Id:    24
# Query_time: 2.288229  Lock_time: 0.000001 Rows_sent: 1  Rows_examined: 300002
SET timestamp=1686947752;
SELECT user_id, user_name, office_id, user_icon_id FROM user ORDER BY RAND() LIMIT 1;
# Time: 2023-06-16T20:35:55.278203Z
# User@Host: mysql[mysql] @  [172.18.0.4]  Id:    25
# Query_time: 2.278664  Lock_time: 0.000001 Rows_sent: 1  Rows_examined: 300002
SET timestamp=1686947752;
SELECT user_id, user_name, office_id, user_icon_id FROM user ORDER BY RAND() LIMIT 1;
# Time: 2023-06-16T20:35:55.370184Z
# User@Host: mysql[mysql] @  [172.18.0.4]  Id:    21
# Query_time: 2.298419  Lock_time: 0.000003 Rows_sent: 1  Rows_examined: 300002
SET timestamp=1686947753;
SELECT user_id, user_name, office_id, user_icon_id FROM user ORDER BY RAND() LIMIT 1;
# Time: 2023-06-16T20:35:55.436669Z
# User@Host: mysql[mysql] @  [172.18.0.4]  Id:    19
# Query_time: 2.333567  Lock_time: 0.000001 Rows_sent: 1  Rows_examined: 300002
SET timestamp=1686947753;
SELECT user_id, user_name, office_id, user_icon_id FROM user ORDER BY RAND() LIMIT 1;
# Time: 2023-06-16T20:35:55.541867Z
# User@Host: mysql[mysql] @  [172.18.0.4]  Id:    23
# Query_time: 2.316034  Lock_time: 0.000003 Rows_sent: 1  Rows_examined: 300002
SET timestamp=1686947753;
SELECT user_id, user_name, office_id, user_icon_id FROM user ORDER BY RAND() LIMIT 1;
# Time: 2023-06-16T20:35:57.280370Z
# User@Host: mysql[mysql] @  [172.18.0.4]  Id:    17
# Query_time: 2.287165  Lock_time: 0.000002 Rows_sent: 1  Rows_examined: 300002
SET timestamp=1686947754;
SELECT user_id, user_name, office_id, user_icon_id FROM user ORDER BY RAND() LIMIT 1;
# Time: 2023-06-16T20:35:57.286179Z
# User@Host: mysql[mysql] @  [172.18.0.4]  Id:    20
# Query_time: 2.205784  Lock_time: 0.000001 Rows_sent: 1  Rows_examined: 300002
SET timestamp=1686947755;
SELECT user_id, user_name, office_id, user_icon_id FROM user ORDER BY RAND() LIMIT 1;
# Time: 2023-06-16T20:35:57.358045Z
# User@Host: mysql[mysql] @  [172.18.0.4]  Id:    10
# Query_time: 2.140132  Lock_time: 0.000001 Rows_sent: 1  Rows_examined: 300002
SET timestamp=1686947755;
SELECT user_id, user_name, office_id, user_icon_id FROM user ORDER BY RAND() LIMIT 1;
# Time: 2023-06-16T20:35:57.366157Z
# User@Host: mysql[mysql] @  [172.18.0.4]  Id:    22
# Query_time: 2.307442  Lock_time: 0.000002 Rows_sent: 1  Rows_examined: 300002
SET timestamp=1686947755;
SELECT user_id, user_name, office_id, user_icon_id FROM user ORDER BY RAND() LIMIT 1;
# Time: 2023-06-16T20:35:57.396092Z
# User@Host: mysql[mysql] @  [172.18.0.4]  Id:    18
# Query_time: 2.301902  Lock_time: 0.000001 Rows_sent: 1  Rows_examined: 300002
SET timestamp=1686947755;
SELECT user_id, user_name, office_id, user_icon_id FROM user ORDER BY RAND() LIMIT 1;
# Time: 2023-06-16T20:35:57.553385Z
# User@Host: mysql[mysql] @  [172.18.0.4]  Id:    21
# Query_time: 2.176880  Lock_time: 0.000001 Rows_sent: 1  Rows_examined: 300002
SET timestamp=1686947755;
SELECT user_id, user_name, office_id, user_icon_id FROM user ORDER BY RAND() LIMIT 1;
# Time: 2023-06-16T20:35:57.596708Z
# User@Host: mysql[mysql] @  [172.18.0.4]  Id:    24
# Query_time: 2.270766  Lock_time: 0.000001 Rows_sent: 1  Rows_examined: 300002
SET timestamp=1686947755;
SELECT user_id, user_name, office_id, user_icon_id FROM user ORDER BY RAND() LIMIT 1;
# Time: 2023-06-16T20:35:57.631656Z
# User@Host: mysql[mysql] @  [172.18.0.4]  Id:    25
# Query_time: 2.353377  Lock_time: 0.000003 Rows_sent: 1  Rows_examined: 300002
SET timestamp=1686947755;
SELECT user_id, user_name, office_id, user_icon_id FROM user ORDER BY RAND() LIMIT 1;
# Time: 2023-06-16T20:35:57.799471Z
# User@Host: mysql[mysql] @  [172.18.0.4]  Id:    19
# Query_time: 2.352504  Lock_time: 0.000002 Rows_sent: 1  Rows_examined: 300002
SET timestamp=1686947755;
SELECT user_id, user_name, office_id, user_icon_id FROM user ORDER BY RAND() LIMIT 1;
# Time: 2023-06-16T20:35:57.840042Z
# User@Host: mysql[mysql] @  [172.18.0.4]  Id:    23
# Query_time: 2.293842  Lock_time: 0.000002 Rows_sent: 1  Rows_examined: 300002
SET timestamp=1686947755;
SELECT user_id, user_name, office_id, user_icon_id FROM user ORDER BY RAND() LIMIT 1;
# Time: 2023-06-16T20:35:59.570185Z
# User@Host: mysql[mysql] @  [172.18.0.4]  Id:    17
# Query_time: 2.283372  Lock_time: 0.000001 Rows_sent: 1  Rows_examined: 300002
SET timestamp=1686947757;
SELECT user_id, user_name, office_id, user_icon_id FROM user ORDER BY RAND() LIMIT 1;
# Time: 2023-06-16T20:35:59.574983Z
# User@Host: mysql[mysql] @  [172.18.0.4]  Id:    20
# Query_time: 2.283440  Lock_time: 0.000001 Rows_sent: 1  Rows_examined: 300002
SET timestamp=1686947757;
SELECT user_id, user_name, office_id, user_icon_id FROM user ORDER BY RAND() LIMIT 1;
# Time: 2023-06-16T20:35:59.627419Z
# User@Host: mysql[mysql] @  [172.18.0.4]  Id:    18
# Query_time: 2.230499  Lock_time: 0.000001 Rows_sent: 1  Rows_examined: 300002
SET timestamp=1686947757;
SELECT user_id, user_name, office_id, user_icon_id FROM user ORDER BY RAND() LIMIT 1;
# Time: 2023-06-16T20:35:59.734182Z
# User@Host: mysql[mysql] @  [172.18.0.4]  Id:    10
# Query_time: 2.209278  Lock_time: 0.000001 Rows_sent: 1  Rows_examined: 300002
SET timestamp=1686947757;
SELECT user_id, user_name, office_id, user_icon_id FROM user ORDER BY RAND() LIMIT 1;
# Time: 2023-06-16T20:35:59.817410Z
# User@Host: mysql[mysql] @  [172.18.0.4]  Id:    22
# Query_time: 2.115272  Lock_time: 0.000002 Rows_sent: 1  Rows_examined: 300002
SET timestamp=1686947757;
SELECT user_id, user_name, office_id, user_icon_id FROM user ORDER BY RAND() LIMIT 1;
# Time: 2023-06-16T20:35:59.842178Z
# User@Host: mysql[mysql] @  [172.18.0.4]  Id:    24
# Query_time: 2.154562  Lock_time: 0.000001 Rows_sent: 1  Rows_examined: 300002
SET timestamp=1686947757;
SELECT user_id, user_name, office_id, user_icon_id FROM user ORDER BY RAND() LIMIT 1;
# Time: 2023-06-16T20:35:59.821679Z
# User@Host: mysql[mysql] @  [172.18.0.4]  Id:    25
# Query_time: 2.122843  Lock_time: 0.000001 Rows_sent: 1  Rows_examined: 300002
SET timestamp=1686947757;
SELECT user_id, user_name, office_id, user_icon_id FROM user ORDER BY RAND() LIMIT 1;
# Time: 2023-06-16T20:35:59.846184Z
# User@Host: mysql[mysql] @  [172.18.0.4]  Id:    21
# Query_time: 2.156286  Lock_time: 0.000001 Rows_sent: 1  Rows_examined: 300002
SET timestamp=1686947757;
SELECT user_id, user_name, office_id, user_icon_id FROM user ORDER BY RAND() LIMIT 1;
# Time: 2023-06-16T20:35:59.950628Z
# User@Host: mysql[mysql] @  [172.18.0.4]  Id:    19
# Query_time: 2.144391  Lock_time: 0.000002 Rows_sent: 1  Rows_examined: 300002
SET timestamp=1686947757;
SELECT user_id, user_name, office_id, user_icon_id FROM user ORDER BY RAND() LIMIT 1;
# Time: 2023-06-16T20:35:59.988050Z
# User@Host: mysql[mysql] @  [172.18.0.4]  Id:    23
# Query_time: 2.141536  Lock_time: 0.000002 Rows_sent: 1  Rows_examined: 300002
SET timestamp=1686947757;
SELECT user_id, user_name, office_id, user_icon_id FROM user ORDER BY RAND() LIMIT 1;
# Time: 2023-06-16T20:36:01.843599Z
# User@Host: mysql[mysql] @  [172.18.0.4]  Id:    20
# Query_time: 2.248745  Lock_time: 0.000001 Rows_sent: 1  Rows_examined: 300002
SET timestamp=1686947759;
SELECT user_id, user_name, office_id, user_icon_id FROM user ORDER BY RAND() LIMIT 1;
# Time: 2023-06-16T20:36:01.885048Z
# User@Host: mysql[mysql] @  [172.18.0.4]  Id:    17
# Query_time: 2.314253  Lock_time: 0.000001 Rows_sent: 1  Rows_examined: 300002
SET timestamp=1686947759;
SELECT user_id, user_name, office_id, user_icon_id FROM user ORDER BY RAND() LIMIT 1;
# Time: 2023-06-16T20:36:01.946161Z
# User@Host: mysql[mysql] @  [172.18.0.4]  Id:    18
# Query_time: 2.306500  Lock_time: 0.000002 Rows_sent: 1  Rows_examined: 300002
SET timestamp=1686947759;
SELECT user_id, user_name, office_id, user_icon_id FROM user ORDER BY RAND() LIMIT 1;
# Time: 2023-06-16T20:36:01.986213Z
# User@Host: mysql[mysql] @  [172.18.0.4]  Id:    24
# Query_time: 2.142497  Lock_time: 0.000001 Rows_sent: 1  Rows_examined: 300002
SET timestamp=1686947759;
SELECT user_id, user_name, office_id, user_icon_id FROM user ORDER BY RAND() LIMIT 1;
# Time: 2023-06-16T20:36:02.018398Z
# User@Host: mysql[mysql] @  [172.18.0.4]  Id:    25
# Query_time: 2.176032  Lock_time: 0.000001 Rows_sent: 1  Rows_examined: 300002
SET timestamp=1686947759;
SELECT user_id, user_name, office_id, user_icon_id FROM user ORDER BY RAND() LIMIT 1;
# Time: 2023-06-16T20:36:02.047302Z
# User@Host: mysql[mysql] @  [172.18.0.4]  Id:    10
# Query_time: 2.303292  Lock_time: 0.000002 Rows_sent: 1  Rows_examined: 300002
SET timestamp=1686947759;
SELECT user_id, user_name, office_id, user_icon_id FROM user ORDER BY RAND() LIMIT 1;
# Time: 2023-06-16T20:36:02.102197Z
# User@Host: mysql[mysql] @  [172.18.0.4]  Id:    21
# Query_time: 2.254172  Lock_time: 0.000002 Rows_sent: 1  Rows_examined: 300002
SET timestamp=1686947759;
SELECT user_id, user_name, office_id, user_icon_id FROM user ORDER BY RAND() LIMIT 1;
# Time: 2023-06-16T20:36:02.154198Z
# User@Host: mysql[mysql] @  [172.18.0.4]  Id:    22
# Query_time: 2.306424  Lock_time: 0.000001 Rows_sent: 1  Rows_examined: 300002
SET timestamp=1686947759;
SELECT user_id, user_name, office_id, user_icon_id FROM user ORDER BY RAND() LIMIT 1;
# Time: 2023-06-16T20:36:02.272286Z
# User@Host: mysql[mysql] @  [172.18.0.4]  Id:    23
# Query_time: 2.280101  Lock_time: 0.000002 Rows_sent: 1  Rows_examined: 300002
SET timestamp=1686947759;
SELECT user_id, user_name, office_id, user_icon_id FROM user ORDER BY RAND() LIMIT 1;
# Time: 2023-06-16T20:36:02.368589Z
# User@Host: mysql[mysql] @  [172.18.0.4]  Id:    19
# Query_time: 2.396641  Lock_time: 0.000001 Rows_sent: 1  Rows_examined: 300002
SET timestamp=1686947759;
SELECT user_id, user_name, office_id, user_icon_id FROM user ORDER BY RAND() LIMIT 1;
# Time: 2023-06-16T20:36:04.098180Z
# User@Host: mysql[mysql] @  [172.18.0.4]  Id:    20
# Query_time: 2.252439  Lock_time: 0.000002 Rows_sent: 1  Rows_examined: 300002
SET timestamp=1686947761;
SELECT user_id, user_name, office_id, user_icon_id FROM user ORDER BY RAND() LIMIT 1;
# Time: 2023-06-16T20:36:04.110178Z
# User@Host: mysql[mysql] @  [172.18.0.4]  Id:    17
# Query_time: 2.224957  Lock_time: 0.000003 Rows_sent: 1  Rows_examined: 300002
SET timestamp=1686947761;
SELECT user_id, user_name, office_id, user_icon_id FROM user ORDER BY RAND() LIMIT 1;
# Time: 2023-06-16T20:36:04.161914Z
# User@Host: mysql[mysql] @  [172.18.0.4]  Id:    18
# Query_time: 2.210203  Lock_time: 0.000001 Rows_sent: 1  Rows_examined: 300002
SET timestamp=1686947761;
SELECT user_id, user_name, office_id, user_icon_id FROM user ORDER BY RAND() LIMIT 1;
# Time: 2023-06-16T20:36:04.230879Z
# User@Host: mysql[mysql] @  [172.18.0.4]  Id:    24
# Query_time: 2.229601  Lock_time: 0.000002 Rows_sent: 1  Rows_examined: 300002
SET timestamp=1686947762;
SELECT user_id, user_name, office_id, user_icon_id FROM user ORDER BY RAND() LIMIT 1;
# Time: 2023-06-16T20:36:04.284851Z
# User@Host: mysql[mysql] @  [172.18.0.4]  Id:    25
# Query_time: 2.264979  Lock_time: 0.000001 Rows_sent: 1  Rows_examined: 300002
SET timestamp=1686947762;
SELECT user_id, user_name, office_id, user_icon_id FROM user ORDER BY RAND() LIMIT 1;
# Time: 2023-06-16T20:36:04.304990Z
# User@Host: mysql[mysql] @  [172.18.0.4]  Id:    10
# Query_time: 2.250755  Lock_time: 0.000003 Rows_sent: 1  Rows_examined: 300002
SET timestamp=1686947762;
SELECT user_id, user_name, office_id, user_icon_id FROM user ORDER BY RAND() LIMIT 1;
# Time: 2023-06-16T20:36:04.355388Z
# User@Host: mysql[mysql] @  [172.18.0.4]  Id:    21
# Query_time: 2.248482  Lock_time: 0.000001 Rows_sent: 1  Rows_examined: 300002
SET timestamp=1686947762;
SELECT user_id, user_name, office_id, user_icon_id FROM user ORDER BY RAND() LIMIT 1;
# Time: 2023-06-16T20:36:04.390745Z
# User@Host: mysql[mysql] @  [172.18.0.4]  Id:    22
# Query_time: 2.230587  Lock_time: 0.000001 Rows_sent: 1  Rows_examined: 300002
SET timestamp=1686947762;
SELECT user_id, user_name, office_id, user_icon_id FROM user ORDER BY RAND() LIMIT 1;
# Time: 2023-06-16T20:36:04.510185Z
# User@Host: mysql[mysql] @  [172.18.0.4]  Id:    23
# Query_time: 2.233772  Lock_time: 0.000001 Rows_sent: 1  Rows_examined: 300002
SET timestamp=1686947762;
SELECT user_id, user_name, office_id, user_icon_id FROM user ORDER BY RAND() LIMIT 1;
# Time: 2023-06-16T20:36:04.534179Z
# User@Host: mysql[mysql] @  [172.18.0.4]  Id:    19
# Query_time: 2.165438  Lock_time: 0.000004 Rows_sent: 1  Rows_examined: 300002
SET timestamp=1686947762;
SELECT user_id, user_name, office_id, user_icon_id FROM user ORDER BY RAND() LIMIT 1;
# Time: 2023-06-16T20:36:06.266186Z
# User@Host: mysql[mysql] @  [172.18.0.4]  Id:    17
# Query_time: 2.155622  Lock_time: 0.000002 Rows_sent: 1  Rows_examined: 300002
SET timestamp=1686947764;
SELECT user_id, user_name, office_id, user_icon_id FROM user ORDER BY RAND() LIMIT 1;
# Time: 2023-06-16T20:36:06.365169Z
# User@Host: mysql[mysql] @  [172.18.0.4]  Id:    20
# Query_time: 2.260518  Lock_time: 0.000001 Rows_sent: 1  Rows_examined: 300002
SET timestamp=1686947764;
SELECT user_id, user_name, office_id, user_icon_id FROM user ORDER BY RAND() LIMIT 1;
# Time: 2023-06-16T20:36:06.433088Z
# User@Host: mysql[mysql] @  [172.18.0.4]  Id:    18
# Query_time: 2.266901  Lock_time: 0.000001 Rows_sent: 1  Rows_examined: 300002
SET timestamp=1686947764;
SELECT user_id, user_name, office_id, user_icon_id FROM user ORDER BY RAND() LIMIT 1;
# Time: 2023-06-16T20:36:06.448478Z
# User@Host: mysql[mysql] @  [172.18.0.4]  Id:    24
# Query_time: 2.212822  Lock_time: 0.000001 Rows_sent: 1  Rows_examined: 300002
SET timestamp=1686947764;
SELECT user_id, user_name, office_id, user_icon_id FROM user ORDER BY RAND() LIMIT 1;
# Time: 2023-06-16T20:36:06.538199Z
# User@Host: mysql[mysql] @  [172.18.0.4]  Id:    10
# Query_time: 2.226255  Lock_time: 0.000001 Rows_sent: 1  Rows_examined: 300002
SET timestamp=1686947764;
SELECT user_id, user_name, office_id, user_icon_id FROM user ORDER BY RAND() LIMIT 1;
# Time: 2023-06-16T20:36:06.591192Z
# User@Host: mysql[mysql] @  [172.18.0.4]  Id:    25
# Query_time: 2.296999  Lock_time: 0.000002 Rows_sent: 1  Rows_examined: 300002
SET timestamp=1686947764;
SELECT user_id, user_name, office_id, user_icon_id FROM user ORDER BY RAND() LIMIT 1;
# Time: 2023-06-16T20:36:06.597017Z
# User@Host: mysql[mysql] @  [172.18.0.4]  Id:    21
# Query_time: 2.240090  Lock_time: 0.000002 Rows_sent: 1  Rows_examined: 300002
SET timestamp=1686947764;
SELECT user_id, user_name, office_id, user_icon_id FROM user ORDER BY RAND() LIMIT 1;
# Time: 2023-06-16T20:36:06.635131Z
# User@Host: mysql[mysql] @  [172.18.0.4]  Id:    23
# Query_time: 2.124221  Lock_time: 0.000001 Rows_sent: 1  Rows_examined: 300002
SET timestamp=1686947764;
SELECT user_id, user_name, office_id, user_icon_id FROM user ORDER BY RAND() LIMIT 1;
# Time: 2023-06-16T20:36:06.706195Z
# User@Host: mysql[mysql] @  [172.18.0.4]  Id:    22
# Query_time: 2.302672  Lock_time: 0.000001 Rows_sent: 1  Rows_examined: 300002
SET timestamp=1686947764;
SELECT user_id, user_name, office_id, user_icon_id FROM user ORDER BY RAND() LIMIT 1;
# Time: 2023-06-16T20:36:06.754379Z
# User@Host: mysql[mysql] @  [172.18.0.4]  Id:    19
# Query_time: 2.215902  Lock_time: 0.000001 Rows_sent: 1  Rows_examined: 300002
SET timestamp=1686947764;
SELECT user_id, user_name, office_id, user_icon_id FROM user ORDER BY RAND() LIMIT 1;
# Time: 2023-06-16T20:36:08.492425Z
# User@Host: mysql[mysql] @  [172.18.0.4]  Id:    17
# Query_time: 2.209701  Lock_time: 0.000001 Rows_sent: 1  Rows_examined: 300002
SET timestamp=1686947766;
SELECT user_id, user_name, office_id, user_icon_id FROM user ORDER BY RAND() LIMIT 1;
# Time: 2023-06-16T20:36:08.589289Z
# User@Host: mysql[mysql] @  [172.18.0.4]  Id:    18
# Query_time: 2.152879  Lock_time: 0.000001 Rows_sent: 1  Rows_examined: 300002
SET timestamp=1686947766;
SELECT user_id, user_name, office_id, user_icon_id FROM user ORDER BY RAND() LIMIT 1;
# Time: 2023-06-16T20:36:08.609353Z
# User@Host: mysql[mysql] @  [172.18.0.4]  Id:    20
# Query_time: 2.241797  Lock_time: 0.000001 Rows_sent: 1  Rows_examined: 300002
SET timestamp=1686947766;
SELECT user_id, user_name, office_id, user_icon_id FROM user ORDER BY RAND() LIMIT 1;
# Time: 2023-06-16T20:36:08.648850Z
# User@Host: mysql[mysql] @  [172.18.0.4]  Id:    10
# Query_time: 2.102309  Lock_time: 0.000003 Rows_sent: 1  Rows_examined: 300002
SET timestamp=1686947766;
SELECT user_id, user_name, office_id, user_icon_id FROM user ORDER BY RAND() LIMIT 1;
# Time: 2023-06-16T20:36:08.734200Z
# User@Host: mysql[mysql] @  [172.18.0.4]  Id:    24
# Query_time: 2.267389  Lock_time: 0.000002 Rows_sent: 1  Rows_examined: 300002
SET timestamp=1686947766;
SELECT user_id, user_name, office_id, user_icon_id FROM user ORDER BY RAND() LIMIT 1;
# Time: 2023-06-16T20:36:08.763097Z
# User@Host: mysql[mysql] @  [172.18.0.4]  Id:    21
# Query_time: 2.160911  Lock_time: 0.000001 Rows_sent: 1  Rows_examined: 300002
SET timestamp=1686947766;
SELECT user_id, user_name, office_id, user_icon_id FROM user ORDER BY RAND() LIMIT 1;
# Time: 2023-06-16T20:36:08.790201Z
# User@Host: mysql[mysql] @  [172.18.0.4]  Id:    25
# Query_time: 2.196017  Lock_time: 0.000001 Rows_sent: 1  Rows_examined: 300002
SET timestamp=1686947766;
SELECT user_id, user_name, office_id, user_icon_id FROM user ORDER BY RAND() LIMIT 1;
# Time: 2023-06-16T20:36:08.841190Z
# User@Host: mysql[mysql] @  [172.18.0.4]  Id:    23
# Query_time: 2.187007  Lock_time: 0.000001 Rows_sent: 1  Rows_examined: 300002
SET timestamp=1686947766;
SELECT user_id, user_name, office_id, user_icon_id FROM user ORDER BY RAND() LIMIT 1;
# Time: 2023-06-16T20:36:08.911064Z
# User@Host: mysql[mysql] @  [172.18.0.4]  Id:    22
# Query_time: 2.196989  Lock_time: 0.000001 Rows_sent: 1  Rows_examined: 300002
SET timestamp=1686947766;
SELECT user_id, user_name, office_id, user_icon_id FROM user ORDER BY RAND() LIMIT 1;
# Time: 2023-06-16T20:36:08.999818Z
# User@Host: mysql[mysql] @  [172.18.0.4]  Id:    19
# Query_time: 2.228735  Lock_time: 0.000001 Rows_sent: 1  Rows_examined: 300002
SET timestamp=1686947766;
SELECT user_id, user_name, office_id, user_icon_id FROM user ORDER BY RAND() LIMIT 1;
# Time: 2023-06-16T20:36:10.860080Z
# User@Host: mysql[mysql] @  [172.18.0.4]  Id:    18
# Query_time: 2.253104  Lock_time: 0.000002 Rows_sent: 1  Rows_examined: 300002
SET timestamp=1686947768;
SELECT user_id, user_name, office_id, user_icon_id FROM user ORDER BY RAND() LIMIT 1;
# Time: 2023-06-16T20:36:10.878566Z
# User@Host: mysql[mysql] @  [172.18.0.4]  Id:    17
# Query_time: 2.385307  Lock_time: 0.000001 Rows_sent: 1  Rows_examined: 300002
SET timestamp=1686947768;
SELECT user_id, user_name, office_id, user_icon_id FROM user ORDER BY RAND() LIMIT 1;
# Time: 2023-06-16T20:36:10.926955Z
# User@Host: mysql[mysql] @  [172.18.0.4]  Id:    20
# Query_time: 2.316865  Lock_time: 0.000001 Rows_sent: 1  Rows_examined: 300002
SET timestamp=1686947768;
SELECT user_id, user_name, office_id, user_icon_id FROM user ORDER BY RAND() LIMIT 1;
# Time: 2023-06-16T20:36:10.943267Z
# User@Host: mysql[mysql] @  [172.18.0.4]  Id:    10
# Query_time: 2.276046  Lock_time: 0.000004 Rows_sent: 1  Rows_examined: 300002
SET timestamp=1686947768;
SELECT user_id, user_name, office_id, user_icon_id FROM user ORDER BY RAND() LIMIT 1;
# Time: 2023-06-16T20:36:10.976525Z
# User@Host: mysql[mysql] @  [172.18.0.4]  Id:    21
# Query_time: 2.212366  Lock_time: 0.000002 Rows_sent: 1  Rows_examined: 300002
SET timestamp=1686947768;
SELECT user_id, user_name, office_id, user_icon_id FROM user ORDER BY RAND() LIMIT 1;
# Time: 2023-06-16T20:36:11.069510Z
# User@Host: mysql[mysql] @  [172.18.0.4]  Id:    25
# Query_time: 2.158189  Lock_time: 0.000002 Rows_sent: 1  Rows_examined: 300002
SET timestamp=1686947768;
SELECT user_id, user_name, office_id, user_icon_id FROM user ORDER BY RAND() LIMIT 1;
# Time: 2023-06-16T20:36:11.109808Z
# User@Host: mysql[mysql] @  [172.18.0.4]  Id:    24
# Query_time: 2.366203  Lock_time: 0.000002 Rows_sent: 1  Rows_examined: 300002
SET timestamp=1686947768;
SELECT user_id, user_name, office_id, user_icon_id FROM user ORDER BY RAND() LIMIT 1;
# Time: 2023-06-16T20:36:11.231167Z
# User@Host: mysql[mysql] @  [172.18.0.4]  Id:    19
# Query_time: 2.217303  Lock_time: 0.000001 Rows_sent: 1  Rows_examined: 300002
SET timestamp=1686947769;
SELECT user_id, user_name, office_id, user_icon_id FROM user ORDER BY RAND() LIMIT 1;
# Time: 2023-06-16T20:36:11.239761Z
# User@Host: mysql[mysql] @  [172.18.0.4]  Id:    23
# Query_time: 2.332702  Lock_time: 0.000001 Rows_sent: 1  Rows_examined: 300002
SET timestamp=1686947768;
SELECT user_id, user_name, office_id, user_icon_id FROM user ORDER BY RAND() LIMIT 1;
# Time: 2023-06-16T20:36:11.298718Z
# User@Host: mysql[mysql] @  [172.18.0.4]  Id:    22
# Query_time: 2.366166  Lock_time: 0.000001 Rows_sent: 1  Rows_examined: 300002
SET timestamp=1686947768;
SELECT user_id, user_name, office_id, user_icon_id FROM user ORDER BY RAND() LIMIT 1;
# Time: 2023-06-16T20:36:13.010189Z
# User@Host: mysql[mysql] @  [172.18.0.4]  Id:    18
# Query_time: 2.108656  Lock_time: 0.000001 Rows_sent: 1  Rows_examined: 300002
SET timestamp=1686947770;
SELECT user_id, user_name, office_id, user_icon_id FROM user ORDER BY RAND() LIMIT 1;
# Time: 2023-06-16T20:36:13.094184Z
# User@Host: mysql[mysql] @  [172.18.0.4]  Id:    17
# Query_time: 2.207772  Lock_time: 0.000001 Rows_sent: 1  Rows_examined: 300002
SET timestamp=1686947770;
SELECT user_id, user_name, office_id, user_icon_id FROM user ORDER BY RAND() LIMIT 1;
# Time: 2023-06-16T20:36:13.107617Z
# User@Host: mysql[mysql] @  [172.18.0.4]  Id:    21
# Query_time: 2.130400  Lock_time: 0.000001 Rows_sent: 1  Rows_examined: 300002
SET timestamp=1686947770;
SELECT user_id, user_name, office_id, user_icon_id FROM user ORDER BY RAND() LIMIT 1;
# Time: 2023-06-16T20:36:13.145741Z
# User@Host: mysql[mysql] @  [172.18.0.4]  Id:    20
# Query_time: 2.199643  Lock_time: 0.000003 Rows_sent: 1  Rows_examined: 300002
SET timestamp=1686947770;
SELECT user_id, user_name, office_id, user_icon_id FROM user ORDER BY RAND() LIMIT 1;
# Time: 2023-06-16T20:36:13.153484Z
# User@Host: mysql[mysql] @  [172.18.0.4]  Id:    10
# Query_time: 2.175093  Lock_time: 0.000002 Rows_sent: 1  Rows_examined: 300002
SET timestamp=1686947770;
SELECT user_id, user_name, office_id, user_icon_id FROM user ORDER BY RAND() LIMIT 1;
# Time: 2023-06-16T20:36:13.230184Z
# User@Host: mysql[mysql] @  [172.18.0.4]  Id:    25
# Query_time: 2.158385  Lock_time: 0.000001 Rows_sent: 1  Rows_examined: 300002
SET timestamp=1686947771;
SELECT user_id, user_name, office_id, user_icon_id FROM user ORDER BY RAND() LIMIT 1;
# Time: 2023-06-16T20:36:13.288088Z
# User@Host: mysql[mysql] @  [172.18.0.4]  Id:    24
# Query_time: 2.163208  Lock_time: 0.000001 Rows_sent: 1  Rows_examined: 300002
SET timestamp=1686947771;
SELECT user_id, user_name, office_id, user_icon_id FROM user ORDER BY RAND() LIMIT 1;
# Time: 2023-06-16T20:36:13.404731Z
# User@Host: mysql[mysql] @  [172.18.0.4]  Id:    23
# Query_time: 2.156472  Lock_time: 0.000001 Rows_sent: 1  Rows_examined: 300002
SET timestamp=1686947771;
SELECT user_id, user_name, office_id, user_icon_id FROM user ORDER BY RAND() LIMIT 1;
# Time: 2023-06-16T20:36:13.418679Z
# User@Host: mysql[mysql] @  [172.18.0.4]  Id:    19
# Query_time: 2.180229  Lock_time: 0.000001 Rows_sent: 1  Rows_examined: 300002
SET timestamp=1686947771;
SELECT user_id, user_name, office_id, user_icon_id FROM user ORDER BY RAND() LIMIT 1;
# Time: 2023-06-16T20:36:13.460110Z
# User@Host: mysql[mysql] @  [172.18.0.4]  Id:    22
# Query_time: 2.157918  Lock_time: 0.000002 Rows_sent: 1  Rows_examined: 300002
SET timestamp=1686947771;
SELECT user_id, user_name, office_id, user_icon_id FROM user ORDER BY RAND() LIMIT 1;
# Time: 2023-06-16T20:36:15.217582Z
# User@Host: mysql[mysql] @  [172.18.0.4]  Id:    18
# Query_time: 2.202032  Lock_time: 0.000002 Rows_sent: 1  Rows_examined: 300002
SET timestamp=1686947773;
SELECT user_id, user_name, office_id, user_icon_id FROM user ORDER BY RAND() LIMIT 1;
# Time: 2023-06-16T20:36:15.250186Z
# User@Host: mysql[mysql] @  [172.18.0.4]  Id:    17
# Query_time: 2.154053  Lock_time: 0.000001 Rows_sent: 1  Rows_examined: 300002
SET timestamp=1686947773;
SELECT user_id, user_name, office_id, user_icon_id FROM user ORDER BY RAND() LIMIT 1;
# Time: 2023-06-16T20:36:15.274192Z
# User@Host: mysql[mysql] @  [172.18.0.4]  Id:    21
# Query_time: 2.154647  Lock_time: 0.000002 Rows_sent: 1  Rows_examined: 300002
SET timestamp=1686947773;
SELECT user_id, user_name, office_id, user_icon_id FROM user ORDER BY RAND() LIMIT 1;
# Time: 2023-06-16T20:36:15.313263Z
# User@Host: mysql[mysql] @  [172.18.0.4]  Id:    10
# Query_time: 2.142641  Lock_time: 0.000002 Rows_sent: 1  Rows_examined: 300002
SET timestamp=1686947773;
SELECT user_id, user_name, office_id, user_icon_id FROM user ORDER BY RAND() LIMIT 1;
# Time: 2023-06-16T20:36:15.336581Z
# User@Host: mysql[mysql] @  [172.18.0.4]  Id:    20
# Query_time: 2.174393  Lock_time: 0.000001 Rows_sent: 1  Rows_examined: 300002
SET timestamp=1686947773;
SELECT user_id, user_name, office_id, user_icon_id FROM user ORDER BY RAND() LIMIT 1;
# Time: 2023-06-16T20:36:15.390894Z
# User@Host: mysql[mysql] @  [172.18.0.4]  Id:    25
# Query_time: 2.160541  Lock_time: 0.000003 Rows_sent: 1  Rows_examined: 300002
SET timestamp=1686947773;
SELECT user_id, user_name, office_id, user_icon_id FROM user ORDER BY RAND() LIMIT 1;
# Time: 2023-06-16T20:36:15.496749Z
# User@Host: mysql[mysql] @  [172.18.0.4]  Id:    24
# Query_time: 2.174347  Lock_time: 0.000001 Rows_sent: 1  Rows_examined: 300002
SET timestamp=1686947773;
SELECT user_id, user_name, office_id, user_icon_id FROM user ORDER BY RAND() LIMIT 1;
# Time: 2023-06-16T20:36:15.560908Z
# User@Host: mysql[mysql] @  [172.18.0.4]  Id:    23
# Query_time: 2.153778  Lock_time: 0.000002 Rows_sent: 1  Rows_examined: 300002
SET timestamp=1686947773;
SELECT user_id, user_name, office_id, user_icon_id FROM user ORDER BY RAND() LIMIT 1;
# Time: 2023-06-16T20:36:15.710243Z
# User@Host: mysql[mysql] @  [172.18.0.4]  Id:    19
# Query_time: 2.285350  Lock_time: 0.000002 Rows_sent: 1  Rows_examined: 300002
SET timestamp=1686947773;
SELECT user_id, user_name, office_id, user_icon_id FROM user ORDER BY RAND() LIMIT 1;
# Time: 2023-06-16T20:36:15.729349Z
# User@Host: mysql[mysql] @  [172.18.0.4]  Id:    22
# Query_time: 2.251450  Lock_time: 0.000002 Rows_sent: 1  Rows_examined: 300002
SET timestamp=1686947773;
SELECT user_id, user_name, office_id, user_icon_id FROM user ORDER BY RAND() LIMIT 1;
# Time: 2023-06-16T20:36:17.478346Z
# User@Host: mysql[mysql] @  [172.18.0.4]  Id:    18
# Query_time: 2.260589  Lock_time: 0.000004 Rows_sent: 1  Rows_examined: 300002
SET timestamp=1686947775;
SELECT user_id, user_name, office_id, user_icon_id FROM user ORDER BY RAND() LIMIT 1;
# Time: 2023-06-16T20:36:17.490187Z
# User@Host: mysql[mysql] @  [172.18.0.4]  Id:    17
# Query_time: 2.235980  Lock_time: 0.000002 Rows_sent: 1  Rows_examined: 300002
SET timestamp=1686947775;
SELECT user_id, user_name, office_id, user_icon_id FROM user ORDER BY RAND() LIMIT 1;
# Time: 2023-06-16T20:36:17.731935Z
# User@Host: mysql[mysql] @  [172.18.0.4]  Id:    20
# Query_time: 2.244910  Lock_time: 0.000000 Rows_sent: 1  Rows_examined: 300002
SET timestamp=1686947775;
SELECT user_id, user_name, office_id, user_icon_id FROM user ORDER BY RAND() LIMIT 1;
# Time: 2023-06-16T20:36:17.778283Z
# User@Host: mysql[mysql] @  [172.18.0.4]  Id:    21
# Query_time: 2.295510  Lock_time: 0.000001 Rows_sent: 1  Rows_examined: 300002
SET timestamp=1686947775;
SELECT user_id, user_name, office_id, user_icon_id FROM user ORDER BY RAND() LIMIT 1;
# Time: 2023-06-16T20:36:17.778957Z
# User@Host: mysql[mysql] @  [172.18.0.4]  Id:    24
# Query_time: 2.247740  Lock_time: 0.000001 Rows_sent: 1  Rows_examined: 300002
SET timestamp=1686947775;
SELECT user_id, user_name, office_id, user_icon_id FROM user ORDER BY RAND() LIMIT 1;
# Time: 2023-06-16T20:36:17.786057Z
# User@Host: mysql[mysql] @  [172.18.0.4]  Id:    25
# Query_time: 2.254793  Lock_time: 0.000001 Rows_sent: 1  Rows_examined: 300002
SET timestamp=1686947775;
SELECT user_id, user_name, office_id, user_icon_id FROM user ORDER BY RAND() LIMIT 1;
# Time: 2023-06-16T20:36:17.795303Z
# User@Host: mysql[mysql] @  [172.18.0.4]  Id:    10
# Query_time: 2.267031  Lock_time: 0.000001 Rows_sent: 1  Rows_examined: 300002
SET timestamp=1686947775;
SELECT user_id, user_name, office_id, user_icon_id FROM user ORDER BY RAND() LIMIT 1;
# Time: 2023-06-16T20:36:17.833474Z
# User@Host: mysql[mysql] @  [172.18.0.4]  Id:    23
# Query_time: 2.191423  Lock_time: 0.000001 Rows_sent: 1  Rows_examined: 300002
SET timestamp=1686947775;
SELECT user_id, user_name, office_id, user_icon_id FROM user ORDER BY RAND() LIMIT 1;
# Time: 2023-06-16T20:36:17.987044Z
# User@Host: mysql[mysql] @  [172.18.0.4]  Id:    22
# Query_time: 2.253962  Lock_time: 0.000002 Rows_sent: 1  Rows_examined: 300002
SET timestamp=1686947775;
SELECT user_id, user_name, office_id, user_icon_id FROM user ORDER BY RAND() LIMIT 1;
# Time: 2023-06-16T20:36:18.086198Z
# User@Host: mysql[mysql] @  [172.18.0.4]  Id:    19
# Query_time: 2.177502  Lock_time: 0.000002 Rows_sent: 1  Rows_examined: 300002
SET timestamp=1686947775;
SELECT user_id, user_name, office_id, user_icon_id FROM user ORDER BY RAND() LIMIT 1;
# Time: 2023-06-16T20:36:19.821380Z
# User@Host: mysql[mysql] @  [172.18.0.4]  Id:    17
# Query_time: 2.300211  Lock_time: 0.000001 Rows_sent: 1  Rows_examined: 300002
SET timestamp=1686947777;
SELECT user_id, user_name, office_id, user_icon_id FROM user ORDER BY RAND() LIMIT 1;
# Time: 2023-06-16T20:36:20.058966Z
# User@Host: mysql[mysql] @  [172.18.0.4]  Id:    20
# Query_time: 2.196355  Lock_time: 0.000001 Rows_sent: 1  Rows_examined: 300002
SET timestamp=1686947777;
SELECT user_id, user_name, office_id, user_icon_id FROM user ORDER BY RAND() LIMIT 1;
# Time: 2023-06-16T20:36:20.180043Z
# User@Host: mysql[mysql] @  [172.18.0.4]  Id:    18
# Query_time: 2.213966  Lock_time: 0.000001 Rows_sent: 1  Rows_examined: 300002
SET timestamp=1686947777;
SELECT user_id, user_name, office_id, user_icon_id FROM user ORDER BY RAND() LIMIT 1;
# Time: 2023-06-16T20:36:20.198481Z
# User@Host: mysql[mysql] @  [172.18.0.4]  Id:    25
# Query_time: 2.228511  Lock_time: 0.000001 Rows_sent: 1  Rows_examined: 300002
SET timestamp=1686947777;
SELECT user_id, user_name, office_id, user_icon_id FROM user ORDER BY RAND() LIMIT 1;
# Time: 2023-06-16T20:36:20.234461Z
# User@Host: mysql[mysql] @  [172.18.0.4]  Id:    22
# Query_time: 2.213913  Lock_time: 0.000002 Rows_sent: 1  Rows_examined: 300002
SET timestamp=1686947778;
SELECT user_id, user_name, office_id, user_icon_id FROM user ORDER BY RAND() LIMIT 1;
# Time: 2023-06-16T20:36:20.243320Z
# User@Host: mysql[mysql] @  [172.18.0.4]  Id:    21
# Query_time: 2.244859  Lock_time: 0.000001 Rows_sent: 1  Rows_examined: 300002
SET timestamp=1686947777;
SELECT user_id, user_name, office_id, user_icon_id FROM user ORDER BY RAND() LIMIT 1;
# Time: 2023-06-16T20:36:20.250765Z
# User@Host: mysql[mysql] @  [172.18.0.4]  Id:    24
# Query_time: 2.273888  Lock_time: 0.000001 Rows_sent: 1  Rows_examined: 300002
SET timestamp=1686947777;
SELECT user_id, user_name, office_id, user_icon_id FROM user ORDER BY RAND() LIMIT 1;
# Time: 2023-06-16T20:36:20.274481Z
# User@Host: mysql[mysql] @  [172.18.0.4]  Id:    23
# Query_time: 2.279420  Lock_time: 0.000002 Rows_sent: 1  Rows_examined: 300002
SET timestamp=1686947777;
SELECT user_id, user_name, office_id, user_icon_id FROM user ORDER BY RAND() LIMIT 1;
# Time: 2023-06-16T20:36:20.315507Z
# User@Host: mysql[mysql] @  [172.18.0.4]  Id:    10
# Query_time: 2.313320  Lock_time: 0.000001 Rows_sent: 1  Rows_examined: 300002
SET timestamp=1686947778;
SELECT user_id, user_name, office_id, user_icon_id FROM user ORDER BY RAND() LIMIT 1;
# Time: 2023-06-16T20:36:20.346183Z
# User@Host: mysql[mysql] @  [172.18.0.4]  Id:    19
# Query_time: 2.251534  Lock_time: 0.000001 Rows_sent: 1  Rows_examined: 300002
SET timestamp=1686947778;
SELECT user_id, user_name, office_id, user_icon_id FROM user ORDER BY RAND() LIMIT 1;
# Time: 2023-06-16T20:36:22.079722Z
# User@Host: mysql[mysql] @  [172.18.0.4]  Id:    17
# Query_time: 2.215904  Lock_time: 0.000001 Rows_sent: 1  Rows_examined: 300002
SET timestamp=1686947779;
SELECT user_id, user_name, office_id, user_icon_id FROM user ORDER BY RAND() LIMIT 1;
# Time: 2023-06-16T20:36:22.360603Z
# User@Host: mysql[mysql] @  [172.18.0.4]  Id:    20
# Query_time: 2.252013  Lock_time: 0.000001 Rows_sent: 1  Rows_examined: 300002
SET timestamp=1686947780;
SELECT user_id, user_name, office_id, user_icon_id FROM user ORDER BY RAND() LIMIT 1;
# Time: 2023-06-16T20:36:22.442130Z
# User@Host: mysql[mysql] @  [172.18.0.4]  Id:    22
# Query_time: 2.198227  Lock_time: 0.000000 Rows_sent: 1  Rows_examined: 300002
SET timestamp=1686947780;
SELECT user_id, user_name, office_id, user_icon_id FROM user ORDER BY RAND() LIMIT 1;
# Time: 2023-06-16T20:36:22.470209Z
# User@Host: mysql[mysql] @  [172.18.0.4]  Id:    25
# Query_time: 2.264050  Lock_time: 0.000001 Rows_sent: 1  Rows_examined: 300002
SET timestamp=1686947780;
SELECT user_id, user_name, office_id, user_icon_id FROM user ORDER BY RAND() LIMIT 1;
# Time: 2023-06-16T20:36:22.471326Z
# User@Host: mysql[mysql] @  [172.18.0.4]  Id:    24
# Query_time: 2.211116  Lock_time: 0.000001 Rows_sent: 1  Rows_examined: 300002
SET timestamp=1686947780;
SELECT user_id, user_name, office_id, user_icon_id FROM user ORDER BY RAND() LIMIT 1;
# Time: 2023-06-16T20:36:22.478418Z
# User@Host: mysql[mysql] @  [172.18.0.4]  Id:    21
# Query_time: 2.210104  Lock_time: 0.000001 Rows_sent: 1  Rows_examined: 300002
SET timestamp=1686947780;
SELECT user_id, user_name, office_id, user_icon_id FROM user ORDER BY RAND() LIMIT 1;
# Time: 2023-06-16T20:36:22.473244Z
# User@Host: mysql[mysql] @  [172.18.0.4]  Id:    23
# Query_time: 2.172041  Lock_time: 0.000001 Rows_sent: 1  Rows_examined: 300002
SET timestamp=1686947780;
SELECT user_id, user_name, office_id, user_icon_id FROM user ORDER BY RAND() LIMIT 1;
# Time: 2023-06-16T20:36:22.498189Z
# User@Host: mysql[mysql] @  [172.18.0.4]  Id:    18
# Query_time: 2.254328  Lock_time: 0.000001 Rows_sent: 1  Rows_examined: 300002
SET timestamp=1686947780;
SELECT user_id, user_name, office_id, user_icon_id FROM user ORDER BY RAND() LIMIT 1;
# Time: 2023-06-16T20:36:22.519096Z
# User@Host: mysql[mysql] @  [172.18.0.4]  Id:    19
# Query_time: 2.170896  Lock_time: 0.000001 Rows_sent: 1  Rows_examined: 300002
SET timestamp=1686947780;
SELECT user_id, user_name, office_id, user_icon_id FROM user ORDER BY RAND() LIMIT 1;
# Time: 2023-06-16T20:36:22.553197Z
# User@Host: mysql[mysql] @  [172.18.0.4]  Id:    10
# Query_time: 2.227005  Lock_time: 0.000002 Rows_sent: 1  Rows_examined: 300002
SET timestamp=1686947780;
SELECT user_id, user_name, office_id, user_icon_id FROM user ORDER BY RAND() LIMIT 1;
